[2.052s] [34mcolcon[0m [30mDEBUG[0m [32mCommand line arguments: ['C:\\Users\\raben\\AppData\\Roaming\\MathWorks\\MATLAB\\R2021a\\ros2\\win64\\venv\\Scripts\\colcon', 'build', '--merge-install', '--cmake-args', '-G', 'Ninja', '--cmake-args', '-DCMAKE_BUILD_TYPE=Release', '-DBUILD_TESTING=OFF', '-DCMAKE_CXX_COMPILER=cl.exe', '-DCMAKE_C_COMPILER=cl.exe', '-DCMAKE_LINKER=link.exe', '-DMSVC_TOOLSET_VERSION=141', '-DCMAKE_CXX_FLAGS_RELEASE=/MD /Od /Ob2 /DNDEBUG'][0m
[2.052s] [34mcolcon[0m [30mDEBUG[0m [32mParsed command line arguments: Namespace(ament_cmake_args=None, base_paths='.', build_base='build', catkin_cmake_args=None, catkin_skip_building_tests=False, cmake_args=['-DCMAKE_BUILD_TYPE=Release', '-DBUILD_TESTING=OFF', '-DCMAKE_CXX_COMPILER=cl.exe', '-DCMAKE_C_COMPILER=cl.exe', '-DCMAKE_LINKER=link.exe', '-DMSVC_TOOLSET_VERSION=141', '-DCMAKE_CXX_FLAGS_RELEASE=/MD /Od /Ob2 /DNDEBUG'], cmake_clean_cache=False, cmake_clean_first=False, cmake_force_configure=False, cmake_target=None, cmake_target_skip_unavailable=False, continue_on_error=False, event_handlers=None, executor='parallel', ignore_user_meta=False, install_base='install', log_base='log', log_level=None, main=<bound method BuildVerb.main of <colcon_core.verb.build.BuildVerb object at 0x00000201AFF7ACC0>>, merge_install=True, metas='./colcon.meta', packages_above=None, packages_above_depth=None, packages_end=None, packages_ignore=None, packages_ignore_regex=None, packages_select=None, packages_select_build_failed=False, packages_select_by_dep=None, packages_select_regex=None, packages_select_test_failures=False, packages_skip=None, packages_skip_build_finished=False, packages_skip_by_dep=None, packages_skip_regex=None, packages_skip_test_passed=False, packages_skip_up_to=None, packages_start=None, packages_up_to=None, parallel_workers=8, paths=None, symlink_install=False, test_result_base=None, verb_extension=<colcon_core.verb.build.BuildVerb object at 0x00000201AFF7ACC0>, verb_name='build', verb_parser=<colcon_defaults.argument_parser.defaults.DefaultArgumentsDecorator object at 0x00000201AFF83048>)[0m
[2.284s] [34mcolcon.colcon_core.package_discovery[0m [30mLevel 1[0m discover_packages(colcon_meta) check parameters
[2.284s] [34mcolcon.colcon_core.package_discovery[0m [30mLevel 1[0m discover_packages(recursive) check parameters
[2.284s] [34mcolcon.colcon_core.package_discovery[0m [30mLevel 1[0m discover_packages(ignore) check parameters
[2.284s] [34mcolcon.colcon_core.package_discovery[0m [30mLevel 1[0m discover_packages(path) check parameters
[2.284s] [34mcolcon.colcon_core.package_discovery[0m [30mLevel 1[0m discover_packages(recursive) discover
[2.284s] [34mcolcon.colcon_core.package_discovery[0m [30mINFO[0m Crawling recursively for packages in 'C:\Obsidian vault\picar_ros2_ws\src\matlab_msg_gen\win64'
[2.284s] [34mcolcon.colcon_core.package_identification[0m [30mLevel 1[0m _identify(C:\Obsidian vault\picar_ros2_ws\src\matlab_msg_gen\win64) by extensions ['ignore', 'ignore_ament_install']
[2.284s] [34mcolcon.colcon_core.package_identification[0m [30mLevel 1[0m _identify(C:\Obsidian vault\picar_ros2_ws\src\matlab_msg_gen\win64) by extension 'ignore'
[2.284s] [34mcolcon.colcon_core.package_identification[0m [30mLevel 1[0m _identify(C:\Obsidian vault\picar_ros2_ws\src\matlab_msg_gen\win64) by extension 'ignore_ament_install'
[2.284s] [34mcolcon.colcon_core.package_identification[0m [30mLevel 1[0m _identify(C:\Obsidian vault\picar_ros2_ws\src\matlab_msg_gen\win64) by extensions ['colcon_pkg']
[2.284s] [34mcolcon.colcon_core.package_identification[0m [30mLevel 1[0m _identify(C:\Obsidian vault\picar_ros2_ws\src\matlab_msg_gen\win64) by extension 'colcon_pkg'
[2.284s] [34mcolcon.colcon_core.package_identification[0m [30mLevel 1[0m _identify(C:\Obsidian vault\picar_ros2_ws\src\matlab_msg_gen\win64) by extensions ['colcon_meta']
[2.284s] [34mcolcon.colcon_core.package_identification[0m [30mLevel 1[0m _identify(C:\Obsidian vault\picar_ros2_ws\src\matlab_msg_gen\win64) by extension 'colcon_meta'
[2.284s] [34mcolcon.colcon_core.package_identification[0m [30mLevel 1[0m _identify(C:\Obsidian vault\picar_ros2_ws\src\matlab_msg_gen\win64) by extensions ['ros']
[2.284s] [34mcolcon.colcon_core.package_identification[0m [30mLevel 1[0m _identify(C:\Obsidian vault\picar_ros2_ws\src\matlab_msg_gen\win64) by extension 'ros'
[2.379s] [34mcolcon.colcon_core.package_identification[0m [30mLevel 1[0m _identify(C:\Obsidian vault\picar_ros2_ws\src\matlab_msg_gen\win64) by extensions ['cmake', 'python']
[2.379s] [34mcolcon.colcon_core.package_identification[0m [30mLevel 1[0m _identify(C:\Obsidian vault\picar_ros2_ws\src\matlab_msg_gen\win64) by extension 'cmake'
[2.379s] [34mcolcon.colcon_core.package_identification[0m [30mLevel 1[0m _identify(C:\Obsidian vault\picar_ros2_ws\src\matlab_msg_gen\win64) by extension 'python'
[2.379s] [34mcolcon.colcon_core.package_identification[0m [30mLevel 1[0m _identify(C:\Obsidian vault\picar_ros2_ws\src\matlab_msg_gen\win64) by extensions ['python_setup_py']
[2.379s] [34mcolcon.colcon_core.package_identification[0m [30mLevel 1[0m _identify(C:\Obsidian vault\picar_ros2_ws\src\matlab_msg_gen\win64) by extension 'python_setup_py'
[2.379s] [34mcolcon.colcon_core.package_identification[0m [30mLevel 1[0m _identify(C:\Obsidian vault\picar_ros2_ws\src\matlab_msg_gen\win64\build) by extensions ['ignore', 'ignore_ament_install']
[2.379s] [34mcolcon.colcon_core.package_identification[0m [30mLevel 1[0m _identify(C:\Obsidian vault\picar_ros2_ws\src\matlab_msg_gen\win64\build) by extension 'ignore'
[2.379s] [34mcolcon.colcon_core.package_identification[0m [30mLevel 1[0m _identify(C:\Obsidian vault\picar_ros2_ws\src\matlab_msg_gen\win64\build) ignored
[2.379s] [34mcolcon.colcon_core.package_identification[0m [30mLevel 1[0m _identify(C:\Obsidian vault\picar_ros2_ws\src\matlab_msg_gen\win64\install) by extensions ['ignore', 'ignore_ament_install']
[2.379s] [34mcolcon.colcon_core.package_identification[0m [30mLevel 1[0m _identify(C:\Obsidian vault\picar_ros2_ws\src\matlab_msg_gen\win64\install) by extension 'ignore'
[2.379s] [34mcolcon.colcon_core.package_identification[0m [30mLevel 1[0m _identify(C:\Obsidian vault\picar_ros2_ws\src\matlab_msg_gen\win64\install) ignored
[2.379s] [34mcolcon.colcon_core.package_identification[0m [30mLevel 1[0m _identify(C:\Obsidian vault\picar_ros2_ws\src\matlab_msg_gen\win64\log) by extensions ['ignore', 'ignore_ament_install']
[2.379s] [34mcolcon.colcon_core.package_identification[0m [30mLevel 1[0m _identify(C:\Obsidian vault\picar_ros2_ws\src\matlab_msg_gen\win64\log) by extension 'ignore'
[2.379s] [34mcolcon.colcon_core.package_identification[0m [30mLevel 1[0m _identify(C:\Obsidian vault\picar_ros2_ws\src\matlab_msg_gen\win64\log) ignored
[2.379s] [34mcolcon.colcon_core.package_identification[0m [30mLevel 1[0m _identify(C:\Obsidian vault\picar_ros2_ws\src\matlab_msg_gen\win64\src) by extensions ['ignore', 'ignore_ament_install']
[2.379s] [34mcolcon.colcon_core.package_identification[0m [30mLevel 1[0m _identify(C:\Obsidian vault\picar_ros2_ws\src\matlab_msg_gen\win64\src) by extension 'ignore'
[2.379s] [34mcolcon.colcon_core.package_identification[0m [30mLevel 1[0m _identify(C:\Obsidian vault\picar_ros2_ws\src\matlab_msg_gen\win64\src) by extension 'ignore_ament_install'
[2.379s] [34mcolcon.colcon_core.package_identification[0m [30mLevel 1[0m _identify(C:\Obsidian vault\picar_ros2_ws\src\matlab_msg_gen\win64\src) by extensions ['colcon_pkg']
[2.379s] [34mcolcon.colcon_core.package_identification[0m [30mLevel 1[0m _identify(C:\Obsidian vault\picar_ros2_ws\src\matlab_msg_gen\win64\src) by extension 'colcon_pkg'
[2.379s] [34mcolcon.colcon_core.package_identification[0m [30mLevel 1[0m _identify(C:\Obsidian vault\picar_ros2_ws\src\matlab_msg_gen\win64\src) by extensions ['colcon_meta']
[2.379s] [34mcolcon.colcon_core.package_identification[0m [30mLevel 1[0m _identify(C:\Obsidian vault\picar_ros2_ws\src\matlab_msg_gen\win64\src) by extension 'colcon_meta'
[2.379s] [34mcolcon.colcon_core.package_identification[0m [30mLevel 1[0m _identify(C:\Obsidian vault\picar_ros2_ws\src\matlab_msg_gen\win64\src) by extensions ['ros']
[2.379s] [34mcolcon.colcon_core.package_identification[0m [30mLevel 1[0m _identify(C:\Obsidian vault\picar_ros2_ws\src\matlab_msg_gen\win64\src) by extension 'ros'
[2.379s] [34mcolcon.colcon_core.package_identification[0m [30mLevel 1[0m _identify(C:\Obsidian vault\picar_ros2_ws\src\matlab_msg_gen\win64\src) by extensions ['cmake', 'python']
[2.379s] [34mcolcon.colcon_core.package_identification[0m [30mLevel 1[0m _identify(C:\Obsidian vault\picar_ros2_ws\src\matlab_msg_gen\win64\src) by extension 'cmake'
[2.379s] [34mcolcon.colcon_core.package_identification[0m [30mLevel 1[0m _identify(C:\Obsidian vault\picar_ros2_ws\src\matlab_msg_gen\win64\src) by extension 'python'
[2.379s] [34mcolcon.colcon_core.package_identification[0m [30mLevel 1[0m _identify(C:\Obsidian vault\picar_ros2_ws\src\matlab_msg_gen\win64\src) by extensions ['python_setup_py']
[2.379s] [34mcolcon.colcon_core.package_identification[0m [30mLevel 1[0m _identify(C:\Obsidian vault\picar_ros2_ws\src\matlab_msg_gen\win64\src) by extension 'python_setup_py'
[2.379s] [34mcolcon.colcon_core.package_identification[0m [30mLevel 1[0m _identify(C:\Obsidian vault\picar_ros2_ws\src\matlab_msg_gen\win64\src\tutorial_interfaces) by extensions ['ignore', 'ignore_ament_install']
[2.379s] [34mcolcon.colcon_core.package_identification[0m [30mLevel 1[0m _identify(C:\Obsidian vault\picar_ros2_ws\src\matlab_msg_gen\win64\src\tutorial_interfaces) by extension 'ignore'
[2.379s] [34mcolcon.colcon_core.package_identification[0m [30mLevel 1[0m _identify(C:\Obsidian vault\picar_ros2_ws\src\matlab_msg_gen\win64\src\tutorial_interfaces) by extension 'ignore_ament_install'
[2.379s] [34mcolcon.colcon_core.package_identification[0m [30mLevel 1[0m _identify(C:\Obsidian vault\picar_ros2_ws\src\matlab_msg_gen\win64\src\tutorial_interfaces) by extensions ['colcon_pkg']
[2.379s] [34mcolcon.colcon_core.package_identification[0m [30mLevel 1[0m _identify(C:\Obsidian vault\picar_ros2_ws\src\matlab_msg_gen\win64\src\tutorial_interfaces) by extension 'colcon_pkg'
[2.379s] [34mcolcon.colcon_core.package_identification[0m [30mLevel 1[0m _identify(C:\Obsidian vault\picar_ros2_ws\src\matlab_msg_gen\win64\src\tutorial_interfaces) by extensions ['colcon_meta']
[2.379s] [34mcolcon.colcon_core.package_identification[0m [30mLevel 1[0m _identify(C:\Obsidian vault\picar_ros2_ws\src\matlab_msg_gen\win64\src\tutorial_interfaces) by extension 'colcon_meta'
[2.379s] [34mcolcon.colcon_core.package_identification[0m [30mLevel 1[0m _identify(C:\Obsidian vault\picar_ros2_ws\src\matlab_msg_gen\win64\src\tutorial_interfaces) by extensions ['ros']
[2.379s] [34mcolcon.colcon_core.package_identification[0m [30mLevel 1[0m _identify(C:\Obsidian vault\picar_ros2_ws\src\matlab_msg_gen\win64\src\tutorial_interfaces) by extension 'ros'
[2.426s] [34mcolcon.colcon_core.package_identification[0m [30mDEBUG[0m [32mPackage 'C:\Obsidian vault\picar_ros2_ws\src\matlab_msg_gen\win64\src\tutorial_interfaces' with type 'ros.ament_cmake' and name 'tutorial_interfaces'[0m
[2.426s] [34mcolcon.colcon_core.package_discovery[0m [30mLevel 1[0m discover_packages(recursive) using defaults
[2.473s] [34mcolcon.colcon_core.verb[0m [30mLevel 5[0m set package 'tutorial_interfaces' build argument 'cmake_args' from command line to '['-DCMAKE_BUILD_TYPE=Release', '-DBUILD_TESTING=OFF', '-DCMAKE_CXX_COMPILER=cl.exe', '-DCMAKE_C_COMPILER=cl.exe', '-DCMAKE_LINKER=link.exe', '-DMSVC_TOOLSET_VERSION=141', '-DCMAKE_CXX_FLAGS_RELEASE=/MD /Od /Ob2 /DNDEBUG']'
[2.473s] [34mcolcon.colcon_core.verb[0m [30mLevel 5[0m set package 'tutorial_interfaces' build argument 'cmake_target' from command line to 'None'
[2.473s] [34mcolcon.colcon_core.verb[0m [30mLevel 5[0m set package 'tutorial_interfaces' build argument 'cmake_target_skip_unavailable' from command line to 'False'
[2.473s] [34mcolcon.colcon_core.verb[0m [30mLevel 5[0m set package 'tutorial_interfaces' build argument 'cmake_clean_cache' from command line to 'False'
[2.473s] [34mcolcon.colcon_core.verb[0m [30mLevel 5[0m set package 'tutorial_interfaces' build argument 'cmake_clean_first' from command line to 'False'
[2.473s] [34mcolcon.colcon_core.verb[0m [30mLevel 5[0m set package 'tutorial_interfaces' build argument 'cmake_force_configure' from command line to 'False'
[2.473s] [34mcolcon.colcon_core.verb[0m [30mLevel 5[0m set package 'tutorial_interfaces' build argument 'ament_cmake_args' from command line to 'None'
[2.473s] [34mcolcon.colcon_core.verb[0m [30mLevel 5[0m set package 'tutorial_interfaces' build argument 'catkin_cmake_args' from command line to 'None'
[2.473s] [34mcolcon.colcon_core.verb[0m [30mLevel 5[0m set package 'tutorial_interfaces' build argument 'catkin_skip_building_tests' from command line to 'False'
[2.473s] [34mcolcon.colcon_core.verb[0m [30mDEBUG[0m [32mBuilding package 'tutorial_interfaces' with the following arguments: {'ament_cmake_args': None, 'build_base': 'C:\\Obsidian vault\\picar_ros2_ws\\src\\matlab_msg_gen\\win64\\build\\tutorial_interfaces', 'catkin_cmake_args': None, 'catkin_skip_building_tests': False, 'cmake_args': ['-DCMAKE_BUILD_TYPE=Release', '-DBUILD_TESTING=OFF', '-DCMAKE_CXX_COMPILER=cl.exe', '-DCMAKE_C_COMPILER=cl.exe', '-DCMAKE_LINKER=link.exe', '-DMSVC_TOOLSET_VERSION=141', '-DCMAKE_CXX_FLAGS_RELEASE=/MD /Od /Ob2 /DNDEBUG'], 'cmake_clean_cache': False, 'cmake_clean_first': False, 'cmake_force_configure': False, 'cmake_target': None, 'cmake_target_skip_unavailable': False, 'install_base': 'C:\\Obsidian vault\\picar_ros2_ws\\src\\matlab_msg_gen\\win64\\install', 'merge_install': True, 'path': 'C:\\Obsidian vault\\picar_ros2_ws\\src\\matlab_msg_gen\\win64\\src\\tutorial_interfaces', 'symlink_install': False, 'test_result_base': None}[0m
[2.520s] [34mcolcon.colcon_core.executor[0m [30mINFO[0m Executing jobs using 'parallel' executor
[2.520s] [34mcolcon.colcon_parallel_executor.executor.parallel[0m [30mDEBUG[0m [32mrun_until_complete[0m
[2.520s] [34mcolcon.colcon_ros.task.ament_cmake.build[0m [30mINFO[0m Building ROS package in 'C:\Obsidian vault\picar_ros2_ws\src\matlab_msg_gen\win64\src\tutorial_interfaces' with build type 'ament_cmake'
[2.536s] [34mcolcon.colcon_core.plugin_system[0m [30mINFO[0m Skipping extension 'colcon_core.shell.sh': Not used on Windows systems
[2.536s] [34mcolcon.colcon_cmake.task.cmake.build[0m [30mINFO[0m Building CMake package in 'C:\Obsidian vault\picar_ros2_ws\src\matlab_msg_gen\win64\src\tutorial_interfaces'
[2.538s] [34mcolcon.colcon_core.shell[0m [30mINFO[0m Skip shell extension 'powershell' for command environment: Not usable outside of PowerShell
[2.724s] [34mcolcon.colcon_core.event_handler.log_command[0m [30mDEBUG[0m [32mInvoking command in 'C:\Obsidian vault\picar_ros2_ws\src\matlab_msg_gen\win64\build\tutorial_interfaces': CommonProgramFiles=%CommonProgramFiles%
CommonProgramFiles(x86)=C:\Program Files (x86)\Common Files ProgramFiles=%ProgramFiles%
ProgramFiles(x86)=C:\Program Files (x86) C:\Program Files\CMake\bin\cmake.EXE C:\Obsidian vault\picar_ros2_ws\src\matlab_msg_gen\win64\src\tutorial_interfaces -DCMAKE_BUILD_TYPE=Release -DBUILD_TESTING=OFF -DCMAKE_CXX_COMPILER=cl.exe -DCMAKE_C_COMPILER=cl.exe -DCMAKE_LINKER=link.exe -DMSVC_TOOLSET_VERSION=141 -DCMAKE_CXX_FLAGS_RELEASE=/MD /Od /Ob2 /DNDEBUG -DCMAKE_INSTALL_PREFIX=C:\Obsidian vault\picar_ros2_ws\src\matlab_msg_gen\win64\install -G Visual Studio 16 2019[0m
[34.121s] [34mcolcon.colcon_core.event_handler.log_command[0m [30mDEBUG[0m [32mInvoked command in 'C:\Obsidian vault\picar_ros2_ws\src\matlab_msg_gen\win64\build\tutorial_interfaces' returned '0': CommonProgramFiles=%CommonProgramFiles%
CommonProgramFiles(x86)=C:\Program Files (x86)\Common Files ProgramFiles=%ProgramFiles%
ProgramFiles(x86)=C:\Program Files (x86) C:\Program Files\CMake\bin\cmake.EXE C:\Obsidian vault\picar_ros2_ws\src\matlab_msg_gen\win64\src\tutorial_interfaces -DCMAKE_BUILD_TYPE=Release -DBUILD_TESTING=OFF -DCMAKE_CXX_COMPILER=cl.exe -DCMAKE_C_COMPILER=cl.exe -DCMAKE_LINKER=link.exe -DMSVC_TOOLSET_VERSION=141 -DCMAKE_CXX_FLAGS_RELEASE=/MD /Od /Ob2 /DNDEBUG -DCMAKE_INSTALL_PREFIX=C:\Obsidian vault\picar_ros2_ws\src\matlab_msg_gen\win64\install -G Visual Studio 16 2019[0m
[34.142s] [34mcolcon.colcon_core.event_handler.log_command[0m [30mDEBUG[0m [32mInvoking command in 'C:\Obsidian vault\picar_ros2_ws\src\matlab_msg_gen\win64\build\tutorial_interfaces': CL=/MP CommonProgramFiles=%CommonProgramFiles%
CommonProgramFiles(x86)=C:\Program Files (x86)\Common Files ProgramFiles=%ProgramFiles%
ProgramFiles(x86)=C:\Program Files (x86) C:\Program Files\CMake\bin\cmake.EXE --build C:\Obsidian vault\picar_ros2_ws\src\matlab_msg_gen\win64\build\tutorial_interfaces --config Release[0m
[87.282s] [34mcolcon.colcon_core.event_handler.log_command[0m [30mDEBUG[0m [32mInvoked command in 'C:\Obsidian vault\picar_ros2_ws\src\matlab_msg_gen\win64\build\tutorial_interfaces' returned '0': CL=/MP CommonProgramFiles=%CommonProgramFiles%
CommonProgramFiles(x86)=C:\Program Files (x86)\Common Files ProgramFiles=%ProgramFiles%
ProgramFiles(x86)=C:\Program Files (x86) C:\Program Files\CMake\bin\cmake.EXE --build C:\Obsidian vault\picar_ros2_ws\src\matlab_msg_gen\win64\build\tutorial_interfaces --config Release[0m
[87.282s] [34mcolcon.colcon_core.event_handler.log_command[0m [30mDEBUG[0m [32mInvoking command in 'None': CommonProgramFiles=%CommonProgramFiles%
CommonProgramFiles(x86)=C:\Program Files (x86)\Common Files ProgramFiles=%ProgramFiles%
ProgramFiles(x86)=C:\Program Files (x86) C:\Program Files (x86)\Microsoft Visual Studio\2019\Community\\MSBuild\Current\Bin\msbuild.EXE /p:Configuration=Release C:\Obsidian vault\picar_ros2_ws\src\matlab_msg_gen\win64\build\tutorial_interfaces\INSTALL.vcxproj[0m
[93.611s] [34mcolcon.colcon_core.environment[0m [30mLevel 1[0m create_environment_scripts_only(tutorial_interfaces)
[93.627s] [34mcolcon.colcon_core.event_handler.log_command[0m [30mDEBUG[0m [32mInvoked command in 'None' returned '0': CommonProgramFiles=%CommonProgramFiles%
CommonProgramFiles(x86)=C:\Program Files (x86)\Common Files ProgramFiles=%ProgramFiles%
ProgramFiles(x86)=C:\Program Files (x86) C:\Program Files (x86)\Microsoft Visual Studio\2019\Community\\MSBuild\Current\Bin\msbuild.EXE /p:Configuration=Release C:\Obsidian vault\picar_ros2_ws\src\matlab_msg_gen\win64\build\tutorial_interfaces\INSTALL.vcxproj[0m
[93.698s] [34mcolcon.colcon_core.environment[0m [30mLevel 1[0m checking 'C:\Obsidian vault\picar_ros2_ws\src\matlab_msg_gen\win64\install' for CMake module files
[93.708s] [34mcolcon.colcon_core.environment[0m [30mLevel 1[0m checking 'C:\Obsidian vault\picar_ros2_ws\src\matlab_msg_gen\win64\install' for CMake config files
[93.722s] [34mcolcon.colcon_core.shell[0m [30mLevel 1[0m create_environment_hook('tutorial_interfaces', 'cmake_prefix_path')
[93.753s] [34mcolcon.colcon_core.shell[0m [30mINFO[0m Creating environment hook 'C:\Obsidian vault\picar_ros2_ws\src\matlab_msg_gen\win64\install\share\tutorial_interfaces\hook\cmake_prefix_path.ps1'
[93.759s] [34mcolcon.colcon_core.shell[0m [30mINFO[0m Creating environment hook 'C:\Obsidian vault\picar_ros2_ws\src\matlab_msg_gen\win64\install\share\tutorial_interfaces\hook\cmake_prefix_path.bat'
[93.759s] [34mcolcon.colcon_core.environment[0m [30mLevel 1[0m checking 'C:\Obsidian vault\picar_ros2_ws\src\matlab_msg_gen\win64\install\bin'
[93.769s] [34mcolcon.colcon_core.shell[0m [30mLevel 1[0m create_environment_hook('tutorial_interfaces', 'path_dll')
[93.771s] [34mcolcon.colcon_core.shell[0m [30mINFO[0m Creating environment hook 'C:\Obsidian vault\picar_ros2_ws\src\matlab_msg_gen\win64\install\share\tutorial_interfaces\hook\path_dll.ps1'
[93.785s] [34mcolcon.colcon_core.shell[0m [30mINFO[0m Creating environment hook 'C:\Obsidian vault\picar_ros2_ws\src\matlab_msg_gen\win64\install\share\tutorial_interfaces\hook\path_dll.bat'
[93.785s] [34mcolcon.colcon_core.environment[0m [30mLevel 1[0m checking 'C:\Obsidian vault\picar_ros2_ws\src\matlab_msg_gen\win64\install\bin'
[93.785s] [34mcolcon.colcon_core.shell[0m [30mLevel 1[0m create_environment_hook('tutorial_interfaces', 'path')
[93.809s] [34mcolcon.colcon_core.shell[0m [30mINFO[0m Creating environment hook 'C:\Obsidian vault\picar_ros2_ws\src\matlab_msg_gen\win64\install\share\tutorial_interfaces\hook\path.ps1'
[93.818s] [34mcolcon.colcon_core.shell[0m [30mINFO[0m Creating environment hook 'C:\Obsidian vault\picar_ros2_ws\src\matlab_msg_gen\win64\install\share\tutorial_interfaces\hook\path.bat'
[93.819s] [34mcolcon.colcon_core.environment[0m [30mLevel 1[0m checking 'C:\Obsidian vault\picar_ros2_ws\src\matlab_msg_gen\win64\install\Scripts'
[93.819s] [34mcolcon.colcon_core.environment[0m [30mLevel 1[0m checking 'C:\Obsidian vault\picar_ros2_ws\src\matlab_msg_gen\win64\install\lib\pkgconfig\tutorial_interfaces.pc'
[93.819s] [34mcolcon.colcon_core.environment[0m [30mLevel 1[0m checking 'C:\Obsidian vault\picar_ros2_ws\src\matlab_msg_gen\win64\install\Lib\site-packages'
[93.819s] [34mcolcon.colcon_core.shell[0m [30mLevel 1[0m create_environment_hook('tutorial_interfaces', 'pythonpath')
[93.834s] [34mcolcon.colcon_core.shell[0m [30mINFO[0m Creating environment hook 'C:\Obsidian vault\picar_ros2_ws\src\matlab_msg_gen\win64\install\share\tutorial_interfaces\hook\pythonpath.ps1'
[93.849s] [34mcolcon.colcon_core.shell[0m [30mINFO[0m Creating environment hook 'C:\Obsidian vault\picar_ros2_ws\src\matlab_msg_gen\win64\install\share\tutorial_interfaces\hook\pythonpath.bat'
[93.864s] [34mcolcon.colcon_core.shell[0m [30mINFO[0m Creating package script 'C:\Obsidian vault\picar_ros2_ws\src\matlab_msg_gen\win64\install\share\tutorial_interfaces\package.ps1'
[93.880s] [34mcolcon.colcon_core.shell[0m [30mINFO[0m Creating package script 'C:\Obsidian vault\picar_ros2_ws\src\matlab_msg_gen\win64\install\share\tutorial_interfaces\package.bat'
[93.883s] [34mcolcon.colcon_core.environment[0m [30mLevel 1[0m create_file_with_runtime_dependencies(C:\Obsidian vault\picar_ros2_ws\src\matlab_msg_gen\win64\install\share\colcon-core\packages\tutorial_interfaces)
[93.883s] [34mcolcon.colcon_parallel_executor.executor.parallel[0m [30mDEBUG[0m [32mrun_until_complete finished with '0'[0m
[93.883s] [34mcolcon.colcon_core.event_reactor[0m [30mDEBUG[0m [32mjoining thread[0m
[93.929s] [34mcolcon.colcon_core.plugin_system[0m [30mINFO[0m Skipping extension 'colcon_notification.desktop_notification.notify2': 'notify2' not found
[93.929s] [34mcolcon.colcon_core.plugin_system[0m [30mINFO[0m Skipping extension 'colcon_notification.desktop_notification.notify_send': Not used on non-Linux systems
[93.929s] [34mcolcon.colcon_core.plugin_system[0m [30mINFO[0m Skipping extension 'colcon_notification.desktop_notification.terminal_notifier': Not used on non-Darwin systems
[93.929s] [34mcolcon.colcon_notification.desktop_notification[0m [30mINFO[0m Sending desktop notification using 'win32'
[99.251s] [34mcolcon.colcon_core.event_reactor[0m [30mDEBUG[0m [32mjoined thread[0m
[99.264s] [34mcolcon.colcon_core.shell[0m [30mINFO[0m Creating prefix script 'C:\Obsidian vault\picar_ros2_ws\src\matlab_msg_gen\win64\install\local_setup.ps1'
[99.275s] [34mcolcon.colcon_core.shell[0m [30mINFO[0m Creating prefix chain script 'C:\Obsidian vault\picar_ros2_ws\src\matlab_msg_gen\win64\install\setup.ps1'
[99.299s] [34mcolcon.colcon_core.shell[0m [30mINFO[0m Creating prefix script 'C:\Obsidian vault\picar_ros2_ws\src\matlab_msg_gen\win64\install\local_setup.bat'
[99.299s] [34mcolcon.colcon_core.shell[0m [30mINFO[0m Creating prefix chain script 'C:\Obsidian vault\picar_ros2_ws\src\matlab_msg_gen\win64\install\setup.bat'
