[1.413s] DEBUG:colcon:Command line arguments: ['/usr/bin/colcon', 'build']
[1.413s] DEBUG:colcon:Parsed command line arguments: Namespace(log_base=None, log_level=None, verb_name='build', build_base='build', install_base='install', merge_install=False, symlink_install=False, test_result_base=None, continue_on_error=False, executor='parallel', parallel_workers=4, event_handlers=None, ignore_user_meta=False, metas=['./colcon.meta'], base_paths=['.'], packages_ignore=None, packages_ignore_regex=None, paths=None, packages_up_to=None, packages_up_to_regex=None, packages_above=None, packages_above_and_dependencies=None, packages_above_depth=None, packages_select_by_dep=None, packages_skip_by_dep=None, packages_skip_up_to=None, packages_select_build_failed=False, packages_skip_build_finished=False, packages_select_test_failures=False, packages_skip_test_passed=False, packages_select=None, packages_skip=None, packages_select_regex=None, packages_skip_regex=None, packages_start=None, packages_end=None, allow_overriding=[], cmake_args=None, cmake_target=None, cmake_target_skip_unavailable=False, cmake_clean_cache=False, cmake_clean_first=False, cmake_force_configure=False, ament_cmake_args=None, catkin_cmake_args=None, catkin_skip_building_tests=False, verb_parser=<colcon_defaults.argument_parser.defaults.DefaultArgumentsDecorator object at 0xffff850aeb30>, verb_extension=<colcon_core.verb.build.BuildVerb object at 0xffff858ab2b0>, main=<bound method BuildVerb.main of <colcon_core.verb.build.BuildVerb object at 0xffff858ab2b0>>)
[1.545s] Level 1:colcon.colcon_core.package_discovery:discover_packages(colcon_meta) check parameters
[1.546s] Level 1:colcon.colcon_core.package_discovery:discover_packages(recursive) check parameters
[1.546s] Level 1:colcon.colcon_core.package_discovery:discover_packages(ignore) check parameters
[1.546s] Level 1:colcon.colcon_core.package_discovery:discover_packages(path) check parameters
[1.546s] Level 1:colcon.colcon_core.package_discovery:discover_packages(colcon_meta) discover
[1.546s] Level 1:colcon.colcon_core.package_discovery:discover_packages(recursive) discover
[1.546s] INFO:colcon.colcon_core.package_discovery:Crawling recursively for packages in '/home/willwu/Capstone-2023/picar_ros2_ws'
[1.547s] Level 1:colcon.colcon_core.package_identification:_identify(.) by extensions ['ignore', 'ignore_ament_install']
[1.547s] Level 1:colcon.colcon_core.package_identification:_identify(.) by extension 'ignore'
[1.548s] Level 1:colcon.colcon_core.package_identification:_identify(.) by extension 'ignore_ament_install'
[1.548s] Level 1:colcon.colcon_core.package_identification:_identify(.) by extensions ['colcon_pkg']
[1.548s] Level 1:colcon.colcon_core.package_identification:_identify(.) by extension 'colcon_pkg'
[1.548s] Level 1:colcon.colcon_core.package_identification:_identify(.) by extensions ['colcon_meta']
[1.548s] Level 1:colcon.colcon_core.package_identification:_identify(.) by extension 'colcon_meta'
[1.548s] Level 1:colcon.colcon_core.package_identification:_identify(.) by extensions ['ros']
[1.548s] Level 1:colcon.colcon_core.package_identification:_identify(.) by extension 'ros'
[1.595s] Level 1:colcon.colcon_core.package_identification:_identify(.) by extensions ['cmake', 'python']
[1.596s] Level 1:colcon.colcon_core.package_identification:_identify(.) by extension 'cmake'
[1.596s] Level 1:colcon.colcon_core.package_identification:_identify(.) by extension 'python'
[1.596s] Level 1:colcon.colcon_core.package_identification:_identify(.) by extensions ['python_setup_py']
[1.596s] Level 1:colcon.colcon_core.package_identification:_identify(.) by extension 'python_setup_py'
[1.597s] Level 1:colcon.colcon_core.package_identification:_identify(build) by extensions ['ignore', 'ignore_ament_install']
[1.597s] Level 1:colcon.colcon_core.package_identification:_identify(build) by extension 'ignore'
[1.597s] Level 1:colcon.colcon_core.package_identification:_identify(build) ignored
[1.598s] Level 1:colcon.colcon_core.package_identification:_identify(install) by extensions ['ignore', 'ignore_ament_install']
[1.598s] Level 1:colcon.colcon_core.package_identification:_identify(install) by extension 'ignore'
[1.598s] Level 1:colcon.colcon_core.package_identification:_identify(install) ignored
[1.599s] Level 1:colcon.colcon_core.package_identification:_identify(log) by extensions ['ignore', 'ignore_ament_install']
[1.599s] Level 1:colcon.colcon_core.package_identification:_identify(log) by extension 'ignore'
[1.599s] Level 1:colcon.colcon_core.package_identification:_identify(log) ignored
[1.599s] Level 1:colcon.colcon_core.package_identification:_identify(src) by extensions ['ignore', 'ignore_ament_install']
[1.600s] Level 1:colcon.colcon_core.package_identification:_identify(src) by extension 'ignore'
[1.600s] Level 1:colcon.colcon_core.package_identification:_identify(src) by extension 'ignore_ament_install'
[1.600s] Level 1:colcon.colcon_core.package_identification:_identify(src) by extensions ['colcon_pkg']
[1.600s] Level 1:colcon.colcon_core.package_identification:_identify(src) by extension 'colcon_pkg'
[1.600s] Level 1:colcon.colcon_core.package_identification:_identify(src) by extensions ['colcon_meta']
[1.601s] Level 1:colcon.colcon_core.package_identification:_identify(src) by extension 'colcon_meta'
[1.601s] Level 1:colcon.colcon_core.package_identification:_identify(src) by extensions ['ros']
[1.601s] Level 1:colcon.colcon_core.package_identification:_identify(src) by extension 'ros'
[1.601s] Level 1:colcon.colcon_core.package_identification:_identify(src) by extensions ['cmake', 'python']
[1.601s] Level 1:colcon.colcon_core.package_identification:_identify(src) by extension 'cmake'
[1.601s] Level 1:colcon.colcon_core.package_identification:_identify(src) by extension 'python'
[1.602s] Level 1:colcon.colcon_core.package_identification:_identify(src) by extensions ['python_setup_py']
[1.602s] Level 1:colcon.colcon_core.package_identification:_identify(src) by extension 'python_setup_py'
[1.602s] Level 1:colcon.colcon_core.package_identification:_identify(src/picar_sys) by extensions ['ignore', 'ignore_ament_install']
[1.602s] Level 1:colcon.colcon_core.package_identification:_identify(src/picar_sys) by extension 'ignore'
[1.603s] Level 1:colcon.colcon_core.package_identification:_identify(src/picar_sys) by extension 'ignore_ament_install'
[1.603s] Level 1:colcon.colcon_core.package_identification:_identify(src/picar_sys) by extensions ['colcon_pkg']
[1.603s] Level 1:colcon.colcon_core.package_identification:_identify(src/picar_sys) by extension 'colcon_pkg'
[1.603s] Level 1:colcon.colcon_core.package_identification:_identify(src/picar_sys) by extensions ['colcon_meta']
[1.603s] Level 1:colcon.colcon_core.package_identification:_identify(src/picar_sys) by extension 'colcon_meta'
[1.603s] Level 1:colcon.colcon_core.package_identification:_identify(src/picar_sys) by extensions ['ros']
[1.603s] Level 1:colcon.colcon_core.package_identification:_identify(src/picar_sys) by extension 'ros'
[1.612s] DEBUG:colcon.colcon_core.package_identification:Package 'src/picar_sys' with type 'ros.ament_python' and name 'picar_sys'
[1.612s] Level 1:colcon.colcon_core.package_discovery:discover_packages(recursive) using defaults
[1.612s] Level 1:colcon.colcon_core.package_discovery:discover_packages(ignore) discover
[1.612s] Level 1:colcon.colcon_core.package_discovery:discover_packages(ignore) using defaults
[1.613s] Level 1:colcon.colcon_core.package_discovery:discover_packages(path) discover
[1.613s] Level 1:colcon.colcon_core.package_discovery:discover_packages(path) using defaults
[1.705s] Level 1:colcon.colcon_core.package_discovery:discover_packages(prefix_path) check parameters
[1.705s] Level 1:colcon.colcon_core.package_discovery:discover_packages(prefix_path) discover
[1.717s] DEBUG:colcon.colcon_installed_package_information.package_discovery:Found 1 installed packages in /home/willwu/Capstone-2023/picar_ros2_ws/install
[1.727s] DEBUG:colcon.colcon_installed_package_information.package_discovery:Found 270 installed packages in /opt/ros/humble
[1.734s] Level 1:colcon.colcon_core.package_discovery:discover_packages(prefix_path) using defaults
[1.982s] Level 5:colcon.colcon_core.verb:set package 'picar_sys' build argument 'cmake_args' from command line to 'None'
[1.982s] Level 5:colcon.colcon_core.verb:set package 'picar_sys' build argument 'cmake_target' from command line to 'None'
[1.982s] Level 5:colcon.colcon_core.verb:set package 'picar_sys' build argument 'cmake_target_skip_unavailable' from command line to 'False'
[1.983s] Level 5:colcon.colcon_core.verb:set package 'picar_sys' build argument 'cmake_clean_cache' from command line to 'False'
[1.983s] Level 5:colcon.colcon_core.verb:set package 'picar_sys' build argument 'cmake_clean_first' from command line to 'False'
[1.983s] Level 5:colcon.colcon_core.verb:set package 'picar_sys' build argument 'cmake_force_configure' from command line to 'False'
[1.983s] Level 5:colcon.colcon_core.verb:set package 'picar_sys' build argument 'ament_cmake_args' from command line to 'None'
[1.983s] Level 5:colcon.colcon_core.verb:set package 'picar_sys' build argument 'catkin_cmake_args' from command line to 'None'
[1.983s] Level 5:colcon.colcon_core.verb:set package 'picar_sys' build argument 'catkin_skip_building_tests' from command line to 'False'
[1.983s] DEBUG:colcon.colcon_core.verb:Building package 'picar_sys' with the following arguments: {'ament_cmake_args': None, 'build_base': '/home/willwu/Capstone-2023/picar_ros2_ws/build/picar_sys', 'catkin_cmake_args': None, 'catkin_skip_building_tests': False, 'cmake_args': None, 'cmake_clean_cache': False, 'cmake_clean_first': False, 'cmake_force_configure': False, 'cmake_target': None, 'cmake_target_skip_unavailable': False, 'install_base': '/home/willwu/Capstone-2023/picar_ros2_ws/install/picar_sys', 'merge_install': False, 'path': '/home/willwu/Capstone-2023/picar_ros2_ws/src/picar_sys', 'symlink_install': False, 'test_result_base': None}
[1.986s] INFO:colcon.colcon_core.executor:Executing jobs using 'parallel' executor
[1.998s] DEBUG:colcon.colcon_parallel_executor.executor.parallel:run_until_complete
[1.999s] INFO:colcon.colcon_ros.task.ament_python.build:Building ROS package in '/home/willwu/Capstone-2023/picar_ros2_ws/src/picar_sys' with build type 'ament_python'
[2.000s] Level 1:colcon.colcon_core.shell:create_environment_hook('picar_sys', 'ament_prefix_path')
[2.018s] INFO:colcon.colcon_core.plugin_system:Skipping extension 'colcon_core.shell.bat': Not used on non-Windows systems
[2.019s] INFO:colcon.colcon_core.shell:Creating environment hook '/home/willwu/Capstone-2023/picar_ros2_ws/install/picar_sys/share/picar_sys/hook/ament_prefix_path.ps1'
[2.021s] INFO:colcon.colcon_core.shell:Creating environment descriptor '/home/willwu/Capstone-2023/picar_ros2_ws/install/picar_sys/share/picar_sys/hook/ament_prefix_path.dsv'
[2.023s] INFO:colcon.colcon_core.shell:Creating environment hook '/home/willwu/Capstone-2023/picar_ros2_ws/install/picar_sys/share/picar_sys/hook/ament_prefix_path.sh'
[2.030s] INFO:colcon.colcon_core.shell:Skip shell extension 'powershell' for command environment: Not usable outside of PowerShell
[2.031s] DEBUG:colcon.colcon_core.shell:Skip shell extension 'dsv' for command environment
[3.211s] INFO:colcon.colcon_core.task.python.build:Building Python package in '/home/willwu/Capstone-2023/picar_ros2_ws/src/picar_sys'
[3.216s] INFO:colcon.colcon_core.shell:Skip shell extension 'powershell' for command environment: Not usable outside of PowerShell
[3.217s] DEBUG:colcon.colcon_core.shell:Skip shell extension 'dsv' for command environment
[4.685s] DEBUG:colcon.colcon_core.event_handler.log_command:Invoking command in '/home/willwu/Capstone-2023/picar_ros2_ws/src/picar_sys': PYTHONPATH=/home/willwu/Capstone-2023/picar_ros2_ws/build/picar_sys/prefix_override:/home/willwu/Capstone-2023/picar_ros2_ws/install/picar_sys/lib/python3.10/site-packages:${PYTHONPATH} /usr/bin/python3 setup.py egg_info --egg-base ../../build/picar_sys build --build-base /home/willwu/Capstone-2023/picar_ros2_ws/build/picar_sys/build install --record /home/willwu/Capstone-2023/picar_ros2_ws/build/picar_sys/install.log --single-version-externally-managed
[6.011s] DEBUG:colcon.colcon_core.event_handler.log_command:Invoked command in '/home/willwu/Capstone-2023/picar_ros2_ws/src/picar_sys' returned '0': PYTHONPATH=/home/willwu/Capstone-2023/picar_ros2_ws/build/picar_sys/prefix_override:/home/willwu/Capstone-2023/picar_ros2_ws/install/picar_sys/lib/python3.10/site-packages:${PYTHONPATH} /usr/bin/python3 setup.py egg_info --egg-base ../../build/picar_sys build --build-base /home/willwu/Capstone-2023/picar_ros2_ws/build/picar_sys/build install --record /home/willwu/Capstone-2023/picar_ros2_ws/build/picar_sys/install.log --single-version-externally-managed
[6.029s] Level 1:colcon.colcon_core.environment:checking '/home/willwu/Capstone-2023/picar_ros2_ws/install/picar_sys' for CMake module files
[6.032s] Level 1:colcon.colcon_core.environment:checking '/home/willwu/Capstone-2023/picar_ros2_ws/install/picar_sys' for CMake config files
[6.036s] Level 1:colcon.colcon_core.environment:checking '/home/willwu/Capstone-2023/picar_ros2_ws/install/picar_sys/lib'
[6.037s] Level 1:colcon.colcon_core.environment:checking '/home/willwu/Capstone-2023/picar_ros2_ws/install/picar_sys/bin'
[6.037s] Level 1:colcon.colcon_core.environment:checking '/home/willwu/Capstone-2023/picar_ros2_ws/install/picar_sys/lib/pkgconfig/picar_sys.pc'
[6.038s] Level 1:colcon.colcon_core.environment:checking '/home/willwu/Capstone-2023/picar_ros2_ws/install/picar_sys/lib/python3.10/site-packages'
[6.038s] Level 1:colcon.colcon_core.shell:create_environment_hook('picar_sys', 'pythonpath')
[6.043s] INFO:colcon.colcon_core.shell:Creating environment hook '/home/willwu/Capstone-2023/picar_ros2_ws/install/picar_sys/share/picar_sys/hook/pythonpath.ps1'
[6.045s] INFO:colcon.colcon_core.shell:Creating environment descriptor '/home/willwu/Capstone-2023/picar_ros2_ws/install/picar_sys/share/picar_sys/hook/pythonpath.dsv'
[6.046s] INFO:colcon.colcon_core.shell:Creating environment hook '/home/willwu/Capstone-2023/picar_ros2_ws/install/picar_sys/share/picar_sys/hook/pythonpath.sh'
[6.049s] Level 1:colcon.colcon_core.environment:checking '/home/willwu/Capstone-2023/picar_ros2_ws/install/picar_sys/bin'
[6.049s] Level 1:colcon.colcon_core.environment:create_environment_scripts_only(picar_sys)
[6.054s] INFO:colcon.colcon_core.shell:Creating package script '/home/willwu/Capstone-2023/picar_ros2_ws/install/picar_sys/share/picar_sys/package.ps1'
[6.058s] INFO:colcon.colcon_core.shell:Creating package descriptor '/home/willwu/Capstone-2023/picar_ros2_ws/install/picar_sys/share/picar_sys/package.dsv'
[6.061s] INFO:colcon.colcon_core.shell:Creating package script '/home/willwu/Capstone-2023/picar_ros2_ws/install/picar_sys/share/picar_sys/package.sh'
[6.064s] INFO:colcon.colcon_core.shell:Creating package script '/home/willwu/Capstone-2023/picar_ros2_ws/install/picar_sys/share/picar_sys/package.bash'
[6.067s] INFO:colcon.colcon_core.shell:Creating package script '/home/willwu/Capstone-2023/picar_ros2_ws/install/picar_sys/share/picar_sys/package.zsh'
[6.070s] Level 1:colcon.colcon_core.environment:create_file_with_runtime_dependencies(/home/willwu/Capstone-2023/picar_ros2_ws/install/picar_sys/share/colcon-core/packages/picar_sys)
[6.071s] DEBUG:colcon.colcon_parallel_executor.executor.parallel:closing loop
[6.072s] DEBUG:colcon.colcon_parallel_executor.executor.parallel:loop closed
[6.072s] DEBUG:colcon.colcon_parallel_executor.executor.parallel:run_until_complete finished with '0'
[6.073s] DEBUG:colcon.colcon_core.event_reactor:joining thread
[6.096s] INFO:colcon.colcon_core.plugin_system:Skipping extension 'colcon_notification.desktop_notification.terminal_notifier': Not used on non-Darwin systems
[6.096s] INFO:colcon.colcon_core.plugin_system:Skipping extension 'colcon_notification.desktop_notification.win32': Not used on non-Windows systems
[6.097s] INFO:colcon.colcon_notification.desktop_notification:Sending desktop notification using 'notify2'
[6.144s] DEBUG:colcon.colcon_core.event_reactor:joined thread
[6.150s] INFO:colcon.colcon_core.shell:Creating prefix script '/home/willwu/Capstone-2023/picar_ros2_ws/install/local_setup.ps1'
[6.153s] INFO:colcon.colcon_core.shell:Creating prefix util module '/home/willwu/Capstone-2023/picar_ros2_ws/install/_local_setup_util_ps1.py'
[6.160s] INFO:colcon.colcon_core.shell:Creating prefix chain script '/home/willwu/Capstone-2023/picar_ros2_ws/install/setup.ps1'
[6.166s] INFO:colcon.colcon_core.shell:Creating prefix script '/home/willwu/Capstone-2023/picar_ros2_ws/install/local_setup.sh'
[6.168s] INFO:colcon.colcon_core.shell:Creating prefix util module '/home/willwu/Capstone-2023/picar_ros2_ws/install/_local_setup_util_sh.py'
[6.171s] INFO:colcon.colcon_core.shell:Creating prefix chain script '/home/willwu/Capstone-2023/picar_ros2_ws/install/setup.sh'
[6.177s] INFO:colcon.colcon_core.shell:Creating prefix script '/home/willwu/Capstone-2023/picar_ros2_ws/install/local_setup.bash'
[6.179s] INFO:colcon.colcon_core.shell:Creating prefix chain script '/home/willwu/Capstone-2023/picar_ros2_ws/install/setup.bash'
[6.185s] INFO:colcon.colcon_core.shell:Creating prefix script '/home/willwu/Capstone-2023/picar_ros2_ws/install/local_setup.zsh'
[6.187s] INFO:colcon.colcon_core.shell:Creating prefix chain script '/home/willwu/Capstone-2023/picar_ros2_ws/install/setup.zsh'
