[1.424s] DEBUG:colcon:Command line arguments: ['/usr/bin/colcon', 'build']
[1.424s] DEBUG:colcon:Parsed command line arguments: Namespace(log_base=None, log_level=None, verb_name='build', build_base='build', install_base='install', merge_install=False, symlink_install=False, test_result_base=None, continue_on_error=False, executor='parallel', parallel_workers=4, event_handlers=None, ignore_user_meta=False, metas=['./colcon.meta'], base_paths=['.'], packages_ignore=None, packages_ignore_regex=None, paths=None, packages_up_to=None, packages_up_to_regex=None, packages_above=None, packages_above_and_dependencies=None, packages_above_depth=None, packages_select_by_dep=None, packages_skip_by_dep=None, packages_skip_up_to=None, packages_select_build_failed=False, packages_skip_build_finished=False, packages_select_test_failures=False, packages_skip_test_passed=False, packages_select=None, packages_skip=None, packages_select_regex=None, packages_skip_regex=None, packages_start=None, packages_end=None, allow_overriding=[], cmake_args=None, cmake_target=None, cmake_target_skip_unavailable=False, cmake_clean_cache=False, cmake_clean_first=False, cmake_force_configure=False, ament_cmake_args=None, catkin_cmake_args=None, catkin_skip_building_tests=False, verb_parser=<colcon_defaults.argument_parser.defaults.DefaultArgumentsDecorator object at 0xffffb466af20>, verb_extension=<colcon_core.verb.build.BuildVerb object at 0xffffb4e691b0>, main=<bound method BuildVerb.main of <colcon_core.verb.build.BuildVerb object at 0xffffb4e691b0>>)
[1.557s] Level 1:colcon.colcon_core.package_discovery:discover_packages(colcon_meta) check parameters
[1.558s] Level 1:colcon.colcon_core.package_discovery:discover_packages(recursive) check parameters
[1.558s] Level 1:colcon.colcon_core.package_discovery:discover_packages(ignore) check parameters
[1.558s] Level 1:colcon.colcon_core.package_discovery:discover_packages(path) check parameters
[1.558s] Level 1:colcon.colcon_core.package_discovery:discover_packages(colcon_meta) discover
[1.558s] Level 1:colcon.colcon_core.package_discovery:discover_packages(recursive) discover
[1.558s] INFO:colcon.colcon_core.package_discovery:Crawling recursively for packages in '/home/willwu/Capstone-2023/picar_ros2_ws'
[1.559s] Level 1:colcon.colcon_core.package_identification:_identify(.) by extensions ['ignore', 'ignore_ament_install']
[1.559s] Level 1:colcon.colcon_core.package_identification:_identify(.) by extension 'ignore'
[1.559s] Level 1:colcon.colcon_core.package_identification:_identify(.) by extension 'ignore_ament_install'
[1.559s] Level 1:colcon.colcon_core.package_identification:_identify(.) by extensions ['colcon_pkg']
[1.559s] Level 1:colcon.colcon_core.package_identification:_identify(.) by extension 'colcon_pkg'
[1.560s] Level 1:colcon.colcon_core.package_identification:_identify(.) by extensions ['colcon_meta']
[1.560s] Level 1:colcon.colcon_core.package_identification:_identify(.) by extension 'colcon_meta'
[1.560s] Level 1:colcon.colcon_core.package_identification:_identify(.) by extensions ['ros']
[1.560s] Level 1:colcon.colcon_core.package_identification:_identify(.) by extension 'ros'
[1.607s] Level 1:colcon.colcon_core.package_identification:_identify(.) by extensions ['cmake', 'python']
[1.608s] Level 1:colcon.colcon_core.package_identification:_identify(.) by extension 'cmake'
[1.608s] Level 1:colcon.colcon_core.package_identification:_identify(.) by extension 'python'
[1.608s] Level 1:colcon.colcon_core.package_identification:_identify(.) by extensions ['python_setup_py']
[1.608s] Level 1:colcon.colcon_core.package_identification:_identify(.) by extension 'python_setup_py'
[1.608s] Level 1:colcon.colcon_core.package_identification:_identify(build) by extensions ['ignore', 'ignore_ament_install']
[1.609s] Level 1:colcon.colcon_core.package_identification:_identify(build) by extension 'ignore'
[1.609s] Level 1:colcon.colcon_core.package_identification:_identify(build) ignored
[1.610s] Level 1:colcon.colcon_core.package_identification:_identify(install) by extensions ['ignore', 'ignore_ament_install']
[1.610s] Level 1:colcon.colcon_core.package_identification:_identify(install) by extension 'ignore'
[1.610s] Level 1:colcon.colcon_core.package_identification:_identify(install) ignored
[1.611s] Level 1:colcon.colcon_core.package_identification:_identify(log) by extensions ['ignore', 'ignore_ament_install']
[1.611s] Level 1:colcon.colcon_core.package_identification:_identify(log) by extension 'ignore'
[1.611s] Level 1:colcon.colcon_core.package_identification:_identify(log) ignored
[1.612s] Level 1:colcon.colcon_core.package_identification:_identify(src) by extensions ['ignore', 'ignore_ament_install']
[1.612s] Level 1:colcon.colcon_core.package_identification:_identify(src) by extension 'ignore'
[1.612s] Level 1:colcon.colcon_core.package_identification:_identify(src) by extension 'ignore_ament_install'
[1.612s] Level 1:colcon.colcon_core.package_identification:_identify(src) by extensions ['colcon_pkg']
[1.612s] Level 1:colcon.colcon_core.package_identification:_identify(src) by extension 'colcon_pkg'
[1.612s] Level 1:colcon.colcon_core.package_identification:_identify(src) by extensions ['colcon_meta']
[1.613s] Level 1:colcon.colcon_core.package_identification:_identify(src) by extension 'colcon_meta'
[1.613s] Level 1:colcon.colcon_core.package_identification:_identify(src) by extensions ['ros']
[1.613s] Level 1:colcon.colcon_core.package_identification:_identify(src) by extension 'ros'
[1.613s] Level 1:colcon.colcon_core.package_identification:_identify(src) by extensions ['cmake', 'python']
[1.613s] Level 1:colcon.colcon_core.package_identification:_identify(src) by extension 'cmake'
[1.613s] Level 1:colcon.colcon_core.package_identification:_identify(src) by extension 'python'
[1.614s] Level 1:colcon.colcon_core.package_identification:_identify(src) by extensions ['python_setup_py']
[1.614s] Level 1:colcon.colcon_core.package_identification:_identify(src) by extension 'python_setup_py'
[1.614s] Level 1:colcon.colcon_core.package_identification:_identify(src/picar_sys) by extensions ['ignore', 'ignore_ament_install']
[1.614s] Level 1:colcon.colcon_core.package_identification:_identify(src/picar_sys) by extension 'ignore'
[1.615s] Level 1:colcon.colcon_core.package_identification:_identify(src/picar_sys) by extension 'ignore_ament_install'
[1.615s] Level 1:colcon.colcon_core.package_identification:_identify(src/picar_sys) by extensions ['colcon_pkg']
[1.615s] Level 1:colcon.colcon_core.package_identification:_identify(src/picar_sys) by extension 'colcon_pkg'
[1.615s] Level 1:colcon.colcon_core.package_identification:_identify(src/picar_sys) by extensions ['colcon_meta']
[1.615s] Level 1:colcon.colcon_core.package_identification:_identify(src/picar_sys) by extension 'colcon_meta'
[1.615s] Level 1:colcon.colcon_core.package_identification:_identify(src/picar_sys) by extensions ['ros']
[1.616s] Level 1:colcon.colcon_core.package_identification:_identify(src/picar_sys) by extension 'ros'
[1.624s] DEBUG:colcon.colcon_core.package_identification:Package 'src/picar_sys' with type 'ros.ament_python' and name 'picar_sys'
[1.624s] Level 1:colcon.colcon_core.package_discovery:discover_packages(recursive) using defaults
[1.625s] Level 1:colcon.colcon_core.package_discovery:discover_packages(ignore) discover
[1.625s] Level 1:colcon.colcon_core.package_discovery:discover_packages(ignore) using defaults
[1.625s] Level 1:colcon.colcon_core.package_discovery:discover_packages(path) discover
[1.625s] Level 1:colcon.colcon_core.package_discovery:discover_packages(path) using defaults
[1.718s] Level 1:colcon.colcon_core.package_discovery:discover_packages(prefix_path) check parameters
[1.718s] Level 1:colcon.colcon_core.package_discovery:discover_packages(prefix_path) discover
[1.730s] DEBUG:colcon.colcon_installed_package_information.package_discovery:Found 1 installed packages in /home/willwu/Capstone-2023/picar_ros2_ws/install
[1.740s] DEBUG:colcon.colcon_installed_package_information.package_discovery:Found 270 installed packages in /opt/ros/humble
[1.746s] Level 1:colcon.colcon_core.package_discovery:discover_packages(prefix_path) using defaults
[1.997s] Level 5:colcon.colcon_core.verb:set package 'picar_sys' build argument 'cmake_args' from command line to 'None'
[1.997s] Level 5:colcon.colcon_core.verb:set package 'picar_sys' build argument 'cmake_target' from command line to 'None'
[1.997s] Level 5:colcon.colcon_core.verb:set package 'picar_sys' build argument 'cmake_target_skip_unavailable' from command line to 'False'
[1.998s] Level 5:colcon.colcon_core.verb:set package 'picar_sys' build argument 'cmake_clean_cache' from command line to 'False'
[1.998s] Level 5:colcon.colcon_core.verb:set package 'picar_sys' build argument 'cmake_clean_first' from command line to 'False'
[1.998s] Level 5:colcon.colcon_core.verb:set package 'picar_sys' build argument 'cmake_force_configure' from command line to 'False'
[1.998s] Level 5:colcon.colcon_core.verb:set package 'picar_sys' build argument 'ament_cmake_args' from command line to 'None'
[1.998s] Level 5:colcon.colcon_core.verb:set package 'picar_sys' build argument 'catkin_cmake_args' from command line to 'None'
[1.998s] Level 5:colcon.colcon_core.verb:set package 'picar_sys' build argument 'catkin_skip_building_tests' from command line to 'False'
[1.998s] DEBUG:colcon.colcon_core.verb:Building package 'picar_sys' with the following arguments: {'ament_cmake_args': None, 'build_base': '/home/willwu/Capstone-2023/picar_ros2_ws/build/picar_sys', 'catkin_cmake_args': None, 'catkin_skip_building_tests': False, 'cmake_args': None, 'cmake_clean_cache': False, 'cmake_clean_first': False, 'cmake_force_configure': False, 'cmake_target': None, 'cmake_target_skip_unavailable': False, 'install_base': '/home/willwu/Capstone-2023/picar_ros2_ws/install/picar_sys', 'merge_install': False, 'path': '/home/willwu/Capstone-2023/picar_ros2_ws/src/picar_sys', 'symlink_install': False, 'test_result_base': None}
[2.001s] INFO:colcon.colcon_core.executor:Executing jobs using 'parallel' executor
[2.013s] DEBUG:colcon.colcon_parallel_executor.executor.parallel:run_until_complete
[2.014s] INFO:colcon.colcon_ros.task.ament_python.build:Building ROS package in '/home/willwu/Capstone-2023/picar_ros2_ws/src/picar_sys' with build type 'ament_python'
[2.015s] Level 1:colcon.colcon_core.shell:create_environment_hook('picar_sys', 'ament_prefix_path')
[2.035s] INFO:colcon.colcon_core.plugin_system:Skipping extension 'colcon_core.shell.bat': Not used on non-Windows systems
[2.035s] INFO:colcon.colcon_core.shell:Creating environment hook '/home/willwu/Capstone-2023/picar_ros2_ws/install/picar_sys/share/picar_sys/hook/ament_prefix_path.ps1'
[2.038s] INFO:colcon.colcon_core.shell:Creating environment descriptor '/home/willwu/Capstone-2023/picar_ros2_ws/install/picar_sys/share/picar_sys/hook/ament_prefix_path.dsv'
[2.040s] INFO:colcon.colcon_core.shell:Creating environment hook '/home/willwu/Capstone-2023/picar_ros2_ws/install/picar_sys/share/picar_sys/hook/ament_prefix_path.sh'
[2.048s] INFO:colcon.colcon_core.shell:Skip shell extension 'powershell' for command environment: Not usable outside of PowerShell
[2.048s] DEBUG:colcon.colcon_core.shell:Skip shell extension 'dsv' for command environment
[3.237s] INFO:colcon.colcon_core.task.python.build:Building Python package in '/home/willwu/Capstone-2023/picar_ros2_ws/src/picar_sys'
[3.242s] INFO:colcon.colcon_core.shell:Skip shell extension 'powershell' for command environment: Not usable outside of PowerShell
[3.242s] DEBUG:colcon.colcon_core.shell:Skip shell extension 'dsv' for command environment
[4.711s] DEBUG:colcon.colcon_core.event_handler.log_command:Invoking command in '/home/willwu/Capstone-2023/picar_ros2_ws/src/picar_sys': PYTHONPATH=/home/willwu/Capstone-2023/picar_ros2_ws/build/picar_sys/prefix_override:/home/willwu/Capstone-2023/picar_ros2_ws/install/picar_sys/lib/python3.10/site-packages:${PYTHONPATH} /usr/bin/python3 setup.py egg_info --egg-base ../../build/picar_sys build --build-base /home/willwu/Capstone-2023/picar_ros2_ws/build/picar_sys/build install --record /home/willwu/Capstone-2023/picar_ros2_ws/build/picar_sys/install.log --single-version-externally-managed
[6.034s] DEBUG:colcon.colcon_core.event_handler.log_command:Invoked command in '/home/willwu/Capstone-2023/picar_ros2_ws/src/picar_sys' returned '0': PYTHONPATH=/home/willwu/Capstone-2023/picar_ros2_ws/build/picar_sys/prefix_override:/home/willwu/Capstone-2023/picar_ros2_ws/install/picar_sys/lib/python3.10/site-packages:${PYTHONPATH} /usr/bin/python3 setup.py egg_info --egg-base ../../build/picar_sys build --build-base /home/willwu/Capstone-2023/picar_ros2_ws/build/picar_sys/build install --record /home/willwu/Capstone-2023/picar_ros2_ws/build/picar_sys/install.log --single-version-externally-managed
[6.055s] Level 1:colcon.colcon_core.environment:checking '/home/willwu/Capstone-2023/picar_ros2_ws/install/picar_sys' for CMake module files
[6.058s] Level 1:colcon.colcon_core.environment:checking '/home/willwu/Capstone-2023/picar_ros2_ws/install/picar_sys' for CMake config files
[6.062s] Level 1:colcon.colcon_core.environment:checking '/home/willwu/Capstone-2023/picar_ros2_ws/install/picar_sys/lib'
[6.063s] Level 1:colcon.colcon_core.environment:checking '/home/willwu/Capstone-2023/picar_ros2_ws/install/picar_sys/bin'
[6.063s] Level 1:colcon.colcon_core.environment:checking '/home/willwu/Capstone-2023/picar_ros2_ws/install/picar_sys/lib/pkgconfig/picar_sys.pc'
[6.064s] Level 1:colcon.colcon_core.environment:checking '/home/willwu/Capstone-2023/picar_ros2_ws/install/picar_sys/lib/python3.10/site-packages'
[6.064s] Level 1:colcon.colcon_core.shell:create_environment_hook('picar_sys', 'pythonpath')
[6.069s] INFO:colcon.colcon_core.shell:Creating environment hook '/home/willwu/Capstone-2023/picar_ros2_ws/install/picar_sys/share/picar_sys/hook/pythonpath.ps1'
[6.071s] INFO:colcon.colcon_core.shell:Creating environment descriptor '/home/willwu/Capstone-2023/picar_ros2_ws/install/picar_sys/share/picar_sys/hook/pythonpath.dsv'
[6.072s] INFO:colcon.colcon_core.shell:Creating environment hook '/home/willwu/Capstone-2023/picar_ros2_ws/install/picar_sys/share/picar_sys/hook/pythonpath.sh'
[6.075s] Level 1:colcon.colcon_core.environment:checking '/home/willwu/Capstone-2023/picar_ros2_ws/install/picar_sys/bin'
[6.075s] Level 1:colcon.colcon_core.environment:create_environment_scripts_only(picar_sys)
[6.080s] INFO:colcon.colcon_core.shell:Creating package script '/home/willwu/Capstone-2023/picar_ros2_ws/install/picar_sys/share/picar_sys/package.ps1'
[6.084s] INFO:colcon.colcon_core.shell:Creating package descriptor '/home/willwu/Capstone-2023/picar_ros2_ws/install/picar_sys/share/picar_sys/package.dsv'
[6.087s] INFO:colcon.colcon_core.shell:Creating package script '/home/willwu/Capstone-2023/picar_ros2_ws/install/picar_sys/share/picar_sys/package.sh'
[6.090s] INFO:colcon.colcon_core.shell:Creating package script '/home/willwu/Capstone-2023/picar_ros2_ws/install/picar_sys/share/picar_sys/package.bash'
[6.094s] INFO:colcon.colcon_core.shell:Creating package script '/home/willwu/Capstone-2023/picar_ros2_ws/install/picar_sys/share/picar_sys/package.zsh'
[6.096s] Level 1:colcon.colcon_core.environment:create_file_with_runtime_dependencies(/home/willwu/Capstone-2023/picar_ros2_ws/install/picar_sys/share/colcon-core/packages/picar_sys)
[6.098s] DEBUG:colcon.colcon_parallel_executor.executor.parallel:closing loop
[6.099s] DEBUG:colcon.colcon_parallel_executor.executor.parallel:loop closed
[6.100s] DEBUG:colcon.colcon_parallel_executor.executor.parallel:run_until_complete finished with '0'
[6.101s] DEBUG:colcon.colcon_core.event_reactor:joining thread
[6.124s] INFO:colcon.colcon_core.plugin_system:Skipping extension 'colcon_notification.desktop_notification.terminal_notifier': Not used on non-Darwin systems
[6.124s] INFO:colcon.colcon_core.plugin_system:Skipping extension 'colcon_notification.desktop_notification.win32': Not used on non-Windows systems
[6.124s] INFO:colcon.colcon_notification.desktop_notification:Sending desktop notification using 'notify2'
[6.175s] DEBUG:colcon.colcon_core.event_reactor:joined thread
[6.181s] INFO:colcon.colcon_core.shell:Creating prefix script '/home/willwu/Capstone-2023/picar_ros2_ws/install/local_setup.ps1'
[6.185s] INFO:colcon.colcon_core.shell:Creating prefix util module '/home/willwu/Capstone-2023/picar_ros2_ws/install/_local_setup_util_ps1.py'
[6.192s] INFO:colcon.colcon_core.shell:Creating prefix chain script '/home/willwu/Capstone-2023/picar_ros2_ws/install/setup.ps1'
[6.198s] INFO:colcon.colcon_core.shell:Creating prefix script '/home/willwu/Capstone-2023/picar_ros2_ws/install/local_setup.sh'
[6.200s] INFO:colcon.colcon_core.shell:Creating prefix util module '/home/willwu/Capstone-2023/picar_ros2_ws/install/_local_setup_util_sh.py'
[6.202s] INFO:colcon.colcon_core.shell:Creating prefix chain script '/home/willwu/Capstone-2023/picar_ros2_ws/install/setup.sh'
[6.209s] INFO:colcon.colcon_core.shell:Creating prefix script '/home/willwu/Capstone-2023/picar_ros2_ws/install/local_setup.bash'
[6.211s] INFO:colcon.colcon_core.shell:Creating prefix chain script '/home/willwu/Capstone-2023/picar_ros2_ws/install/setup.bash'
[6.217s] INFO:colcon.colcon_core.shell:Creating prefix script '/home/willwu/Capstone-2023/picar_ros2_ws/install/local_setup.zsh'
[6.219s] INFO:colcon.colcon_core.shell:Creating prefix chain script '/home/willwu/Capstone-2023/picar_ros2_ws/install/setup.zsh'
