[2.697s] Invoking command in '/home/willwu/Capstone-2023/picar_ros2_ws/src/picar_sys': PYTHONPATH=/home/willwu/Capstone-2023/build/picar_sys/prefix_override:/home/willwu/Capstone-2023/install/picar_sys/lib/python3.10/site-packages:${PYTHONPATH} /usr/bin/python3 setup.py egg_info --egg-base ../../../build/picar_sys build --build-base /home/willwu/Capstone-2023/build/picar_sys/build install --record /home/willwu/Capstone-2023/build/picar_sys/install.log --single-version-externally-managed
[3.783s] running egg_info
[3.785s] creating ../../../build/picar_sys/picar_sys.egg-info
[3.786s] writing ../../../build/picar_sys/picar_sys.egg-info/PKG-INFO
[3.787s] writing dependency_links to ../../../build/picar_sys/picar_sys.egg-info/dependency_links.txt
[3.787s] writing entry points to ../../../build/picar_sys/picar_sys.egg-info/entry_points.txt
[3.788s] writing requirements to ../../../build/picar_sys/picar_sys.egg-info/requires.txt
[3.788s] writing top-level names to ../../../build/picar_sys/picar_sys.egg-info/top_level.txt
[3.789s] writing manifest file '../../../build/picar_sys/picar_sys.egg-info/SOURCES.txt'
[3.796s] reading manifest file '../../../build/picar_sys/picar_sys.egg-info/SOURCES.txt'
[3.800s] writing manifest file '../../../build/picar_sys/picar_sys.egg-info/SOURCES.txt'
[3.800s] running build
[3.801s] running build_py
[3.801s] creating /home/willwu/Capstone-2023/build/picar_sys/build
[3.801s] creating /home/willwu/Capstone-2023/build/picar_sys/build/lib
[3.802s] creating /home/willwu/Capstone-2023/build/picar_sys/build/lib/picar_sys
[3.802s] copying picar_sys/__init__.py -> /home/willwu/Capstone-2023/build/picar_sys/build/lib/picar_sys
[3.803s] copying picar_sys/imu.py -> /home/willwu/Capstone-2023/build/picar_sys/build/lib/picar_sys
[3.804s] creating /home/willwu/Capstone-2023/build/picar_sys/build/lib/drivers
[3.804s] copying drivers/imu_driver.py -> /home/willwu/Capstone-2023/build/picar_sys/build/lib/drivers
[3.805s] copying drivers/imu_param.py -> /home/willwu/Capstone-2023/build/picar_sys/build/lib/drivers
[3.806s] copying drivers/__init__.py -> /home/willwu/Capstone-2023/build/picar_sys/build/lib/drivers
[3.808s] running install
[3.808s] /usr/lib/python3/dist-packages/setuptools/command/install.py:34: SetuptoolsDeprecationWarning: setup.py install is deprecated. Use build and pip and other standards-based tools.
[3.809s]   warnings.warn(
[3.809s] running install_lib
[3.813s] creating /home/willwu/Capstone-2023/install/picar_sys/lib/python3.10/site-packages/drivers
[3.813s] copying /home/willwu/Capstone-2023/build/picar_sys/build/lib/drivers/imu_driver.py -> /home/willwu/Capstone-2023/install/picar_sys/lib/python3.10/site-packages/drivers
[3.814s] copying /home/willwu/Capstone-2023/build/picar_sys/build/lib/drivers/imu_param.py -> /home/willwu/Capstone-2023/install/picar_sys/lib/python3.10/site-packages/drivers
[3.815s] copying /home/willwu/Capstone-2023/build/picar_sys/build/lib/drivers/__init__.py -> /home/willwu/Capstone-2023/install/picar_sys/lib/python3.10/site-packages/drivers
[3.815s] creating /home/willwu/Capstone-2023/install/picar_sys/lib/python3.10/site-packages/picar_sys
[3.816s] copying /home/willwu/Capstone-2023/build/picar_sys/build/lib/picar_sys/__init__.py -> /home/willwu/Capstone-2023/install/picar_sys/lib/python3.10/site-packages/picar_sys
[3.817s] copying /home/willwu/Capstone-2023/build/picar_sys/build/lib/picar_sys/imu.py -> /home/willwu/Capstone-2023/install/picar_sys/lib/python3.10/site-packages/picar_sys
[3.820s] byte-compiling /home/willwu/Capstone-2023/install/picar_sys/lib/python3.10/site-packages/drivers/imu_driver.py to imu_driver.cpython-310.pyc
[3.823s] byte-compiling /home/willwu/Capstone-2023/install/picar_sys/lib/python3.10/site-packages/drivers/imu_param.py to imu_param.cpython-310.pyc
[3.824s] byte-compiling /home/willwu/Capstone-2023/install/picar_sys/lib/python3.10/site-packages/drivers/__init__.py to __init__.cpython-310.pyc
[3.825s] byte-compiling /home/willwu/Capstone-2023/install/picar_sys/lib/python3.10/site-packages/picar_sys/__init__.py to __init__.cpython-310.pyc
[3.827s] byte-compiling /home/willwu/Capstone-2023/install/picar_sys/lib/python3.10/site-packages/picar_sys/imu.py to imu.cpython-310.pyc
[3.829s] running install_data
[3.831s] creating /home/willwu/Capstone-2023/install/picar_sys/share/ament_index
[3.832s] creating /home/willwu/Capstone-2023/install/picar_sys/share/ament_index/resource_index
[3.832s] creating /home/willwu/Capstone-2023/install/picar_sys/share/ament_index/resource_index/packages
[3.833s] copying resource/picar_sys -> /home/willwu/Capstone-2023/install/picar_sys/share/ament_index/resource_index/packages
[3.833s] copying package.xml -> /home/willwu/Capstone-2023/install/picar_sys/share/picar_sys
[3.834s] running install_egg_info
[3.839s] Copying ../../../build/picar_sys/picar_sys.egg-info to /home/willwu/Capstone-2023/install/picar_sys/lib/python3.10/site-packages/picar_sys-0.0.0-py3.10.egg-info
[3.844s] running install_scripts
[3.924s] Installing imu script to /home/willwu/Capstone-2023/install/picar_sys/lib/picar_sys
[3.926s] writing list of installed files to '/home/willwu/Capstone-2023/build/picar_sys/install.log'
[4.043s] Invoked command in '/home/willwu/Capstone-2023/picar_ros2_ws/src/picar_sys' returned '0': PYTHONPATH=/home/willwu/Capstone-2023/build/picar_sys/prefix_override:/home/willwu/Capstone-2023/install/picar_sys/lib/python3.10/site-packages:${PYTHONPATH} /usr/bin/python3 setup.py egg_info --egg-base ../../../build/picar_sys build --build-base /home/willwu/Capstone-2023/build/picar_sys/build install --record /home/willwu/Capstone-2023/build/picar_sys/install.log --single-version-externally-managed
