/home/willwu/Capstone-2023/install/picar_sys/lib/python3.10/site-packages/picar_sys/__init__.py
/home/willwu/Capstone-2023/install/picar_sys/lib/python3.10/site-packages/picar_sys/imu.py
/home/willwu/Capstone-2023/install/picar_sys/lib/python3.10/site-packages/drivers/imu_driver.py
/home/willwu/Capstone-2023/install/picar_sys/lib/python3.10/site-packages/drivers/imu_param.py
/home/willwu/Capstone-2023/install/picar_sys/lib/python3.10/site-packages/drivers/__init__.py
/home/willwu/Capstone-2023/install/picar_sys/lib/python3.10/site-packages/picar_sys/__pycache__/__init__.cpython-310.pyc
/home/willwu/Capstone-2023/install/picar_sys/lib/python3.10/site-packages/picar_sys/__pycache__/imu.cpython-310.pyc
/home/willwu/Capstone-2023/install/picar_sys/lib/python3.10/site-packages/drivers/__pycache__/imu_driver.cpython-310.pyc
/home/willwu/Capstone-2023/install/picar_sys/lib/python3.10/site-packages/drivers/__pycache__/imu_param.cpython-310.pyc
/home/willwu/Capstone-2023/install/picar_sys/lib/python3.10/site-packages/drivers/__pycache__/__init__.cpython-310.pyc
/home/willwu/Capstone-2023/install/picar_sys/share/ament_index/resource_index/packages/picar_sys
/home/willwu/Capstone-2023/install/picar_sys/share/picar_sys/package.xml
/home/willwu/Capstone-2023/install/picar_sys/lib/python3.10/site-packages/picar_sys-0.0.0-py3.10.egg-info/entry_points.txt
/home/willwu/Capstone-2023/install/picar_sys/lib/python3.10/site-packages/picar_sys-0.0.0-py3.10.egg-info/requires.txt
/home/willwu/Capstone-2023/install/picar_sys/lib/python3.10/site-packages/picar_sys-0.0.0-py3.10.egg-info/PKG-INFO
/home/willwu/Capstone-2023/install/picar_sys/lib/python3.10/site-packages/picar_sys-0.0.0-py3.10.egg-info/top_level.txt
/home/willwu/Capstone-2023/install/picar_sys/lib/python3.10/site-packages/picar_sys-0.0.0-py3.10.egg-info/zip-safe
/home/willwu/Capstone-2023/install/picar_sys/lib/python3.10/site-packages/picar_sys-0.0.0-py3.10.egg-info/SOURCES.txt
/home/willwu/Capstone-2023/install/picar_sys/lib/python3.10/site-packages/picar_sys-0.0.0-py3.10.egg-info/dependency_links.txt
/home/willwu/Capstone-2023/install/picar_sys/lib/picar_sys/imu
