[2.695s] Invoking command in '/home/willwu/Capstone-2023/picar_ros2_ws/src/picar_sys': PYTHONPATH=/home/willwu/Capstone-2023/build/picar_sys/prefix_override:/home/willwu/Capstone-2023/install/picar_sys/lib/python3.10/site-packages:${PYTHONPATH} /usr/bin/python3 setup.py egg_info --egg-base ../../../build/picar_sys build --build-base /home/willwu/Capstone-2023/build/picar_sys/build install --record /home/willwu/Capstone-2023/build/picar_sys/install.log --single-version-externally-managed
[3.779s] running egg_info
[3.781s] writing ../../../build/picar_sys/picar_sys.egg-info/PKG-INFO
[3.782s] writing dependency_links to ../../../build/picar_sys/picar_sys.egg-info/dependency_links.txt
[3.783s] writing entry points to ../../../build/picar_sys/picar_sys.egg-info/entry_points.txt
[3.784s] writing requirements to ../../../build/picar_sys/picar_sys.egg-info/requires.txt
[3.784s] writing top-level names to ../../../build/picar_sys/picar_sys.egg-info/top_level.txt
[3.792s] reading manifest file '../../../build/picar_sys/picar_sys.egg-info/SOURCES.txt'
[3.796s] writing manifest file '../../../build/picar_sys/picar_sys.egg-info/SOURCES.txt'
[3.797s] running build
[3.797s] running build_py
[3.798s] copying picar_sys/imu.py -> /home/willwu/Capstone-2023/build/picar_sys/build/lib/picar_sys
[3.801s] running install
[3.801s] /usr/lib/python3/dist-packages/setuptools/command/install.py:34: SetuptoolsDeprecationWarning: setup.py install is deprecated. Use build and pip and other standards-based tools.
[3.802s]   warnings.warn(
[3.802s] running install_lib
[3.807s] copying /home/willwu/Capstone-2023/build/picar_sys/build/lib/picar_sys/imu.py -> /home/willwu/Capstone-2023/install/picar_sys/lib/python3.10/site-packages/picar_sys
[3.810s] byte-compiling /home/willwu/Capstone-2023/install/picar_sys/lib/python3.10/site-packages/picar_sys/imu.py to imu.cpython-310.pyc
[3.813s] running install_data
[3.815s] running install_egg_info
[3.821s] removing '/home/willwu/Capstone-2023/install/picar_sys/lib/python3.10/site-packages/picar_sys-0.0.0-py3.10.egg-info' (and everything under it)
[3.823s] Copying ../../../build/picar_sys/picar_sys.egg-info to /home/willwu/Capstone-2023/install/picar_sys/lib/python3.10/site-packages/picar_sys-0.0.0-py3.10.egg-info
[3.828s] running install_scripts
[3.907s] Installing imu script to /home/willwu/Capstone-2023/install/picar_sys/lib/picar_sys
[3.910s] writing list of installed files to '/home/willwu/Capstone-2023/build/picar_sys/install.log'
[4.027s] Invoked command in '/home/willwu/Capstone-2023/picar_ros2_ws/src/picar_sys' returned '0': PYTHONPATH=/home/willwu/Capstone-2023/build/picar_sys/prefix_override:/home/willwu/Capstone-2023/install/picar_sys/lib/python3.10/site-packages:${PYTHONPATH} /usr/bin/python3 setup.py egg_info --egg-base ../../../build/picar_sys build --build-base /home/willwu/Capstone-2023/build/picar_sys/build install --record /home/willwu/Capstone-2023/build/picar_sys/install.log --single-version-externally-managed
