[2.696s] Invoking command in '/home/willwu/Capstone-2023/picar_ros2_ws/src/picar_sys': PYTHONPATH=/home/willwu/Capstone-2023/picar_ros2_ws/build/picar_sys/prefix_override:/home/willwu/Capstone-2023/picar_ros2_ws/install/picar_sys/lib/python3.10/site-packages:${PYTHONPATH} /usr/bin/python3 setup.py egg_info --egg-base ../../build/picar_sys build --build-base /home/willwu/Capstone-2023/picar_ros2_ws/build/picar_sys/build install --record /home/willwu/Capstone-2023/picar_ros2_ws/build/picar_sys/install.log --single-version-externally-managed
[3.771s] running egg_info
[3.774s] writing ../../build/picar_sys/picar_sys.egg-info/PKG-INFO
[3.775s] writing dependency_links to ../../build/picar_sys/picar_sys.egg-info/dependency_links.txt
[3.775s] writing entry points to ../../build/picar_sys/picar_sys.egg-info/entry_points.txt
[3.776s] writing requirements to ../../build/picar_sys/picar_sys.egg-info/requires.txt
[3.777s] writing top-level names to ../../build/picar_sys/picar_sys.egg-info/top_level.txt
[3.785s] reading manifest file '../../build/picar_sys/picar_sys.egg-info/SOURCES.txt'
[3.789s] writing manifest file '../../build/picar_sys/picar_sys.egg-info/SOURCES.txt'
[3.789s] running build
[3.790s] running build_py
[3.790s] copying picar_sys/imu.py -> /home/willwu/Capstone-2023/picar_ros2_ws/build/picar_sys/build/lib/picar_sys
[3.793s] running install
[3.794s] /usr/lib/python3/dist-packages/setuptools/command/install.py:34: SetuptoolsDeprecationWarning: setup.py install is deprecated. Use build and pip and other standards-based tools.
[3.794s]   warnings.warn(
[3.795s] running install_lib
[3.799s] copying /home/willwu/Capstone-2023/picar_ros2_ws/build/picar_sys/build/lib/picar_sys/imu.py -> /home/willwu/Capstone-2023/picar_ros2_ws/install/picar_sys/lib/python3.10/site-packages/picar_sys
[3.802s] byte-compiling /home/willwu/Capstone-2023/picar_ros2_ws/install/picar_sys/lib/python3.10/site-packages/picar_sys/imu.py to imu.cpython-310.pyc
[3.805s] running install_data
[3.808s] running install_egg_info
[3.813s] removing '/home/willwu/Capstone-2023/picar_ros2_ws/install/picar_sys/lib/python3.10/site-packages/picar_sys-0.0.0-py3.10.egg-info' (and everything under it)
[3.815s] Copying ../../build/picar_sys/picar_sys.egg-info to /home/willwu/Capstone-2023/picar_ros2_ws/install/picar_sys/lib/python3.10/site-packages/picar_sys-0.0.0-py3.10.egg-info
[3.820s] running install_scripts
[3.899s] Installing imu script to /home/willwu/Capstone-2023/picar_ros2_ws/install/picar_sys/lib/picar_sys
[3.901s] writing list of installed files to '/home/willwu/Capstone-2023/picar_ros2_ws/build/picar_sys/install.log'
[4.019s] Invoked command in '/home/willwu/Capstone-2023/picar_ros2_ws/src/picar_sys' returned '0': PYTHONPATH=/home/willwu/Capstone-2023/picar_ros2_ws/build/picar_sys/prefix_override:/home/willwu/Capstone-2023/picar_ros2_ws/install/picar_sys/lib/python3.10/site-packages:${PYTHONPATH} /usr/bin/python3 setup.py egg_info --egg-base ../../build/picar_sys build --build-base /home/willwu/Capstone-2023/picar_ros2_ws/build/picar_sys/build install --record /home/willwu/Capstone-2023/picar_ros2_ws/build/picar_sys/install.log --single-version-externally-managed
