[1.391s] DEBUG:colcon:Command line arguments: ['/usr/bin/colcon', 'build']
[1.392s] DEBUG:colcon:Parsed command line arguments: Namespace(log_base=None, log_level=None, verb_name='build', build_base='build', install_base='install', merge_install=False, symlink_install=False, test_result_base=None, continue_on_error=False, executor='parallel', parallel_workers=4, event_handlers=None, ignore_user_meta=False, metas=['./colcon.meta'], base_paths=['.'], packages_ignore=None, packages_ignore_regex=None, paths=None, packages_up_to=None, packages_up_to_regex=None, packages_above=None, packages_above_and_dependencies=None, packages_above_depth=None, packages_select_by_dep=None, packages_skip_by_dep=None, packages_skip_up_to=None, packages_select_build_failed=False, packages_skip_build_finished=False, packages_select_test_failures=False, packages_skip_test_passed=False, packages_select=None, packages_skip=None, packages_select_regex=None, packages_skip_regex=None, packages_start=None, packages_end=None, allow_overriding=[], cmake_args=None, cmake_target=None, cmake_target_skip_unavailable=False, cmake_clean_cache=False, cmake_clean_first=False, cmake_force_configure=False, ament_cmake_args=None, catkin_cmake_args=None, catkin_skip_building_tests=False, verb_parser=<colcon_defaults.argument_parser.defaults.DefaultArgumentsDecorator object at 0xffff99428280>, verb_extension=<colcon_core.verb.build.BuildVerb object at 0xffff99cc9000>, main=<bound method BuildVerb.main of <colcon_core.verb.build.BuildVerb object at 0xffff99cc9000>>)
[1.523s] Level 1:colcon.colcon_core.package_discovery:discover_packages(colcon_meta) check parameters
[1.524s] Level 1:colcon.colcon_core.package_discovery:discover_packages(recursive) check parameters
[1.524s] Level 1:colcon.colcon_core.package_discovery:discover_packages(ignore) check parameters
[1.524s] Level 1:colcon.colcon_core.package_discovery:discover_packages(path) check parameters
[1.524s] Level 1:colcon.colcon_core.package_discovery:discover_packages(colcon_meta) discover
[1.524s] Level 1:colcon.colcon_core.package_discovery:discover_packages(recursive) discover
[1.524s] INFO:colcon.colcon_core.package_discovery:Crawling recursively for packages in '/home/willwu/Capstone-2023/picar_ros2_ws/src'
[1.525s] Level 1:colcon.colcon_core.package_identification:_identify(.) by extensions ['ignore', 'ignore_ament_install']
[1.525s] Level 1:colcon.colcon_core.package_identification:_identify(.) by extension 'ignore'
[1.525s] Level 1:colcon.colcon_core.package_identification:_identify(.) by extension 'ignore_ament_install'
[1.526s] Level 1:colcon.colcon_core.package_identification:_identify(.) by extensions ['colcon_pkg']
[1.526s] Level 1:colcon.colcon_core.package_identification:_identify(.) by extension 'colcon_pkg'
[1.526s] Level 1:colcon.colcon_core.package_identification:_identify(.) by extensions ['colcon_meta']
[1.526s] Level 1:colcon.colcon_core.package_identification:_identify(.) by extension 'colcon_meta'
[1.526s] Level 1:colcon.colcon_core.package_identification:_identify(.) by extensions ['ros']
[1.526s] Level 1:colcon.colcon_core.package_identification:_identify(.) by extension 'ros'
[1.573s] Level 1:colcon.colcon_core.package_identification:_identify(.) by extensions ['cmake', 'python']
[1.573s] Level 1:colcon.colcon_core.package_identification:_identify(.) by extension 'cmake'
[1.573s] Level 1:colcon.colcon_core.package_identification:_identify(.) by extension 'python'
[1.574s] Level 1:colcon.colcon_core.package_identification:_identify(.) by extensions ['python_setup_py']
[1.574s] Level 1:colcon.colcon_core.package_identification:_identify(.) by extension 'python_setup_py'
[1.574s] Level 1:colcon.colcon_core.package_identification:_identify(build) by extensions ['ignore', 'ignore_ament_install']
[1.575s] Level 1:colcon.colcon_core.package_identification:_identify(build) by extension 'ignore'
[1.575s] Level 1:colcon.colcon_core.package_identification:_identify(build) ignored
[1.575s] Level 1:colcon.colcon_core.package_identification:_identify(install) by extensions ['ignore', 'ignore_ament_install']
[1.576s] Level 1:colcon.colcon_core.package_identification:_identify(install) by extension 'ignore'
[1.576s] Level 1:colcon.colcon_core.package_identification:_identify(install) ignored
[1.576s] Level 1:colcon.colcon_core.package_identification:_identify(log) by extensions ['ignore', 'ignore_ament_install']
[1.576s] Level 1:colcon.colcon_core.package_identification:_identify(log) by extension 'ignore'
[1.577s] Level 1:colcon.colcon_core.package_identification:_identify(log) ignored
[1.577s] Level 1:colcon.colcon_core.package_identification:_identify(picar_sys) by extensions ['ignore', 'ignore_ament_install']
[1.577s] Level 1:colcon.colcon_core.package_identification:_identify(picar_sys) by extension 'ignore'
[1.577s] Level 1:colcon.colcon_core.package_identification:_identify(picar_sys) by extension 'ignore_ament_install'
[1.578s] Level 1:colcon.colcon_core.package_identification:_identify(picar_sys) by extensions ['colcon_pkg']
[1.578s] Level 1:colcon.colcon_core.package_identification:_identify(picar_sys) by extension 'colcon_pkg'
[1.578s] Level 1:colcon.colcon_core.package_identification:_identify(picar_sys) by extensions ['colcon_meta']
[1.578s] Level 1:colcon.colcon_core.package_identification:_identify(picar_sys) by extension 'colcon_meta'
[1.578s] Level 1:colcon.colcon_core.package_identification:_identify(picar_sys) by extensions ['ros']
[1.578s] Level 1:colcon.colcon_core.package_identification:_identify(picar_sys) by extension 'ros'
[1.587s] DEBUG:colcon.colcon_core.package_identification:Package 'picar_sys' with type 'ros.ament_python' and name 'picar_sys'
[1.588s] Level 1:colcon.colcon_core.package_identification:_identify(tutorial_interfaces) by extensions ['ignore', 'ignore_ament_install']
[1.588s] Level 1:colcon.colcon_core.package_identification:_identify(tutorial_interfaces) by extension 'ignore'
[1.588s] Level 1:colcon.colcon_core.package_identification:_identify(tutorial_interfaces) by extension 'ignore_ament_install'
[1.588s] Level 1:colcon.colcon_core.package_identification:_identify(tutorial_interfaces) by extensions ['colcon_pkg']
[1.588s] Level 1:colcon.colcon_core.package_identification:_identify(tutorial_interfaces) by extension 'colcon_pkg'
[1.589s] Level 1:colcon.colcon_core.package_identification:_identify(tutorial_interfaces) by extensions ['colcon_meta']
[1.589s] Level 1:colcon.colcon_core.package_identification:_identify(tutorial_interfaces) by extension 'colcon_meta'
[1.589s] Level 1:colcon.colcon_core.package_identification:_identify(tutorial_interfaces) by extensions ['ros']
[1.589s] Level 1:colcon.colcon_core.package_identification:_identify(tutorial_interfaces) by extension 'ros'
[1.591s] DEBUG:colcon.colcon_core.package_identification:Package 'tutorial_interfaces' with type 'ros.ament_cmake' and name 'tutorial_interfaces'
[1.592s] Level 1:colcon.colcon_core.package_discovery:discover_packages(recursive) using defaults
[1.592s] Level 1:colcon.colcon_core.package_discovery:discover_packages(ignore) discover
[1.592s] Level 1:colcon.colcon_core.package_discovery:discover_packages(ignore) using defaults
[1.592s] Level 1:colcon.colcon_core.package_discovery:discover_packages(path) discover
[1.592s] Level 1:colcon.colcon_core.package_discovery:discover_packages(path) using defaults
[1.683s] Level 1:colcon.colcon_core.package_discovery:discover_packages(prefix_path) check parameters
[1.683s] Level 1:colcon.colcon_core.package_discovery:discover_packages(prefix_path) discover
[1.701s] DEBUG:colcon.colcon_installed_package_information.package_discovery:Found 273 installed packages in /opt/ros/humble
[1.707s] Level 1:colcon.colcon_core.package_discovery:discover_packages(prefix_path) using defaults
[1.958s] Level 5:colcon.colcon_core.verb:set package 'picar_sys' build argument 'cmake_args' from command line to 'None'
[1.958s] Level 5:colcon.colcon_core.verb:set package 'picar_sys' build argument 'cmake_target' from command line to 'None'
[1.958s] Level 5:colcon.colcon_core.verb:set package 'picar_sys' build argument 'cmake_target_skip_unavailable' from command line to 'False'
[1.958s] Level 5:colcon.colcon_core.verb:set package 'picar_sys' build argument 'cmake_clean_cache' from command line to 'False'
[1.959s] Level 5:colcon.colcon_core.verb:set package 'picar_sys' build argument 'cmake_clean_first' from command line to 'False'
[1.959s] Level 5:colcon.colcon_core.verb:set package 'picar_sys' build argument 'cmake_force_configure' from command line to 'False'
[1.959s] Level 5:colcon.colcon_core.verb:set package 'picar_sys' build argument 'ament_cmake_args' from command line to 'None'
[1.959s] Level 5:colcon.colcon_core.verb:set package 'picar_sys' build argument 'catkin_cmake_args' from command line to 'None'
[1.959s] Level 5:colcon.colcon_core.verb:set package 'picar_sys' build argument 'catkin_skip_building_tests' from command line to 'False'
[1.959s] DEBUG:colcon.colcon_core.verb:Building package 'picar_sys' with the following arguments: {'ament_cmake_args': None, 'build_base': '/home/willwu/Capstone-2023/picar_ros2_ws/src/build/picar_sys', 'catkin_cmake_args': None, 'catkin_skip_building_tests': False, 'cmake_args': None, 'cmake_clean_cache': False, 'cmake_clean_first': False, 'cmake_force_configure': False, 'cmake_target': None, 'cmake_target_skip_unavailable': False, 'install_base': '/home/willwu/Capstone-2023/picar_ros2_ws/src/install/picar_sys', 'merge_install': False, 'path': '/home/willwu/Capstone-2023/picar_ros2_ws/src/picar_sys', 'symlink_install': False, 'test_result_base': None}
[1.963s] Level 5:colcon.colcon_core.verb:set package 'tutorial_interfaces' build argument 'cmake_args' from command line to 'None'
[1.963s] Level 5:colcon.colcon_core.verb:set package 'tutorial_interfaces' build argument 'cmake_target' from command line to 'None'
[1.963s] Level 5:colcon.colcon_core.verb:set package 'tutorial_interfaces' build argument 'cmake_target_skip_unavailable' from command line to 'False'
[1.963s] Level 5:colcon.colcon_core.verb:set package 'tutorial_interfaces' build argument 'cmake_clean_cache' from command line to 'False'
[1.964s] Level 5:colcon.colcon_core.verb:set package 'tutorial_interfaces' build argument 'cmake_clean_first' from command line to 'False'
[1.964s] Level 5:colcon.colcon_core.verb:set package 'tutorial_interfaces' build argument 'cmake_force_configure' from command line to 'False'
[1.964s] Level 5:colcon.colcon_core.verb:set package 'tutorial_interfaces' build argument 'ament_cmake_args' from command line to 'None'
[1.964s] Level 5:colcon.colcon_core.verb:set package 'tutorial_interfaces' build argument 'catkin_cmake_args' from command line to 'None'
[1.964s] Level 5:colcon.colcon_core.verb:set package 'tutorial_interfaces' build argument 'catkin_skip_building_tests' from command line to 'False'
[1.964s] DEBUG:colcon.colcon_core.verb:Building package 'tutorial_interfaces' with the following arguments: {'ament_cmake_args': None, 'build_base': '/home/willwu/Capstone-2023/picar_ros2_ws/src/build/tutorial_interfaces', 'catkin_cmake_args': None, 'catkin_skip_building_tests': False, 'cmake_args': None, 'cmake_clean_cache': False, 'cmake_clean_first': False, 'cmake_force_configure': False, 'cmake_target': None, 'cmake_target_skip_unavailable': False, 'install_base': '/home/willwu/Capstone-2023/picar_ros2_ws/src/install/tutorial_interfaces', 'merge_install': False, 'path': '/home/willwu/Capstone-2023/picar_ros2_ws/src/tutorial_interfaces', 'symlink_install': False, 'test_result_base': None}
[1.967s] INFO:colcon.colcon_core.executor:Executing jobs using 'parallel' executor
[1.979s] DEBUG:colcon.colcon_parallel_executor.executor.parallel:run_until_complete
[1.980s] INFO:colcon.colcon_ros.task.ament_python.build:Building ROS package in '/home/willwu/Capstone-2023/picar_ros2_ws/src/picar_sys' with build type 'ament_python'
[1.980s] Level 1:colcon.colcon_core.shell:create_environment_hook('picar_sys', 'ament_prefix_path')
[1.999s] INFO:colcon.colcon_core.plugin_system:Skipping extension 'colcon_core.shell.bat': Not used on non-Windows systems
[1.999s] INFO:colcon.colcon_core.shell:Creating environment hook '/home/willwu/Capstone-2023/picar_ros2_ws/src/install/picar_sys/share/picar_sys/hook/ament_prefix_path.ps1'
[2.002s] INFO:colcon.colcon_core.shell:Creating environment descriptor '/home/willwu/Capstone-2023/picar_ros2_ws/src/install/picar_sys/share/picar_sys/hook/ament_prefix_path.dsv'
[2.004s] INFO:colcon.colcon_core.shell:Creating environment hook '/home/willwu/Capstone-2023/picar_ros2_ws/src/install/picar_sys/share/picar_sys/hook/ament_prefix_path.sh'
[2.011s] INFO:colcon.colcon_core.shell:Skip shell extension 'powershell' for command environment: Not usable outside of PowerShell
[2.011s] DEBUG:colcon.colcon_core.shell:Skip shell extension 'dsv' for command environment
[2.029s] INFO:colcon.colcon_ros.task.ament_cmake.build:Building ROS package in '/home/willwu/Capstone-2023/picar_ros2_ws/src/tutorial_interfaces' with build type 'ament_cmake'
[2.030s] INFO:colcon.colcon_cmake.task.cmake.build:Building CMake package in '/home/willwu/Capstone-2023/picar_ros2_ws/src/tutorial_interfaces'
[2.036s] INFO:colcon.colcon_core.shell:Skip shell extension 'powershell' for command environment: Not usable outside of PowerShell
[2.036s] DEBUG:colcon.colcon_core.shell:Skip shell extension 'dsv' for command environment
[3.515s] INFO:colcon.colcon_core.task.python.build:Building Python package in '/home/willwu/Capstone-2023/picar_ros2_ws/src/picar_sys'
[3.520s] INFO:colcon.colcon_core.shell:Skip shell extension 'powershell' for command environment: Not usable outside of PowerShell
[3.520s] DEBUG:colcon.colcon_core.shell:Skip shell extension 'dsv' for command environment
[3.545s] DEBUG:colcon.colcon_core.event_handler.log_command:Invoking command in '/home/willwu/Capstone-2023/picar_ros2_ws/src/build/tutorial_interfaces': CMAKE_PREFIX_PATH=/opt/ros/humble /usr/bin/cmake /home/willwu/Capstone-2023/picar_ros2_ws/src/tutorial_interfaces -DCMAKE_INSTALL_PREFIX=/home/willwu/Capstone-2023/picar_ros2_ws/src/install/tutorial_interfaces
[5.688s] DEBUG:colcon.colcon_core.event_handler.log_command:Invoking command in '/home/willwu/Capstone-2023/picar_ros2_ws/src/picar_sys': PYTHONPATH=/home/willwu/Capstone-2023/picar_ros2_ws/src/build/picar_sys/prefix_override:/home/willwu/Capstone-2023/picar_ros2_ws/src/install/picar_sys/lib/python3.10/site-packages:${PYTHONPATH} /usr/bin/python3 setup.py egg_info --egg-base ../build/picar_sys build --build-base /home/willwu/Capstone-2023/picar_ros2_ws/src/build/picar_sys/build install --record /home/willwu/Capstone-2023/picar_ros2_ws/src/build/picar_sys/install.log --single-version-externally-managed
[7.535s] DEBUG:colcon.colcon_core.event_handler.log_command:Invoked command in '/home/willwu/Capstone-2023/picar_ros2_ws/src/picar_sys' returned '0': PYTHONPATH=/home/willwu/Capstone-2023/picar_ros2_ws/src/build/picar_sys/prefix_override:/home/willwu/Capstone-2023/picar_ros2_ws/src/install/picar_sys/lib/python3.10/site-packages:${PYTHONPATH} /usr/bin/python3 setup.py egg_info --egg-base ../build/picar_sys build --build-base /home/willwu/Capstone-2023/picar_ros2_ws/src/build/picar_sys/build install --record /home/willwu/Capstone-2023/picar_ros2_ws/src/build/picar_sys/install.log --single-version-externally-managed
[7.556s] Level 1:colcon.colcon_core.environment:checking '/home/willwu/Capstone-2023/picar_ros2_ws/src/install/picar_sys' for CMake module files
[7.558s] Level 1:colcon.colcon_core.environment:checking '/home/willwu/Capstone-2023/picar_ros2_ws/src/install/picar_sys' for CMake config files
[7.562s] Level 1:colcon.colcon_core.environment:checking '/home/willwu/Capstone-2023/picar_ros2_ws/src/install/picar_sys/lib'
[7.563s] Level 1:colcon.colcon_core.environment:checking '/home/willwu/Capstone-2023/picar_ros2_ws/src/install/picar_sys/bin'
[7.564s] Level 1:colcon.colcon_core.environment:checking '/home/willwu/Capstone-2023/picar_ros2_ws/src/install/picar_sys/lib/pkgconfig/picar_sys.pc'
[7.565s] Level 1:colcon.colcon_core.environment:checking '/home/willwu/Capstone-2023/picar_ros2_ws/src/install/picar_sys/lib/python3.10/site-packages'
[7.565s] Level 1:colcon.colcon_core.shell:create_environment_hook('picar_sys', 'pythonpath')
[7.570s] INFO:colcon.colcon_core.shell:Creating environment hook '/home/willwu/Capstone-2023/picar_ros2_ws/src/install/picar_sys/share/picar_sys/hook/pythonpath.ps1'
[7.572s] INFO:colcon.colcon_core.shell:Creating environment descriptor '/home/willwu/Capstone-2023/picar_ros2_ws/src/install/picar_sys/share/picar_sys/hook/pythonpath.dsv'
[7.573s] INFO:colcon.colcon_core.shell:Creating environment hook '/home/willwu/Capstone-2023/picar_ros2_ws/src/install/picar_sys/share/picar_sys/hook/pythonpath.sh'
[7.576s] Level 1:colcon.colcon_core.environment:checking '/home/willwu/Capstone-2023/picar_ros2_ws/src/install/picar_sys/bin'
[7.576s] Level 1:colcon.colcon_core.environment:create_environment_scripts_only(picar_sys)
[7.582s] INFO:colcon.colcon_core.shell:Creating package script '/home/willwu/Capstone-2023/picar_ros2_ws/src/install/picar_sys/share/picar_sys/package.ps1'
[7.585s] INFO:colcon.colcon_core.shell:Creating package descriptor '/home/willwu/Capstone-2023/picar_ros2_ws/src/install/picar_sys/share/picar_sys/package.dsv'
[7.588s] INFO:colcon.colcon_core.shell:Creating package script '/home/willwu/Capstone-2023/picar_ros2_ws/src/install/picar_sys/share/picar_sys/package.sh'
[7.591s] INFO:colcon.colcon_core.shell:Creating package script '/home/willwu/Capstone-2023/picar_ros2_ws/src/install/picar_sys/share/picar_sys/package.bash'
[7.594s] INFO:colcon.colcon_core.shell:Creating package script '/home/willwu/Capstone-2023/picar_ros2_ws/src/install/picar_sys/share/picar_sys/package.zsh'
[7.597s] Level 1:colcon.colcon_core.environment:create_file_with_runtime_dependencies(/home/willwu/Capstone-2023/picar_ros2_ws/src/install/picar_sys/share/colcon-core/packages/picar_sys)
[12.794s] DEBUG:colcon.colcon_core.event_handler.log_command:Invoked command in '/home/willwu/Capstone-2023/picar_ros2_ws/src/build/tutorial_interfaces' returned '0': CMAKE_PREFIX_PATH=/opt/ros/humble /usr/bin/cmake /home/willwu/Capstone-2023/picar_ros2_ws/src/tutorial_interfaces -DCMAKE_INSTALL_PREFIX=/home/willwu/Capstone-2023/picar_ros2_ws/src/install/tutorial_interfaces
[12.806s] DEBUG:colcon.colcon_core.event_handler.log_command:Invoking command in '/home/willwu/Capstone-2023/picar_ros2_ws/src/build/tutorial_interfaces': CMAKE_PREFIX_PATH=/opt/ros/humble /usr/bin/cmake --build /home/willwu/Capstone-2023/picar_ros2_ws/src/build/tutorial_interfaces -- -j4 -l4
[27.161s] DEBUG:colcon.colcon_core.event_handler.log_command:Invoked command in '/home/willwu/Capstone-2023/picar_ros2_ws/src/build/tutorial_interfaces' returned '0': CMAKE_PREFIX_PATH=/opt/ros/humble /usr/bin/cmake --build /home/willwu/Capstone-2023/picar_ros2_ws/src/build/tutorial_interfaces -- -j4 -l4
[27.601s] DEBUG:colcon.colcon_core.event_handler.log_command:Invoking command in '/home/willwu/Capstone-2023/picar_ros2_ws/src/build/tutorial_interfaces': CMAKE_PREFIX_PATH=/opt/ros/humble /usr/bin/cmake --install /home/willwu/Capstone-2023/picar_ros2_ws/src/build/tutorial_interfaces
[27.998s] Level 1:colcon.colcon_core.environment:create_environment_scripts_only(tutorial_interfaces)
[28.006s] Level 1:colcon.colcon_core.environment:checking '/home/willwu/Capstone-2023/picar_ros2_ws/src/install/tutorial_interfaces' for CMake module files
[28.007s] DEBUG:colcon.colcon_core.event_handler.log_command:Invoked command in '/home/willwu/Capstone-2023/picar_ros2_ws/src/build/tutorial_interfaces' returned '0': CMAKE_PREFIX_PATH=/opt/ros/humble /usr/bin/cmake --install /home/willwu/Capstone-2023/picar_ros2_ws/src/build/tutorial_interfaces
[28.011s] Level 1:colcon.colcon_core.environment:checking '/home/willwu/Capstone-2023/picar_ros2_ws/src/install/tutorial_interfaces' for CMake config files
[28.014s] Level 1:colcon.colcon_core.shell:create_environment_hook('tutorial_interfaces', 'cmake_prefix_path')
[28.020s] INFO:colcon.colcon_core.shell:Creating environment hook '/home/willwu/Capstone-2023/picar_ros2_ws/src/install/tutorial_interfaces/share/tutorial_interfaces/hook/cmake_prefix_path.ps1'
[28.022s] INFO:colcon.colcon_core.shell:Creating environment descriptor '/home/willwu/Capstone-2023/picar_ros2_ws/src/install/tutorial_interfaces/share/tutorial_interfaces/hook/cmake_prefix_path.dsv'
[28.024s] INFO:colcon.colcon_core.shell:Creating environment hook '/home/willwu/Capstone-2023/picar_ros2_ws/src/install/tutorial_interfaces/share/tutorial_interfaces/hook/cmake_prefix_path.sh'
[28.026s] Level 1:colcon.colcon_core.environment:checking '/home/willwu/Capstone-2023/picar_ros2_ws/src/install/tutorial_interfaces/lib'
[28.027s] Level 1:colcon.colcon_core.shell:create_environment_hook('tutorial_interfaces', 'ld_library_path_lib')
[28.032s] INFO:colcon.colcon_core.shell:Creating environment hook '/home/willwu/Capstone-2023/picar_ros2_ws/src/install/tutorial_interfaces/share/tutorial_interfaces/hook/ld_library_path_lib.ps1'
[28.034s] INFO:colcon.colcon_core.shell:Creating environment descriptor '/home/willwu/Capstone-2023/picar_ros2_ws/src/install/tutorial_interfaces/share/tutorial_interfaces/hook/ld_library_path_lib.dsv'
[28.035s] INFO:colcon.colcon_core.shell:Creating environment hook '/home/willwu/Capstone-2023/picar_ros2_ws/src/install/tutorial_interfaces/share/tutorial_interfaces/hook/ld_library_path_lib.sh'
[28.036s] Level 1:colcon.colcon_core.environment:checking '/home/willwu/Capstone-2023/picar_ros2_ws/src/install/tutorial_interfaces/bin'
[28.037s] Level 1:colcon.colcon_core.environment:checking '/home/willwu/Capstone-2023/picar_ros2_ws/src/install/tutorial_interfaces/lib/pkgconfig/tutorial_interfaces.pc'
[28.038s] Level 1:colcon.colcon_core.environment:checking '/home/willwu/Capstone-2023/picar_ros2_ws/src/install/tutorial_interfaces/lib/python3.10/site-packages'
[28.039s] Level 1:colcon.colcon_core.environment:checking '/home/willwu/Capstone-2023/picar_ros2_ws/src/install/tutorial_interfaces/bin'
[28.044s] INFO:colcon.colcon_core.shell:Creating package script '/home/willwu/Capstone-2023/picar_ros2_ws/src/install/tutorial_interfaces/share/tutorial_interfaces/package.ps1'
[28.046s] INFO:colcon.colcon_core.shell:Creating package descriptor '/home/willwu/Capstone-2023/picar_ros2_ws/src/install/tutorial_interfaces/share/tutorial_interfaces/package.dsv'
[28.048s] INFO:colcon.colcon_core.shell:Creating package script '/home/willwu/Capstone-2023/picar_ros2_ws/src/install/tutorial_interfaces/share/tutorial_interfaces/package.sh'
[28.050s] INFO:colcon.colcon_core.shell:Creating package script '/home/willwu/Capstone-2023/picar_ros2_ws/src/install/tutorial_interfaces/share/tutorial_interfaces/package.bash'
[28.051s] INFO:colcon.colcon_core.shell:Creating package script '/home/willwu/Capstone-2023/picar_ros2_ws/src/install/tutorial_interfaces/share/tutorial_interfaces/package.zsh'
[28.052s] Level 1:colcon.colcon_core.environment:create_file_with_runtime_dependencies(/home/willwu/Capstone-2023/picar_ros2_ws/src/install/tutorial_interfaces/share/colcon-core/packages/tutorial_interfaces)
[28.459s] Level 1:colcon.colcon_core.environment:create_environment_scripts_only(tutorial_interfaces)
[28.467s] Level 1:colcon.colcon_core.environment:checking '/home/willwu/Capstone-2023/picar_ros2_ws/src/install/tutorial_interfaces' for CMake module files
[28.472s] Level 1:colcon.colcon_core.environment:checking '/home/willwu/Capstone-2023/picar_ros2_ws/src/install/tutorial_interfaces' for CMake config files
[28.476s] Level 1:colcon.colcon_core.shell:create_environment_hook('tutorial_interfaces', 'cmake_prefix_path')
[28.481s] INFO:colcon.colcon_core.shell:Creating environment hook '/home/willwu/Capstone-2023/picar_ros2_ws/src/install/tutorial_interfaces/share/tutorial_interfaces/hook/cmake_prefix_path.ps1'
[28.483s] INFO:colcon.colcon_core.shell:Creating environment descriptor '/home/willwu/Capstone-2023/picar_ros2_ws/src/install/tutorial_interfaces/share/tutorial_interfaces/hook/cmake_prefix_path.dsv'
[28.485s] INFO:colcon.colcon_core.shell:Creating environment hook '/home/willwu/Capstone-2023/picar_ros2_ws/src/install/tutorial_interfaces/share/tutorial_interfaces/hook/cmake_prefix_path.sh'
[28.487s] Level 1:colcon.colcon_core.environment:checking '/home/willwu/Capstone-2023/picar_ros2_ws/src/install/tutorial_interfaces/lib'
[28.488s] Level 1:colcon.colcon_core.shell:create_environment_hook('tutorial_interfaces', 'ld_library_path_lib')
[28.493s] INFO:colcon.colcon_core.shell:Creating environment hook '/home/willwu/Capstone-2023/picar_ros2_ws/src/install/tutorial_interfaces/share/tutorial_interfaces/hook/ld_library_path_lib.ps1'
[28.495s] INFO:colcon.colcon_core.shell:Creating environment descriptor '/home/willwu/Capstone-2023/picar_ros2_ws/src/install/tutorial_interfaces/share/tutorial_interfaces/hook/ld_library_path_lib.dsv'
[28.497s] INFO:colcon.colcon_core.shell:Creating environment hook '/home/willwu/Capstone-2023/picar_ros2_ws/src/install/tutorial_interfaces/share/tutorial_interfaces/hook/ld_library_path_lib.sh'
[28.499s] Level 1:colcon.colcon_core.environment:checking '/home/willwu/Capstone-2023/picar_ros2_ws/src/install/tutorial_interfaces/bin'
[28.499s] Level 1:colcon.colcon_core.environment:checking '/home/willwu/Capstone-2023/picar_ros2_ws/src/install/tutorial_interfaces/lib/pkgconfig/tutorial_interfaces.pc'
[28.500s] Level 1:colcon.colcon_core.environment:checking '/home/willwu/Capstone-2023/picar_ros2_ws/src/install/tutorial_interfaces/lib/python3.10/site-packages'
[28.501s] Level 1:colcon.colcon_core.environment:checking '/home/willwu/Capstone-2023/picar_ros2_ws/src/install/tutorial_interfaces/bin'
[28.506s] INFO:colcon.colcon_core.shell:Creating package script '/home/willwu/Capstone-2023/picar_ros2_ws/src/install/tutorial_interfaces/share/tutorial_interfaces/package.ps1'
[28.508s] INFO:colcon.colcon_core.shell:Creating package descriptor '/home/willwu/Capstone-2023/picar_ros2_ws/src/install/tutorial_interfaces/share/tutorial_interfaces/package.dsv'
[28.511s] INFO:colcon.colcon_core.shell:Creating package script '/home/willwu/Capstone-2023/picar_ros2_ws/src/install/tutorial_interfaces/share/tutorial_interfaces/package.sh'
[28.513s] INFO:colcon.colcon_core.shell:Creating package script '/home/willwu/Capstone-2023/picar_ros2_ws/src/install/tutorial_interfaces/share/tutorial_interfaces/package.bash'
[28.515s] INFO:colcon.colcon_core.shell:Creating package script '/home/willwu/Capstone-2023/picar_ros2_ws/src/install/tutorial_interfaces/share/tutorial_interfaces/package.zsh'
[28.517s] Level 1:colcon.colcon_core.environment:create_file_with_runtime_dependencies(/home/willwu/Capstone-2023/picar_ros2_ws/src/install/tutorial_interfaces/share/colcon-core/packages/tutorial_interfaces)
[28.518s] DEBUG:colcon.colcon_parallel_executor.executor.parallel:closing loop
[28.520s] DEBUG:colcon.colcon_parallel_executor.executor.parallel:loop closed
[28.520s] DEBUG:colcon.colcon_parallel_executor.executor.parallel:run_until_complete finished with '0'
[28.520s] DEBUG:colcon.colcon_core.event_reactor:joining thread
[28.543s] INFO:colcon.colcon_core.plugin_system:Skipping extension 'colcon_notification.desktop_notification.terminal_notifier': Not used on non-Darwin systems
[28.543s] INFO:colcon.colcon_core.plugin_system:Skipping extension 'colcon_notification.desktop_notification.win32': Not used on non-Windows systems
[28.544s] INFO:colcon.colcon_notification.desktop_notification:Sending desktop notification using 'notify2'
[28.584s] DEBUG:colcon.colcon_core.event_reactor:joined thread
[28.589s] INFO:colcon.colcon_core.shell:Creating prefix script '/home/willwu/Capstone-2023/picar_ros2_ws/src/install/local_setup.ps1'
[28.593s] INFO:colcon.colcon_core.shell:Creating prefix util module '/home/willwu/Capstone-2023/picar_ros2_ws/src/install/_local_setup_util_ps1.py'
[28.600s] INFO:colcon.colcon_core.shell:Creating prefix chain script '/home/willwu/Capstone-2023/picar_ros2_ws/src/install/setup.ps1'
[28.606s] INFO:colcon.colcon_core.shell:Creating prefix script '/home/willwu/Capstone-2023/picar_ros2_ws/src/install/local_setup.sh'
[28.608s] INFO:colcon.colcon_core.shell:Creating prefix util module '/home/willwu/Capstone-2023/picar_ros2_ws/src/install/_local_setup_util_sh.py'
[28.610s] INFO:colcon.colcon_core.shell:Creating prefix chain script '/home/willwu/Capstone-2023/picar_ros2_ws/src/install/setup.sh'
[28.615s] INFO:colcon.colcon_core.shell:Creating prefix script '/home/willwu/Capstone-2023/picar_ros2_ws/src/install/local_setup.bash'
[28.617s] INFO:colcon.colcon_core.shell:Creating prefix chain script '/home/willwu/Capstone-2023/picar_ros2_ws/src/install/setup.bash'
[28.625s] INFO:colcon.colcon_core.shell:Creating prefix script '/home/willwu/Capstone-2023/picar_ros2_ws/src/install/local_setup.zsh'
[28.627s] INFO:colcon.colcon_core.shell:Creating prefix chain script '/home/willwu/Capstone-2023/picar_ros2_ws/src/install/setup.zsh'
