-- Selecting Windows SDK version 10.0.22000.0 to target Windows 10.0.22621.
-- The C compiler identification is MSVC 19.29.30148.0
-- The CXX compiler identification is MSVC 19.29.30148.0
-- Detecting C compiler ABI info
-- Detecting C compiler ABI info - done
-- Check for working C compiler: C:/Program Files (x86)/Microsoft Visual Studio/2019/Community/VC/Tools/MSVC/14.29.30133/bin/Hostx64/x64/cl.exe - skipped
-- Detecting C compile features
-- Detecting C compile features - done
-- Detecting CXX compiler ABI info
-- Detecting CXX compiler ABI info - done
-- Check for working CXX compiler: C:/Program Files (x86)/Microsoft Visual Studio/2019/Community/VC/Tools/MSVC/14.29.30133/bin/Hostx64/x64/cl.exe - skipped
-- Detecting CXX compile features
-- Detecting CXX compile features - done
-- Found ament_cmake: 0.7.3 (C:/Program Files/MATLAB/R2021a/sys/ros2/win64/ros2/share/ament_cmake/cmake)
-- Found PythonInterp: C:/Users/raben/AppData/Roaming/MathWorks/MATLAB/R2021a/ros2/win64/venv/Scripts/python.exe (found suitable version "3.7", minimum required is "3") 
-- Using PYTHON_EXECUTABLE: C:/Users/raben/AppData/Roaming/MathWorks/MATLAB/R2021a/ros2/win64/venv/Scripts/python.exe
-- Found ament_cmake_ros: 0.7.0 (C:/Program Files/MATLAB/R2021a/sys/ros2/win64/ros2/share/ament_cmake_ros/cmake)
-- Found rosidl_typesupport_c: 0.7.1 (C:/Program Files/MATLAB/R2021a/sys/ros2/win64/ros2/share/rosidl_typesupport_c/cmake)
-- Found rosidl_typesupport_cpp: 0.7.1 (C:/Program Files/MATLAB/R2021a/sys/ros2/win64/ros2/share/rosidl_typesupport_cpp/cmake)
-- Found rosidl_default_generators: 0.7.0 (C:/Program Files/MATLAB/R2021a/sys/ros2/win64/ros2/share/rosidl_default_generators/cmake)
-- Found FastRTPS: C:/Program Files/MATLAB/R2021a/sys/ros2/win64/ros2/include  
-- Found rosidl_adapter: 0.7.4 (C:/Program Files/MATLAB/R2021a/sys/ros2/win64/ros2/share/rosidl_adapter/cmake)
-- Found class_loader: 1.3.1 (C:/Program Files/MATLAB/R2021a/sys/ros2/win64/ros2/share/class_loader/cmake)
-- Found poco_vendor:  (C:/Program Files/MATLAB/R2021a/sys/ros2/win64/ros2/share/poco_vendor/cmake)
-- Found rclcpp: 0.7.6 (C:/Program Files/MATLAB/R2021a/sys/ros2/win64/ros2/share/rclcpp/cmake)
-- Found rmw_implementation_cmake: 0.7.2 (C:/Program Files/MATLAB/R2021a/sys/ros2/win64/ros2/share/rmw_implementation_cmake/cmake)
-- Performing Test CMAKE_HAVE_LIBC_PTHREAD
-- Performing Test CMAKE_HAVE_LIBC_PTHREAD - Failed
-- Looking for pthread_create in pthreads
-- Looking for pthread_create in pthreads - not found
-- Looking for pthread_create in pthread
-- Looking for pthread_create in pthread - not found
-- Found Threads: TRUE  
-- Found std_msgs: 0.7.0 (C:/Program Files/MATLAB/R2021a/sys/ros2/win64/ros2/share/std_msgs/cmake)
-- Found PythonInterp: C:/Users/raben/AppData/Roaming/MathWorks/MATLAB/R2021a/ros2/win64/venv/Scripts/python.exe (found version "3.7") 
-- Using all available rosidl_typesupport_c: rosidl_typesupport_fastrtps_c;rosidl_typesupport_introspection_c
-- Using all available rosidl_typesupport_cpp: rosidl_typesupport_fastrtps_cpp;rosidl_typesupport_introspection_cpp
-- Found PythonInterp: C:/Users/raben/AppData/Roaming/MathWorks/MATLAB/R2021a/ros2/win64/venv/Scripts/python.exe (found suitable version "3.7", minimum required is "3.5") 
-- Found python_cmake_module: 0.7.7 (C:/Program Files/MATLAB/R2021a/sys/ros2/win64/ros2/share/python_cmake_module/cmake)
-- Found PythonLibs: C:/Users/raben/AppData/Roaming/MathWorks/MATLAB/R2021a/ros2/win64/venv/Scripts/libs/python37.lib (found suitable version "3.7.0", minimum required is "3.5") 
-- Using PYTHON_EXECUTABLE: C:/Users/raben/AppData/Roaming/MathWorks/MATLAB/R2021a/ros2/win64/venv/Scripts/python.exe
-- Using PYTHON_INCLUDE_DIRS: C:/Users/raben/AppData/Roaming/MathWorks/MATLAB/R2021a/ros2/win64/venv/Scripts/include
-- Using PYTHON_LIBRARIES: C:/Users/raben/AppData/Roaming/MathWorks/MATLAB/R2021a/ros2/win64/venv/Scripts/libs/python37.lib
-- Found PythonExtra: .pyd  
-- Configuring done (29.7s)
-- Generating done (1.4s)
-- Build files have been written to: C:/Obsidian vault/picar_ros2_ws/src/matlab_msg_gen/win64/build/tutorial_interfaces
Microsoft (R) Build Engine version 16.11.2+f32259642 for .NET Framework
Copyright (C) Microsoft Corporation. All rights reserved.

  Checking Build System
  Generating C++ code for ROS interfaces
  Building Custom Rule C:/Obsidian vault/picar_ros2_ws/src/matlab_msg_gen/win64/src/tutorial_interfaces/CMakeLists.txt
  Generating C code for ROS interfaces
  Building Custom Rule C:/Obsidian vault/picar_ros2_ws/src/matlab_msg_gen/win64/src/tutorial_interfaces/CMakeLists.txt
  gps__functions.c
  pose_setpoint__functions.c
  rpm__functions.c
  vel_setpoint__functions.c
  x_filtered__functions.c
  y_filtered__functions.c
  yaw_filtered__functions.c
     Creating library C:/Obsidian vault/picar_ros2_ws/src/matlab_msg_gen/win64/build/tutorial_interfaces/Release/tutorial_interfaces__rosidl_generator_c.lib and object C:/Obsidian vault/picar_ros2_ws/src/matlab_msg_gen/win64/build/tutorial_interfaces/Release/tutorial_interfaces__rosidl_generator_c.exp
  tutorial_interfaces__rosidl_generator_c.vcxproj -> C:\Obsidian vault\picar_ros2_ws\src\matlab_msg_gen\win64\build\tutorial_interfaces\Release\tutorial_interfaces__rosidl_generator_c.dll
  Generating C type support dispatch for ROS interfaces
  Building Custom Rule C:/Obsidian vault/picar_ros2_ws/src/matlab_msg_gen/win64/src/tutorial_interfaces/CMakeLists.txt
  gps__type_support.cpp
  pose_setpoint__type_support.cpp
  rpm__type_support.cpp
  vel_setpoint__type_support.cpp
  x_filtered__type_support.cpp
  y_filtered__type_support.cpp
  yaw_filtered__type_support.cpp
     Creating library C:/Obsidian vault/picar_ros2_ws/src/matlab_msg_gen/win64/build/tutorial_interfaces/Release/tutorial_interfaces__rosidl_typesupport_c.lib and object C:/Obsidian vault/picar_ros2_ws/src/matlab_msg_gen/win64/build/tutorial_interfaces/Release/tutorial_interfaces__rosidl_typesupport_c.exp
  tutorial_interfaces__rosidl_typesupport_c.vcxproj -> C:\Obsidian vault\picar_ros2_ws\src\matlab_msg_gen\win64\build\tutorial_interfaces\Release\tutorial_interfaces__rosidl_typesupport_c.dll
  Generating C++ type support dispatch for ROS interfaces
  Building Custom Rule C:/Obsidian vault/picar_ros2_ws/src/matlab_msg_gen/win64/src/tutorial_interfaces/CMakeLists.txt
  gps__type_support.cpp
  pose_setpoint__type_support.cpp
  rpm__type_support.cpp
  vel_setpoint__type_support.cpp
  x_filtered__type_support.cpp
  y_filtered__type_support.cpp
  yaw_filtered__type_support.cpp
     Creating library C:/Obsidian vault/picar_ros2_ws/src/matlab_msg_gen/win64/build/tutorial_interfaces/Release/tutorial_interfaces__rosidl_typesupport_cpp.lib and object C:/Obsidian vault/picar_ros2_ws/src/matlab_msg_gen/win64/build/tutorial_interfaces/Release/tutorial_interfaces__rosidl_typesupport_cpp.exp
  tutorial_interfaces__rosidl_typesupport_cpp.vcxproj -> C:\Obsidian vault\picar_ros2_ws\src\matlab_msg_gen\win64\build\tutorial_interfaces\Release\tutorial_interfaces__rosidl_typesupport_cpp.dll
  Generating C++ type support for eProsima Fast-RTPS
  Building Custom Rule C:/Obsidian vault/picar_ros2_ws/src/matlab_msg_gen/win64/src/tutorial_interfaces/CMakeLists.txt
  gps__type_support.cpp
  pose_setpoint__type_support.cpp
  rpm__type_support.cpp
  vel_setpoint__type_support.cpp
  x_filtered__type_support.cpp
  y_filtered__type_support.cpp
  yaw_filtered__type_support.cpp
     Creating library C:/Obsidian vault/picar_ros2_ws/src/matlab_msg_gen/win64/build/tutorial_interfaces/Release/tutorial_interfaces__rosidl_typesupport_fastrtps_cpp.lib and object C:/Obsidian vault/picar_ros2_ws/src/matlab_msg_gen/win64/build/tutorial_interfaces/Release/tutorial_interfaces__rosidl_typesupport_fastrtps_cpp.exp
  tutorial_interfaces__rosidl_typesupport_fastrtps_cpp.vcxproj -> C:\Obsidian vault\picar_ros2_ws\src\matlab_msg_gen\win64\build\tutorial_interfaces\Release\tutorial_interfaces__rosidl_typesupport_fastrtps_cpp.dll
  Generating C type support for eProsima Fast-RTPS
  Building Custom Rule C:/Obsidian vault/picar_ros2_ws/src/matlab_msg_gen/win64/src/tutorial_interfaces/CMakeLists.txt
  gps__type_support_c.cpp
  pose_setpoint__type_support_c.cpp
  rpm__type_support_c.cpp
  vel_setpoint__type_support_c.cpp
  x_filtered__type_support_c.cpp
  y_filtered__type_support_c.cpp
  yaw_filtered__type_support_c.cpp
     Creating library C:/Obsidian vault/picar_ros2_ws/src/matlab_msg_gen/win64/build/tutorial_interfaces/Release/tutorial_interfaces__rosidl_typesupport_fastrtps_c.lib and object C:/Obsidian vault/picar_ros2_ws/src/matlab_msg_gen/win64/build/tutorial_interfaces/Release/tutorial_interfaces__rosidl_typesupport_fastrtps_c.exp
  tutorial_interfaces__rosidl_typesupport_fastrtps_c.vcxproj -> C:\Obsidian vault\picar_ros2_ws\src\matlab_msg_gen\win64\build\tutorial_interfaces\Release\tutorial_interfaces__rosidl_typesupport_fastrtps_c.dll
  Generating C introspection for ROS interfaces
  Building Custom Rule C:/Obsidian vault/picar_ros2_ws/src/matlab_msg_gen/win64/src/tutorial_interfaces/CMakeLists.txt
  gps__type_support.c
  pose_setpoint__type_support.c
  rpm__type_support.c
  vel_setpoint__type_support.c
  x_filtered__type_support.c
  y_filtered__type_support.c
  yaw_filtered__type_support.c
     Creating library C:/Obsidian vault/picar_ros2_ws/src/matlab_msg_gen/win64/build/tutorial_interfaces/Release/tutorial_interfaces__rosidl_typesupport_introspection_c.lib and object C:/Obsidian vault/picar_ros2_ws/src/matlab_msg_gen/win64/build/tutorial_interfaces/Release/tutorial_interfaces__rosidl_typesupport_introspection_c.exp
  tutorial_interfaces__rosidl_typesupport_introspection_c.vcxproj -> C:\Obsidian vault\picar_ros2_ws\src\matlab_msg_gen\win64\build\tutorial_interfaces\Release\tutorial_interfaces__rosidl_typesupport_introspection_c.dll
  Generating C++ introspection for ROS interfaces
  Building Custom Rule C:/Obsidian vault/picar_ros2_ws/src/matlab_msg_gen/win64/src/tutorial_interfaces/CMakeLists.txt
  gps__type_support.cpp
  pose_setpoint__type_support.cpp
  rpm__type_support.cpp
  vel_setpoint__type_support.cpp
  x_filtered__type_support.cpp
  y_filtered__type_support.cpp
  yaw_filtered__type_support.cpp
     Creating library C:/Obsidian vault/picar_ros2_ws/src/matlab_msg_gen/win64/build/tutorial_interfaces/Release/tutorial_interfaces__rosidl_typesupport_introspection_cpp.lib and object C:/Obsidian vault/picar_ros2_ws/src/matlab_msg_gen/win64/build/tutorial_interfaces/Release/tutorial_interfaces__rosidl_typesupport_introspection_cpp.exp
  tutorial_interfaces__rosidl_typesupport_introspection_cpp.vcxproj -> C:\Obsidian vault\picar_ros2_ws\src\matlab_msg_gen\win64\build\tutorial_interfaces\Release\tutorial_interfaces__rosidl_typesupport_introspection_cpp.dll
  Building Custom Rule C:/Obsidian vault/picar_ros2_ws/src/matlab_msg_gen/win64/src/tutorial_interfaces/CMakeLists.txt
  Generating Python code for ROS interfaces
  Building Custom Rule C:/Obsidian vault/picar_ros2_ws/src/matlab_msg_gen/win64/build/tutorial_interfaces/tutorial_interfaces__py/CMakeLists.txt
  Building Custom Rule C:/Obsidian vault/picar_ros2_ws/src/matlab_msg_gen/win64/src/tutorial_interfaces/CMakeLists.txt
  _gps_s.c
  _pose_setpoint_s.c
  _rpm_s.c
  _vel_setpoint_s.c
  _x_filtered_s.c
  _y_filtered_s.c
  _yaw_filtered_s.c
     Creating library C:/Obsidian vault/picar_ros2_ws/src/matlab_msg_gen/win64/build/tutorial_interfaces/Release/tutorial_interfaces__python.lib and object C:/Obsidian vault/picar_ros2_ws/src/matlab_msg_gen/win64/build/tutorial_interfaces/Release/tutorial_interfaces__python.exp
  tutorial_interfaces__python.vcxproj -> C:\Obsidian vault\picar_ros2_ws\src\matlab_msg_gen\win64\build\tutorial_interfaces\rosidl_generator_py\tutorial_interfaces\tutorial_interfaces__python.dll
  Building Custom Rule C:/Obsidian vault/picar_ros2_ws/src/matlab_msg_gen/win64/src/tutorial_interfaces/CMakeLists.txt
  _tutorial_interfaces_s.ep.rosidl_typesupport_c.c
     Creating library C:/Obsidian vault/picar_ros2_ws/src/matlab_msg_gen/win64/build/tutorial_interfaces/Release/tutorial_interfaces_s__rosidl_typesupport_c.lib and object C:/Obsidian vault/picar_ros2_ws/src/matlab_msg_gen/win64/build/tutorial_interfaces/Release/tutorial_interfaces_s__rosidl_typesupport_c.exp
  tutorial_interfaces__rosidl_typesupport_c__pyext.vcxproj -> C:\Obsidian vault\picar_ros2_ws\src\matlab_msg_gen\win64\build\tutorial_interfaces\rosidl_generator_py\tutorial_interfaces\tutorial_interfaces_s__rosidl_typesupport_c.pyd
  Building Custom Rule C:/Obsidian vault/picar_ros2_ws/src/matlab_msg_gen/win64/src/tutorial_interfaces/CMakeLists.txt
  _tutorial_interfaces_s.ep.rosidl_typesupport_fastrtps_c.c
     Creating library C:/Obsidian vault/picar_ros2_ws/src/matlab_msg_gen/win64/build/tutorial_interfaces/Release/tutorial_interfaces_s__rosidl_typesupport_fastrtps_c.lib and object C:/Obsidian vault/picar_ros2_ws/src/matlab_msg_gen/win64/build/tutorial_interfaces/Release/tutorial_interfaces_s__rosidl_typesupport_fastrtps_c.exp
  tutorial_interfaces__rosidl_typesupport_fastrtps_c__pyext.vcxproj -> C:\Obsidian vault\picar_ros2_ws\src\matlab_msg_gen\win64\build\tutorial_interfaces\rosidl_generator_py\tutorial_interfaces\tutorial_interfaces_s__rosidl_typesupport_fastrtps_c.pyd
  Building Custom Rule C:/Obsidian vault/picar_ros2_ws/src/matlab_msg_gen/win64/src/tutorial_interfaces/CMakeLists.txt
  _tutorial_interfaces_s.ep.rosidl_typesupport_introspection_c.c
     Creating library C:/Obsidian vault/picar_ros2_ws/src/matlab_msg_gen/win64/build/tutorial_interfaces/Release/tutorial_interfaces_s__rosidl_typesupport_introspection_c.lib and object C:/Obsidian vault/picar_ros2_ws/src/matlab_msg_gen/win64/build/tutorial_interfaces/Release/tutorial_interfaces_s__rosidl_typesupport_introspection_c.exp
  tutorial_interfaces__rosidl_typesupport_introspection_c__pyext.vcxproj -> C:\Obsidian vault\picar_ros2_ws\src\matlab_msg_gen\win64\build\tutorial_interfaces\rosidl_generator_py\tutorial_interfaces\tutorial_interfaces_s__rosidl_typesupport_introspection_c.pyd
  Building Custom Rule C:/Obsidian vault/picar_ros2_ws/src/matlab_msg_gen/win64/src/tutorial_interfaces/CMakeLists.txt
  tutorial_interfaces_GPS_message.cpp
  tutorial_interfaces_PoseSetpoint_message.cpp
  tutorial_interfaces_RPM_message.cpp
  tutorial_interfaces_VelSetpoint_message.cpp
  tutorial_interfaces_XFiltered_message.cpp
  tutorial_interfaces_YFiltered_message.cpp
  tutorial_interfaces_YawFiltered_message.cpp
C:\Obsidian vault\picar_ros2_ws\src\matlab_msg_gen\win64\src\tutorial_interfaces\src\tutorial_interfaces_PoseSetpoint_message.cpp(72,115): warning C4275: non dll-interface class 'ROS2MsgElementInterfaceFactory' used as base for dll-interface class 'tutorial_interfaces_PoseSetpoint_message' [C:\Obsidian vault\picar_ros2_ws\src\matlab_msg_gen\win64\build\tutorial_interfaces\tutorial_interfaces_matlab.vcxproj]
C:\Program Files\MATLAB\R2021a\toolbox\ros\include\ros2\MATLABROS2MsgInterface.hpp(46): message : see declaration of 'ROS2MsgElementInterfaceFactory' [C:\Obsidian vault\picar_ros2_ws\src\matlab_msg_gen\win64\build\tutorial_interfaces\tutorial_interfaces_matlab.vcxproj]
C:\Obsidian vault\picar_ros2_ws\src\matlab_msg_gen\win64\src\tutorial_interfaces\src\tutorial_interfaces_PoseSetpoint_message.cpp(72): message : see declaration of 'tutorial_interfaces_PoseSetpoint_message' [C:\Obsidian vault\picar_ros2_ws\src\matlab_msg_gen\win64\build\tutorial_interfaces\tutorial_interfaces_matlab.vcxproj]
C:\Obsidian vault\picar_ros2_ws\src\matlab_msg_gen\win64\src\tutorial_interfaces\src\tutorial_interfaces_YawFiltered_message.cpp(84,114): warning C4275: non dll-interface class 'ROS2MsgElementInterfaceFactory' used as base for dll-interface class 'tutorial_interfaces_YawFiltered_message' [C:\Obsidian vault\picar_ros2_ws\src\matlab_msg_gen\win64\build\tutorial_interfaces\tutorial_interfaces_matlab.vcxproj]
C:\Program Files\MATLAB\R2021a\toolbox\ros\include\ros2\MATLABROS2MsgInterface.hpp(46): message : see declaration of 'ROS2MsgElementInterfaceFactory' [C:\Obsidian vault\picar_ros2_ws\src\matlab_msg_gen\win64\build\tutorial_interfaces\tutorial_interfaces_matlab.vcxproj]
C:\Obsidian vault\picar_ros2_ws\src\matlab_msg_gen\win64\src\tutorial_interfaces\src\tutorial_interfaces_YawFiltered_message.cpp(84): message : see declaration of 'tutorial_interfaces_YawFiltered_message' [C:\Obsidian vault\picar_ros2_ws\src\matlab_msg_gen\win64\build\tutorial_interfaces\tutorial_interfaces_matlab.vcxproj]
C:\Obsidian vault\picar_ros2_ws\src\matlab_msg_gen\win64\src\tutorial_interfaces\src\tutorial_interfaces_XFiltered_message.cpp(84,112): warning C4275: non dll-interface class 'ROS2MsgElementInterfaceFactory' used as base for dll-interface class 'tutorial_interfaces_XFiltered_message' [C:\Obsidian vault\picar_ros2_ws\src\matlab_msg_gen\win64\build\tutorial_interfaces\tutorial_interfaces_matlab.vcxproj]
C:\Program Files\MATLAB\R2021a\toolbox\ros\include\ros2\MATLABROS2MsgInterface.hpp(46): message : see declaration of 'ROS2MsgElementInterfaceFactory' [C:\Obsidian vault\picar_ros2_ws\src\matlab_msg_gen\win64\build\tutorial_interfaces\tutorial_interfaces_matlab.vcxproj]
C:\Obsidian vault\picar_ros2_ws\src\matlab_msg_gen\win64\src\tutorial_interfaces\src\tutorial_interfaces_XFiltered_message.cpp(84): message : see declaration of 'tutorial_interfaces_XFiltered_message' [C:\Obsidian vault\picar_ros2_ws\src\matlab_msg_gen\win64\build\tutorial_interfaces\tutorial_interfaces_matlab.vcxproj]
C:\Obsidian vault\picar_ros2_ws\src\matlab_msg_gen\win64\src\tutorial_interfaces\src\tutorial_interfaces_YFiltered_message.cpp(84,112): warning C4275: non dll-interface class 'ROS2MsgElementInterfaceFactory' used as base for dll-interface class 'tutorial_interfaces_YFiltered_message' [C:\Obsidian vault\picar_ros2_ws\src\matlab_msg_gen\win64\build\tutorial_interfaces\tutorial_interfaces_matlab.vcxproj]
C:\Program Files\MATLAB\R2021a\toolbox\ros\include\ros2\MATLABROS2MsgInterface.hpp(46): message : see declaration of 'ROS2MsgElementInterfaceFactory' [C:\Obsidian vault\picar_ros2_ws\src\matlab_msg_gen\win64\build\tutorial_interfaces\tutorial_interfaces_matlab.vcxproj]
C:\Obsidian vault\picar_ros2_ws\src\matlab_msg_gen\win64\src\tutorial_interfaces\src\tutorial_interfaces_YFiltered_message.cpp(84): message : see declaration of 'tutorial_interfaces_YFiltered_message' [C:\Obsidian vault\picar_ros2_ws\src\matlab_msg_gen\win64\build\tutorial_interfaces\tutorial_interfaces_matlab.vcxproj]
C:\Obsidian vault\picar_ros2_ws\src\matlab_msg_gen\win64\src\tutorial_interfaces\src\tutorial_interfaces_RPM_message.cpp(84,106): warning C4275: non dll-interface class 'ROS2MsgElementInterfaceFactory' used as base for dll-interface class 'tutorial_interfaces_RPM_message' [C:\Obsidian vault\picar_ros2_ws\src\matlab_msg_gen\win64\build\tutorial_interfaces\tutorial_interfaces_matlab.vcxproj]
C:\Program Files\MATLAB\R2021a\toolbox\ros\include\ros2\MATLABROS2MsgInterface.hpp(46): message : see declaration of 'ROS2MsgElementInterfaceFactory' [C:\Obsidian vault\picar_ros2_ws\src\matlab_msg_gen\win64\build\tutorial_interfaces\tutorial_interfaces_matlab.vcxproj]
C:\Obsidian vault\picar_ros2_ws\src\matlab_msg_gen\win64\src\tutorial_interfaces\src\tutorial_interfaces_RPM_message.cpp(84): message : see declaration of 'tutorial_interfaces_RPM_message' [C:\Obsidian vault\picar_ros2_ws\src\matlab_msg_gen\win64\build\tutorial_interfaces\tutorial_interfaces_matlab.vcxproj]
C:\Obsidian vault\picar_ros2_ws\src\matlab_msg_gen\win64\src\tutorial_interfaces\src\tutorial_interfaces_GPS_message.cpp(120,106): warning C4275: non dll-interface class 'ROS2MsgElementInterfaceFactory' used as base for dll-interface class 'tutorial_interfaces_GPS_message' [C:\Obsidian vault\picar_ros2_ws\src\matlab_msg_gen\win64\build\tutorial_interfaces\tutorial_interfaces_matlab.vcxproj]
C:\Program Files\MATLAB\R2021a\toolbox\ros\include\ros2\MATLABROS2MsgInterface.hpp(46): message : see declaration of 'ROS2MsgElementInterfaceFactory' [C:\Obsidian vault\picar_ros2_ws\src\matlab_msg_gen\win64\build\tutorial_interfaces\tutorial_interfaces_matlab.vcxproj]
C:\Obsidian vault\picar_ros2_ws\src\matlab_msg_gen\win64\src\tutorial_interfaces\src\tutorial_interfaces_GPS_message.cpp(120): message : see declaration of 'tutorial_interfaces_GPS_message' [C:\Obsidian vault\picar_ros2_ws\src\matlab_msg_gen\win64\build\tutorial_interfaces\tutorial_interfaces_matlab.vcxproj]
C:\Obsidian vault\picar_ros2_ws\src\matlab_msg_gen\win64\src\tutorial_interfaces\src\tutorial_interfaces_VelSetpoint_message.cpp(84,114): warning C4275: non dll-interface class 'ROS2MsgElementInterfaceFactory' used as base for dll-interface class 'tutorial_interfaces_VelSetpoint_message' [C:\Obsidian vault\picar_ros2_ws\src\matlab_msg_gen\win64\build\tutorial_interfaces\tutorial_interfaces_matlab.vcxproj]
C:\Program Files\MATLAB\R2021a\toolbox\ros\include\ros2\MATLABROS2MsgInterface.hpp(46): message : see declaration of 'ROS2MsgElementInterfaceFactory' [C:\Obsidian vault\picar_ros2_ws\src\matlab_msg_gen\win64\build\tutorial_interfaces\tutorial_interfaces_matlab.vcxproj]
C:\Obsidian vault\picar_ros2_ws\src\matlab_msg_gen\win64\src\tutorial_interfaces\src\tutorial_interfaces_VelSetpoint_message.cpp(84): message : see declaration of 'tutorial_interfaces_VelSetpoint_message' [C:\Obsidian vault\picar_ros2_ws\src\matlab_msg_gen\win64\build\tutorial_interfaces\tutorial_interfaces_matlab.vcxproj]
     Creating library C:/Obsidian vault/picar_ros2_ws/src/matlab_msg_gen/win64/build/tutorial_interfaces/Release/tutorial_interfaces_matlab.lib and object C:/Obsidian vault/picar_ros2_ws/src/matlab_msg_gen/win64/build/tutorial_interfaces/Release/tutorial_interfaces_matlab.exp
  tutorial_interfaces_matlab.vcxproj -> C:\Obsidian vault\picar_ros2_ws\src\matlab_msg_gen\win64\build\tutorial_interfaces\Release\tutorial_interfaces_matlab.dll
  Building Custom Rule C:/Obsidian vault/picar_ros2_ws/src/matlab_msg_gen/win64/src/tutorial_interfaces/CMakeLists.txt
Microsoft (R) Build Engine version 16.11.2+f32259642 for .NET Framework
Copyright (C) Microsoft Corporation. All rights reserved.

Build started 4/19/2023 7:10:30 PM.
Project "C:\Obsidian vault\picar_ros2_ws\src\matlab_msg_gen\win64\build\tutorial_interfaces\INSTALL.vcxproj" on node 1 (default targets).
Project "C:\Obsidian vault\picar_ros2_ws\src\matlab_msg_gen\win64\build\tutorial_interfaces\INSTALL.vcxproj" (1) is building "C:\Obsidian vault\picar_ros2_ws\src\matlab_msg_gen\win64\build\tutorial_interfaces\ZERO_CHECK.vcxproj" (2) on node 1 (default targets).
InitializeBuildStatus:
  Creating "x64\Release\ZERO_CHECK\ZERO_CHECK.tlog\unsuccessfulbuild" because "AlwaysCreate" was specified.
CustomBuild:
  All outputs are up-to-date.
FinalizeBuildStatus:
  Deleting file "x64\Release\ZERO_CHECK\ZERO_CHECK.tlog\unsuccessfulbuild".
  Touching "x64\Release\ZERO_CHECK\ZERO_CHECK.tlog\ZERO_CHECK.lastbuildstate".
Done Building Project "C:\Obsidian vault\picar_ros2_ws\src\matlab_msg_gen\win64\build\tutorial_interfaces\ZERO_CHECK.vcxproj" (default targets).
Project "C:\Obsidian vault\picar_ros2_ws\src\matlab_msg_gen\win64\build\tutorial_interfaces\INSTALL.vcxproj" (1) is building "C:\Obsidian vault\picar_ros2_ws\src\matlab_msg_gen\win64\build\tutorial_interfaces\ALL_BUILD.vcxproj" (3) on node 1 (default targets).
Project "C:\Obsidian vault\picar_ros2_ws\src\matlab_msg_gen\win64\build\tutorial_interfaces\ALL_BUILD.vcxproj" (3) is building "C:\Obsidian vault\picar_ros2_ws\src\matlab_msg_gen\win64\build\tutorial_interfaces\tutorial_interfaces.vcxproj" (4) on node 1 (default targets).
Project "C:\Obsidian vault\picar_ros2_ws\src\matlab_msg_gen\win64\build\tutorial_interfaces\tutorial_interfaces.vcxproj" (4) is building "C:\Obsidian vault\picar_ros2_ws\src\matlab_msg_gen\win64\build\tutorial_interfaces\tutorial_interfaces__cpp.vcxproj" (5) on node 1 (default targets).
InitializeBuildStatus:
  Creating "x64\Release\tutorial_interfaces__cpp\tutorial.76C6548C.tlog\unsuccessfulbuild" because "AlwaysCreate" was specified.
FinalizeBuildStatus:
  Deleting file "x64\Release\tutorial_interfaces__cpp\tutorial.76C6548C.tlog\unsuccessfulbuild".
  Touching "x64\Release\tutorial_interfaces__cpp\tutorial.76C6548C.tlog\tutorial_interfaces__cpp.lastbuildstate".
Done Building Project "C:\Obsidian vault\picar_ros2_ws\src\matlab_msg_gen\win64\build\tutorial_interfaces\tutorial_interfaces__cpp.vcxproj" (default targets).
Project "C:\Obsidian vault\picar_ros2_ws\src\matlab_msg_gen\win64\build\tutorial_interfaces\tutorial_interfaces.vcxproj" (4) is building "C:\Obsidian vault\picar_ros2_ws\src\matlab_msg_gen\win64\build\tutorial_interfaces\tutorial_interfaces__rosidl_generator_c.vcxproj" (6) on node 1 (default targets).
InitializeBuildStatus:
  Creating "tutorial_interfaces__rosidl_generator_c.dir\Release\tutorial.8753D4D4.tlog\unsuccessfulbuild" because "AlwaysCreate" was specified.
CustomBuild:
  All outputs are up-to-date.
ClCompile:
  All outputs are up-to-date.
Link:
  All outputs are up-to-date.
  tutorial_interfaces__rosidl_generator_c.vcxproj -> C:\Obsidian vault\picar_ros2_ws\src\matlab_msg_gen\win64\build\tutorial_interfaces\Release\tutorial_interfaces__rosidl_generator_c.dll
FinalizeBuildStatus:
  Deleting file "tutorial_interfaces__rosidl_generator_c.dir\Release\tutorial.8753D4D4.tlog\unsuccessfulbuild".
  Touching "tutorial_interfaces__rosidl_generator_c.dir\Release\tutorial.8753D4D4.tlog\tutorial_interfaces__rosidl_generator_c.lastbuildstate".
Done Building Project "C:\Obsidian vault\picar_ros2_ws\src\matlab_msg_gen\win64\build\tutorial_interfaces\tutorial_interfaces__rosidl_generator_c.vcxproj" (default targets).
Project "C:\Obsidian vault\picar_ros2_ws\src\matlab_msg_gen\win64\build\tutorial_interfaces\tutorial_interfaces.vcxproj" (4) is building "C:\Obsidian vault\picar_ros2_ws\src\matlab_msg_gen\win64\build\tutorial_interfaces\tutorial_interfaces__rosidl_typesupport_c.vcxproj" (7) on node 1 (default targets).
InitializeBuildStatus:
  Creating "tutorial_interfaces__rosidl_typesupport_c.dir\Release\tutorial.54CC2E0A.tlog\unsuccessfulbuild" because "AlwaysCreate" was specified.
CustomBuild:
  All outputs are up-to-date.
ClCompile:
  All outputs are up-to-date.
Link:
  All outputs are up-to-date.
  tutorial_interfaces__rosidl_typesupport_c.vcxproj -> C:\Obsidian vault\picar_ros2_ws\src\matlab_msg_gen\win64\build\tutorial_interfaces\Release\tutorial_interfaces__rosidl_typesupport_c.dll
FinalizeBuildStatus:
  Deleting file "tutorial_interfaces__rosidl_typesupport_c.dir\Release\tutorial.54CC2E0A.tlog\unsuccessfulbuild".
  Touching "tutorial_interfaces__rosidl_typesupport_c.dir\Release\tutorial.54CC2E0A.tlog\tutorial_interfaces__rosidl_typesupport_c.lastbuildstate".
Done Building Project "C:\Obsidian vault\picar_ros2_ws\src\matlab_msg_gen\win64\build\tutorial_interfaces\tutorial_interfaces__rosidl_typesupport_c.vcxproj" (default targets).
Project "C:\Obsidian vault\picar_ros2_ws\src\matlab_msg_gen\win64\build\tutorial_interfaces\tutorial_interfaces.vcxproj" (4) is building "C:\Obsidian vault\picar_ros2_ws\src\matlab_msg_gen\win64\build\tutorial_interfaces\tutorial_interfaces__rosidl_typesupport_cpp.vcxproj" (8) on node 1 (default targets).
InitializeBuildStatus:
  Creating "tutorial_interfaces__rosidl_typesupport_cpp.dir\Release\tutorial.34D3943F.tlog\unsuccessfulbuild" because "AlwaysCreate" was specified.
CustomBuild:
  All outputs are up-to-date.
ClCompile:
  All outputs are up-to-date.
Link:
  All outputs are up-to-date.
  tutorial_interfaces__rosidl_typesupport_cpp.vcxproj -> C:\Obsidian vault\picar_ros2_ws\src\matlab_msg_gen\win64\build\tutorial_interfaces\Release\tutorial_interfaces__rosidl_typesupport_cpp.dll
FinalizeBuildStatus:
  Deleting file "tutorial_interfaces__rosidl_typesupport_cpp.dir\Release\tutorial.34D3943F.tlog\unsuccessfulbuild".
  Touching "tutorial_interfaces__rosidl_typesupport_cpp.dir\Release\tutorial.34D3943F.tlog\tutorial_interfaces__rosidl_typesupport_cpp.lastbuildstate".
Done Building Project "C:\Obsidian vault\picar_ros2_ws\src\matlab_msg_gen\win64\build\tutorial_interfaces\tutorial_interfaces__rosidl_typesupport_cpp.vcxproj" (default targets).
Project "C:\Obsidian vault\picar_ros2_ws\src\matlab_msg_gen\win64\build\tutorial_interfaces\tutorial_interfaces.vcxproj" (4) is building "C:\Obsidian vault\picar_ros2_ws\src\matlab_msg_gen\win64\build\tutorial_interfaces\tutorial_interfaces__rosidl_typesupport_fastrtps_c.vcxproj" (9) on node 1 (default targets).
Project "C:\Obsidian vault\picar_ros2_ws\src\matlab_msg_gen\win64\build\tutorial_interfaces\tutorial_interfaces__rosidl_typesupport_fastrtps_c.vcxproj" (9) is building "C:\Obsidian vault\picar_ros2_ws\src\matlab_msg_gen\win64\build\tutorial_interfaces\tutorial_interfaces__rosidl_typesupport_fastrtps_cpp.vcxproj" (10) on node 1 (default targets).
InitializeBuildStatus:
  Creating "tutorial_interfaces__rosidl_typesupport_fastrtps_cpp.dir\Release\tutorial.AB04792F.tlog\unsuccessfulbuild" because "AlwaysCreate" was specified.
CustomBuild:
  All outputs are up-to-date.
ClCompile:
  All outputs are up-to-date.
Link:
  All outputs are up-to-date.
  tutorial_interfaces__rosidl_typesupport_fastrtps_cpp.vcxproj -> C:\Obsidian vault\picar_ros2_ws\src\matlab_msg_gen\win64\build\tutorial_interfaces\Release\tutorial_interfaces__rosidl_typesupport_fastrtps_cpp.dll
FinalizeBuildStatus:
  Deleting file "tutorial_interfaces__rosidl_typesupport_fastrtps_cpp.dir\Release\tutorial.AB04792F.tlog\unsuccessfulbuild".
  Touching "tutorial_interfaces__rosidl_typesupport_fastrtps_cpp.dir\Release\tutorial.AB04792F.tlog\tutorial_interfaces__rosidl_typesupport_fastrtps_cpp.lastbuildstate".
Done Building Project "C:\Obsidian vault\picar_ros2_ws\src\matlab_msg_gen\win64\build\tutorial_interfaces\tutorial_interfaces__rosidl_typesupport_fastrtps_cpp.vcxproj" (default targets).
InitializeBuildStatus:
  Creating "tutorial_interfaces__rosidl_typesupport_fastrtps_c.dir\Release\tutorial.43E33BB8.tlog\unsuccessfulbuild" because "AlwaysCreate" was specified.
CustomBuild:
  All outputs are up-to-date.
ClCompile:
  All outputs are up-to-date.
Link:
  All outputs are up-to-date.
  tutorial_interfaces__rosidl_typesupport_fastrtps_c.vcxproj -> C:\Obsidian vault\picar_ros2_ws\src\matlab_msg_gen\win64\build\tutorial_interfaces\Release\tutorial_interfaces__rosidl_typesupport_fastrtps_c.dll
FinalizeBuildStatus:
  Deleting file "tutorial_interfaces__rosidl_typesupport_fastrtps_c.dir\Release\tutorial.43E33BB8.tlog\unsuccessfulbuild".
  Touching "tutorial_interfaces__rosidl_typesupport_fastrtps_c.dir\Release\tutorial.43E33BB8.tlog\tutorial_interfaces__rosidl_typesupport_fastrtps_c.lastbuildstate".
Done Building Project "C:\Obsidian vault\picar_ros2_ws\src\matlab_msg_gen\win64\build\tutorial_interfaces\tutorial_interfaces__rosidl_typesupport_fastrtps_c.vcxproj" (default targets).
Project "C:\Obsidian vault\picar_ros2_ws\src\matlab_msg_gen\win64\build\tutorial_interfaces\tutorial_interfaces.vcxproj" (4) is building "C:\Obsidian vault\picar_ros2_ws\src\matlab_msg_gen\win64\build\tutorial_interfaces\tutorial_interfaces__rosidl_typesupport_introspection_c.vcxproj" (11) on node 1 (default targets).
InitializeBuildStatus:
  Creating "tutorial_interfaces__rosidl_typesupport_introspection_c.dir\Release\tutorial.DB100AC3.tlog\unsuccessfulbuild" because "AlwaysCreate" was specified.
CustomBuild:
  All outputs are up-to-date.
ClCompile:
  All outputs are up-to-date.
Link:
  All outputs are up-to-date.
  tutorial_interfaces__rosidl_typesupport_introspection_c.vcxproj -> C:\Obsidian vault\picar_ros2_ws\src\matlab_msg_gen\win64\build\tutorial_interfaces\Release\tutorial_interfaces__rosidl_typesupport_introspection_c.dll
FinalizeBuildStatus:
  Deleting file "tutorial_interfaces__rosidl_typesupport_introspection_c.dir\Release\tutorial.DB100AC3.tlog\unsuccessfulbuild".
  Touching "tutorial_interfaces__rosidl_typesupport_introspection_c.dir\Release\tutorial.DB100AC3.tlog\tutorial_interfaces__rosidl_typesupport_introspection_c.lastbuildstate".
Done Building Project "C:\Obsidian vault\picar_ros2_ws\src\matlab_msg_gen\win64\build\tutorial_interfaces\tutorial_interfaces__rosidl_typesupport_introspection_c.vcxproj" (default targets).
Project "C:\Obsidian vault\picar_ros2_ws\src\matlab_msg_gen\win64\build\tutorial_interfaces\tutorial_interfaces.vcxproj" (4) is building "C:\Obsidian vault\picar_ros2_ws\src\matlab_msg_gen\win64\build\tutorial_interfaces\tutorial_interfaces__rosidl_typesupport_introspection_cpp.vcxproj" (12) on node 1 (default targets).
InitializeBuildStatus:
  Creating "tutorial_interfaces__rosidl_typesupport_introspection_cpp.dir\Release\tutorial.A8EE5035.tlog\unsuccessfulbuild" because "AlwaysCreate" was specified.
CustomBuild:
  All outputs are up-to-date.
ClCompile:
  All outputs are up-to-date.
Link:
  All outputs are up-to-date.
  tutorial_interfaces__rosidl_typesupport_introspection_cpp.vcxproj -> C:\Obsidian vault\picar_ros2_ws\src\matlab_msg_gen\win64\build\tutorial_interfaces\Release\tutorial_interfaces__rosidl_typesupport_introspection_cpp.dll
FinalizeBuildStatus:
  Deleting file "tutorial_interfaces__rosidl_typesupport_introspection_cpp.dir\Release\tutorial.A8EE5035.tlog\unsuccessfulbuild".
  Touching "tutorial_interfaces__rosidl_typesupport_introspection_cpp.dir\Release\tutorial.A8EE5035.tlog\tutorial_interfaces__rosidl_typesupport_introspection_cpp.lastbuildstate".
Done Building Project "C:\Obsidian vault\picar_ros2_ws\src\matlab_msg_gen\win64\build\tutorial_interfaces\tutorial_interfaces__rosidl_typesupport_introspection_cpp.vcxproj" (default targets).
InitializeBuildStatus:
  Creating "x64\Release\tutorial_interfaces\tutorial.82BC049B.tlog\unsuccessfulbuild" because "AlwaysCreate" was specified.
FinalizeBuildStatus:
  Deleting file "x64\Release\tutorial_interfaces\tutorial.82BC049B.tlog\unsuccessfulbuild".
  Touching "x64\Release\tutorial_interfaces\tutorial.82BC049B.tlog\tutorial_interfaces.lastbuildstate".
Done Building Project "C:\Obsidian vault\picar_ros2_ws\src\matlab_msg_gen\win64\build\tutorial_interfaces\tutorial_interfaces.vcxproj" (default targets).
Project "C:\Obsidian vault\picar_ros2_ws\src\matlab_msg_gen\win64\build\tutorial_interfaces\ALL_BUILD.vcxproj" (3) is building "C:\Obsidian vault\picar_ros2_ws\src\matlab_msg_gen\win64\build\tutorial_interfaces\tutorial_interfaces__python.vcxproj" (13) on node 1 (default targets).
Project "C:\Obsidian vault\picar_ros2_ws\src\matlab_msg_gen\win64\build\tutorial_interfaces\tutorial_interfaces__python.vcxproj" (13) is building "C:\Obsidian vault\picar_ros2_ws\src\matlab_msg_gen\win64\build\tutorial_interfaces\tutorial_interfaces__py\tutorial_interfaces__py.vcxproj" (14) on node 1 (default targets).
InitializeBuildStatus:
  Creating "x64\Release\tutorial_interfaces__py\tutorial.62349060.tlog\unsuccessfulbuild" because "AlwaysCreate" was specified.
FinalizeBuildStatus:
  Deleting file "x64\Release\tutorial_interfaces__py\tutorial.62349060.tlog\unsuccessfulbuild".
  Touching "x64\Release\tutorial_interfaces__py\tutorial.62349060.tlog\tutorial_interfaces__py.lastbuildstate".
Done Building Project "C:\Obsidian vault\picar_ros2_ws\src\matlab_msg_gen\win64\build\tutorial_interfaces\tutorial_interfaces__py\tutorial_interfaces__py.vcxproj" (default targets).
InitializeBuildStatus:
  Creating "tutorial_interfaces__python.dir\Release\tutorial.4B340207.tlog\unsuccessfulbuild" because "AlwaysCreate" was specified.
CustomBuild:
  All outputs are up-to-date.
ClCompile:
  All outputs are up-to-date.
Link:
  All outputs are up-to-date.
  tutorial_interfaces__python.vcxproj -> C:\Obsidian vault\picar_ros2_ws\src\matlab_msg_gen\win64\build\tutorial_interfaces\rosidl_generator_py\tutorial_interfaces\tutorial_interfaces__python.dll
FinalizeBuildStatus:
  Deleting file "tutorial_interfaces__python.dir\Release\tutorial.4B340207.tlog\unsuccessfulbuild".
  Touching "tutorial_interfaces__python.dir\Release\tutorial.4B340207.tlog\tutorial_interfaces__python.lastbuildstate".
Done Building Project "C:\Obsidian vault\picar_ros2_ws\src\matlab_msg_gen\win64\build\tutorial_interfaces\tutorial_interfaces__python.vcxproj" (default targets).
Project "C:\Obsidian vault\picar_ros2_ws\src\matlab_msg_gen\win64\build\tutorial_interfaces\ALL_BUILD.vcxproj" (3) is building "C:\Obsidian vault\picar_ros2_ws\src\matlab_msg_gen\win64\build\tutorial_interfaces\tutorial_interfaces__rosidl_typesupport_c__pyext.vcxproj" (15) on node 1 (default targets).
InitializeBuildStatus:
  Creating "tutorial_interfaces__rosidl_typesupport_c__pyext.dir\Release\tutorial.E283E94F.tlog\unsuccessfulbuild" because "AlwaysCreate" was specified.
CustomBuild:
  All outputs are up-to-date.
ClCompile:
  All outputs are up-to-date.
Link:
  All outputs are up-to-date.
  tutorial_interfaces__rosidl_typesupport_c__pyext.vcxproj -> C:\Obsidian vault\picar_ros2_ws\src\matlab_msg_gen\win64\build\tutorial_interfaces\rosidl_generator_py\tutorial_interfaces\tutorial_interfaces_s__rosidl_typesupport_c.pyd
FinalizeBuildStatus:
  Deleting file "tutorial_interfaces__rosidl_typesupport_c__pyext.dir\Release\tutorial.E283E94F.tlog\unsuccessfulbuild".
  Touching "tutorial_interfaces__rosidl_typesupport_c__pyext.dir\Release\tutorial.E283E94F.tlog\tutorial_interfaces__rosidl_typesupport_c__pyext.lastbuildstate".
Done Building Project "C:\Obsidian vault\picar_ros2_ws\src\matlab_msg_gen\win64\build\tutorial_interfaces\tutorial_interfaces__rosidl_typesupport_c__pyext.vcxproj" (default targets).
Project "C:\Obsidian vault\picar_ros2_ws\src\matlab_msg_gen\win64\build\tutorial_interfaces\ALL_BUILD.vcxproj" (3) is building "C:\Obsidian vault\picar_ros2_ws\src\matlab_msg_gen\win64\build\tutorial_interfaces\tutorial_interfaces__rosidl_typesupport_fastrtps_c__pyext.vcxproj" (16) on node 1 (default targets).
InitializeBuildStatus:
  Creating "tutorial_interfaces__rosidl_typesupport_fastrtps_c__pyext.dir\Release\tutorial.383CB1E8.tlog\unsuccessfulbuild" because "AlwaysCreate" was specified.
CustomBuild:
  All outputs are up-to-date.
ClCompile:
  All outputs are up-to-date.
Link:
  All outputs are up-to-date.
  tutorial_interfaces__rosidl_typesupport_fastrtps_c__pyext.vcxproj -> C:\Obsidian vault\picar_ros2_ws\src\matlab_msg_gen\win64\build\tutorial_interfaces\rosidl_generator_py\tutorial_interfaces\tutorial_interfaces_s__rosidl_typesupport_fastrtps_c.pyd
FinalizeBuildStatus:
  Deleting file "tutorial_interfaces__rosidl_typesupport_fastrtps_c__pyext.dir\Release\tutorial.383CB1E8.tlog\unsuccessfulbuild".
  Touching "tutorial_interfaces__rosidl_typesupport_fastrtps_c__pyext.dir\Release\tutorial.383CB1E8.tlog\tutorial_interfaces__rosidl_typesupport_fastrtps_c__pyext.lastbuildstate".
Done Building Project "C:\Obsidian vault\picar_ros2_ws\src\matlab_msg_gen\win64\build\tutorial_interfaces\tutorial_interfaces__rosidl_typesupport_fastrtps_c__pyext.vcxproj" (default targets).
Project "C:\Obsidian vault\picar_ros2_ws\src\matlab_msg_gen\win64\build\tutorial_interfaces\ALL_BUILD.vcxproj" (3) is building "C:\Obsidian vault\picar_ros2_ws\src\matlab_msg_gen\win64\build\tutorial_interfaces\tutorial_interfaces__rosidl_typesupport_introspection_c__pyext.vcxproj" (17) on node 1 (default targets).
InitializeBuildStatus:
  Creating "tutorial_interfaces__rosidl_typesupport_introspection_c__pyext.dir\Release\tutorial.0DF5E367.tlog\unsuccessfulbuild" because "AlwaysCreate" was specified.
CustomBuild:
  All outputs are up-to-date.
ClCompile:
  All outputs are up-to-date.
Link:
  All outputs are up-to-date.
  tutorial_interfaces__rosidl_typesupport_introspection_c__pyext.vcxproj -> C:\Obsidian vault\picar_ros2_ws\src\matlab_msg_gen\win64\build\tutorial_interfaces\rosidl_generator_py\tutorial_interfaces\tutorial_interfaces_s__rosidl_typesupport_introspection_c.pyd
FinalizeBuildStatus:
  Deleting file "tutorial_interfaces__rosidl_typesupport_introspection_c__pyext.dir\Release\tutorial.0DF5E367.tlog\unsuccessfulbuild".
  Touching "tutorial_interfaces__rosidl_typesupport_introspection_c__pyext.dir\Release\tutorial.0DF5E367.tlog\tutorial_interfaces__rosidl_typesupport_introspection_c__pyext.lastbuildstate".
Done Building Project "C:\Obsidian vault\picar_ros2_ws\src\matlab_msg_gen\win64\build\tutorial_interfaces\tutorial_interfaces__rosidl_typesupport_introspection_c__pyext.vcxproj" (default targets).
Project "C:\Obsidian vault\picar_ros2_ws\src\matlab_msg_gen\win64\build\tutorial_interfaces\ALL_BUILD.vcxproj" (3) is building "C:\Obsidian vault\picar_ros2_ws\src\matlab_msg_gen\win64\build\tutorial_interfaces\tutorial_interfaces_matlab.vcxproj" (18) on node 1 (default targets).
InitializeBuildStatus:
  Creating "tutorial_interfaces_matlab.dir\Release\tutorial.5BA01F01.tlog\unsuccessfulbuild" because "AlwaysCreate" was specified.
CustomBuild:
  All outputs are up-to-date.
ClCompile:
  All outputs are up-to-date.
Link:
  All outputs are up-to-date.
  tutorial_interfaces_matlab.vcxproj -> C:\Obsidian vault\picar_ros2_ws\src\matlab_msg_gen\win64\build\tutorial_interfaces\Release\tutorial_interfaces_matlab.dll
FinalizeBuildStatus:
  Deleting file "tutorial_interfaces_matlab.dir\Release\tutorial.5BA01F01.tlog\unsuccessfulbuild".
  Touching "tutorial_interfaces_matlab.dir\Release\tutorial.5BA01F01.tlog\tutorial_interfaces_matlab.lastbuildstate".
Done Building Project "C:\Obsidian vault\picar_ros2_ws\src\matlab_msg_gen\win64\build\tutorial_interfaces\tutorial_interfaces_matlab.vcxproj" (default targets).
InitializeBuildStatus:
  Creating "x64\Release\ALL_BUILD\ALL_BUILD.tlog\unsuccessfulbuild" because "AlwaysCreate" was specified.
CustomBuild:
  All outputs are up-to-date.
FinalizeBuildStatus:
  Deleting file "x64\Release\ALL_BUILD\ALL_BUILD.tlog\unsuccessfulbuild".
  Touching "x64\Release\ALL_BUILD\ALL_BUILD.tlog\ALL_BUILD.lastbuildstate".
Done Building Project "C:\Obsidian vault\picar_ros2_ws\src\matlab_msg_gen\win64\build\tutorial_interfaces\ALL_BUILD.vcxproj" (default targets).
PrepareForBuild:
  Creating directory "x64\Release\INSTALL\".
  Creating directory "x64\Release\INSTALL\INSTALL.tlog\".
InitializeBuildStatus:
  Creating "x64\Release\INSTALL\INSTALL.tlog\unsuccessfulbuild" because "AlwaysCreate" was specified.
PostBuildEvent:
  setlocal
  "C:\Program Files\CMake\bin\cmake.exe" -DBUILD_TYPE=Release -P cmake_install.cmake
  if %errorlevel% neq 0 goto :cmEnd
  :cmEnd
  endlocal & call :cmErrorLevel %errorlevel% & goto :cmDone
  :cmErrorLevel
  exit /b %1
  :cmDone
  if %errorlevel% neq 0 goto :VCEnd
  :VCEnd
  -- Install configuration: "Release"
  -- Installing: C:/Obsidian vault/picar_ros2_ws/src/matlab_msg_gen/win64/install/share/ament_index/resource_index/rosidl_interfaces/tutorial_interfaces
  -- Installing: C:/Obsidian vault/picar_ros2_ws/src/matlab_msg_gen/win64/install/lib/tutorial_interfaces__rosidl_typesupport_c.lib
  -- Installing: C:/Obsidian vault/picar_ros2_ws/src/matlab_msg_gen/win64/install/bin/tutorial_interfaces__rosidl_typesupport_c.dll
  -- Installing: C:/Obsidian vault/picar_ros2_ws/src/matlab_msg_gen/win64/install/lib/tutorial_interfaces__rosidl_typesupport_cpp.lib
  -- Installing: C:/Obsidian vault/picar_ros2_ws/src/matlab_msg_gen/win64/install/bin/tutorial_interfaces__rosidl_typesupport_cpp.dll
  -- Installing: C:/Obsidian vault/picar_ros2_ws/src/matlab_msg_gen/win64/install/include/tutorial_interfaces
  -- Installing: C:/Obsidian vault/picar_ros2_ws/src/matlab_msg_gen/win64/install/include/tutorial_interfaces/msg
  -- Installing: C:/Obsidian vault/picar_ros2_ws/src/matlab_msg_gen/win64/install/include/tutorial_interfaces/msg/gps__rosidl_typesupport_fastrtps_c.h
  -- Installing: C:/Obsidian vault/picar_ros2_ws/src/matlab_msg_gen/win64/install/include/tutorial_interfaces/msg/pose_setpoint__rosidl_typesupport_fastrtps_c.h
  -- Installing: C:/Obsidian vault/picar_ros2_ws/src/matlab_msg_gen/win64/install/include/tutorial_interfaces/msg/rosidl_typesupport_fastrtps_c__visibility_control.h
  -- Installing: C:/Obsidian vault/picar_ros2_ws/src/matlab_msg_gen/win64/install/include/tutorial_interfaces/msg/rpm__rosidl_typesupport_fastrtps_c.h
  -- Installing: C:/Obsidian vault/picar_ros2_ws/src/matlab_msg_gen/win64/install/include/tutorial_interfaces/msg/vel_setpoint__rosidl_typesupport_fastrtps_c.h
  -- Installing: C:/Obsidian vault/picar_ros2_ws/src/matlab_msg_gen/win64/install/include/tutorial_interfaces/msg/x_filtered__rosidl_typesupport_fastrtps_c.h
  -- Installing: C:/Obsidian vault/picar_ros2_ws/src/matlab_msg_gen/win64/install/include/tutorial_interfaces/msg/yaw_filtered__rosidl_typesupport_fastrtps_c.h
  -- Installing: C:/Obsidian vault/picar_ros2_ws/src/matlab_msg_gen/win64/install/include/tutorial_interfaces/msg/y_filtered__rosidl_typesupport_fastrtps_c.h
  -- Installing: C:/Obsidian vault/picar_ros2_ws/src/matlab_msg_gen/win64/install/lib/tutorial_interfaces__rosidl_typesupport_fastrtps_c.lib
  -- Installing: C:/Obsidian vault/picar_ros2_ws/src/matlab_msg_gen/win64/install/bin/tutorial_interfaces__rosidl_typesupport_fastrtps_c.dll
  -- Up-to-date: C:/Obsidian vault/picar_ros2_ws/src/matlab_msg_gen/win64/install/include/tutorial_interfaces
  -- Up-to-date: C:/Obsidian vault/picar_ros2_ws/src/matlab_msg_gen/win64/install/include/tutorial_interfaces/msg
  -- Installing: C:/Obsidian vault/picar_ros2_ws/src/matlab_msg_gen/win64/install/include/tutorial_interfaces/msg/gps.h
  -- Installing: C:/Obsidian vault/picar_ros2_ws/src/matlab_msg_gen/win64/install/include/tutorial_interfaces/msg/gps__functions.c
  -- Installing: C:/Obsidian vault/picar_ros2_ws/src/matlab_msg_gen/win64/install/include/tutorial_interfaces/msg/gps__functions.h
  -- Installing: C:/Obsidian vault/picar_ros2_ws/src/matlab_msg_gen/win64/install/include/tutorial_interfaces/msg/gps__struct.h
  -- Installing: C:/Obsidian vault/picar_ros2_ws/src/matlab_msg_gen/win64/install/include/tutorial_interfaces/msg/gps__type_support.h
  -- Installing: C:/Obsidian vault/picar_ros2_ws/src/matlab_msg_gen/win64/install/include/tutorial_interfaces/msg/pose_setpoint.h
  -- Installing: C:/Obsidian vault/picar_ros2_ws/src/matlab_msg_gen/win64/install/include/tutorial_interfaces/msg/pose_setpoint__functions.c
  -- Installing: C:/Obsidian vault/picar_ros2_ws/src/matlab_msg_gen/win64/install/include/tutorial_interfaces/msg/pose_setpoint__functions.h
  -- Installing: C:/Obsidian vault/picar_ros2_ws/src/matlab_msg_gen/win64/install/include/tutorial_interfaces/msg/pose_setpoint__struct.h
  -- Installing: C:/Obsidian vault/picar_ros2_ws/src/matlab_msg_gen/win64/install/include/tutorial_interfaces/msg/pose_setpoint__type_support.h
  -- Installing: C:/Obsidian vault/picar_ros2_ws/src/matlab_msg_gen/win64/install/include/tutorial_interfaces/msg/rosidl_generator_c__visibility_control.h
  -- Installing: C:/Obsidian vault/picar_ros2_ws/src/matlab_msg_gen/win64/install/include/tutorial_interfaces/msg/rpm.h
  -- Installing: C:/Obsidian vault/picar_ros2_ws/src/matlab_msg_gen/win64/install/include/tutorial_interfaces/msg/rpm__functions.c
  -- Installing: C:/Obsidian vault/picar_ros2_ws/src/matlab_msg_gen/win64/install/include/tutorial_interfaces/msg/rpm__functions.h
  -- Installing: C:/Obsidian vault/picar_ros2_ws/src/matlab_msg_gen/win64/install/include/tutorial_interfaces/msg/rpm__struct.h
  -- Installing: C:/Obsidian vault/picar_ros2_ws/src/matlab_msg_gen/win64/install/include/tutorial_interfaces/msg/rpm__type_support.h
  -- Installing: C:/Obsidian vault/picar_ros2_ws/src/matlab_msg_gen/win64/install/include/tutorial_interfaces/msg/vel_setpoint.h
  -- Installing: C:/Obsidian vault/picar_ros2_ws/src/matlab_msg_gen/win64/install/include/tutorial_interfaces/msg/vel_setpoint__functions.c
  -- Installing: C:/Obsidian vault/picar_ros2_ws/src/matlab_msg_gen/win64/install/include/tutorial_interfaces/msg/vel_setpoint__functions.h
  -- Installing: C:/Obsidian vault/picar_ros2_ws/src/matlab_msg_gen/win64/install/include/tutorial_interfaces/msg/vel_setpoint__struct.h
  -- Installing: C:/Obsidian vault/picar_ros2_ws/src/matlab_msg_gen/win64/install/include/tutorial_interfaces/msg/vel_setpoint__type_support.h
  -- Installing: C:/Obsidian vault/picar_ros2_ws/src/matlab_msg_gen/win64/install/include/tutorial_interfaces/msg/x_filtered.h
  -- Installing: C:/Obsidian vault/picar_ros2_ws/src/matlab_msg_gen/win64/install/include/tutorial_interfaces/msg/x_filtered__functions.c
  -- Installing: C:/Obsidian vault/picar_ros2_ws/src/matlab_msg_gen/win64/install/include/tutorial_interfaces/msg/x_filtered__functions.h
  -- Installing: C:/Obsidian vault/picar_ros2_ws/src/matlab_msg_gen/win64/install/include/tutorial_interfaces/msg/x_filtered__struct.h
  -- Installing: C:/Obsidian vault/picar_ros2_ws/src/matlab_msg_gen/win64/install/include/tutorial_interfaces/msg/x_filtered__type_support.h
  -- Installing: C:/Obsidian vault/picar_ros2_ws/src/matlab_msg_gen/win64/install/include/tutorial_interfaces/msg/yaw_filtered.h
  -- Installing: C:/Obsidian vault/picar_ros2_ws/src/matlab_msg_gen/win64/install/include/tutorial_interfaces/msg/yaw_filtered__functions.c
  -- Installing: C:/Obsidian vault/picar_ros2_ws/src/matlab_msg_gen/win64/install/include/tutorial_interfaces/msg/yaw_filtered__functions.h
  -- Installing: C:/Obsidian vault/picar_ros2_ws/src/matlab_msg_gen/win64/install/include/tutorial_interfaces/msg/yaw_filtered__struct.h
  -- Installing: C:/Obsidian vault/picar_ros2_ws/src/matlab_msg_gen/win64/install/include/tutorial_interfaces/msg/yaw_filtered__type_support.h
  -- Installing: C:/Obsidian vault/picar_ros2_ws/src/matlab_msg_gen/win64/install/include/tutorial_interfaces/msg/y_filtered.h
  -- Installing: C:/Obsidian vault/picar_ros2_ws/src/matlab_msg_gen/win64/install/include/tutorial_interfaces/msg/y_filtered__functions.c
  -- Installing: C:/Obsidian vault/picar_ros2_ws/src/matlab_msg_gen/win64/install/include/tutorial_interfaces/msg/y_filtered__functions.h
  -- Installing: C:/Obsidian vault/picar_ros2_ws/src/matlab_msg_gen/win64/install/include/tutorial_interfaces/msg/y_filtered__struct.h
  -- Installing: C:/Obsidian vault/picar_ros2_ws/src/matlab_msg_gen/win64/install/include/tutorial_interfaces/msg/y_filtered__type_support.h
  -- Installing: C:/Obsidian vault/picar_ros2_ws/src/matlab_msg_gen/win64/install/lib/tutorial_interfaces__rosidl_generator_c.lib
  -- Installing: C:/Obsidian vault/picar_ros2_ws/src/matlab_msg_gen/win64/install/bin/tutorial_interfaces__rosidl_generator_c.dll
  -- Up-to-date: C:/Obsidian vault/picar_ros2_ws/src/matlab_msg_gen/win64/install/include/tutorial_interfaces
  -- Up-to-date: C:/Obsidian vault/picar_ros2_ws/src/matlab_msg_gen/win64/install/include/tutorial_interfaces/msg
  -- Installing: C:/Obsidian vault/picar_ros2_ws/src/matlab_msg_gen/win64/install/include/tutorial_interfaces/msg/dds_fastrtps
  -- Installing: C:/Obsidian vault/picar_ros2_ws/src/matlab_msg_gen/win64/install/include/tutorial_interfaces/msg/gps__rosidl_typesupport_fastrtps_cpp.hpp
  -- Installing: C:/Obsidian vault/picar_ros2_ws/src/matlab_msg_gen/win64/install/include/tutorial_interfaces/msg/pose_setpoint__rosidl_typesupport_fastrtps_cpp.hpp
  -- Installing: C:/Obsidian vault/picar_ros2_ws/src/matlab_msg_gen/win64/install/include/tutorial_interfaces/msg/rosidl_typesupport_fastrtps_cpp__visibility_control.h
  -- Installing: C:/Obsidian vault/picar_ros2_ws/src/matlab_msg_gen/win64/install/include/tutorial_interfaces/msg/rpm__rosidl_typesupport_fastrtps_cpp.hpp
  -- Installing: C:/Obsidian vault/picar_ros2_ws/src/matlab_msg_gen/win64/install/include/tutorial_interfaces/msg/vel_setpoint__rosidl_typesupport_fastrtps_cpp.hpp
  -- Installing: C:/Obsidian vault/picar_ros2_ws/src/matlab_msg_gen/win64/install/include/tutorial_interfaces/msg/x_filtered__rosidl_typesupport_fastrtps_cpp.hpp
  -- Installing: C:/Obsidian vault/picar_ros2_ws/src/matlab_msg_gen/win64/install/include/tutorial_interfaces/msg/yaw_filtered__rosidl_typesupport_fastrtps_cpp.hpp
  -- Installing: C:/Obsidian vault/picar_ros2_ws/src/matlab_msg_gen/win64/install/include/tutorial_interfaces/msg/y_filtered__rosidl_typesupport_fastrtps_cpp.hpp
  -- Installing: C:/Obsidian vault/picar_ros2_ws/src/matlab_msg_gen/win64/install/lib/tutorial_interfaces__rosidl_typesupport_fastrtps_cpp.lib
  -- Installing: C:/Obsidian vault/picar_ros2_ws/src/matlab_msg_gen/win64/install/bin/tutorial_interfaces__rosidl_typesupport_fastrtps_cpp.dll
  -- Up-to-date: C:/Obsidian vault/picar_ros2_ws/src/matlab_msg_gen/win64/install/include/tutorial_interfaces
  -- Up-to-date: C:/Obsidian vault/picar_ros2_ws/src/matlab_msg_gen/win64/install/include/tutorial_interfaces/msg
  -- Installing: C:/Obsidian vault/picar_ros2_ws/src/matlab_msg_gen/win64/install/include/tutorial_interfaces/msg/gps.hpp
  -- Installing: C:/Obsidian vault/picar_ros2_ws/src/matlab_msg_gen/win64/install/include/tutorial_interfaces/msg/gps__struct.hpp
  -- Installing: C:/Obsidian vault/picar_ros2_ws/src/matlab_msg_gen/win64/install/include/tutorial_interfaces/msg/gps__traits.hpp
  -- Installing: C:/Obsidian vault/picar_ros2_ws/src/matlab_msg_gen/win64/install/include/tutorial_interfaces/msg/pose_setpoint.hpp
  -- Installing: C:/Obsidian vault/picar_ros2_ws/src/matlab_msg_gen/win64/install/include/tutorial_interfaces/msg/pose_setpoint__struct.hpp
  -- Installing: C:/Obsidian vault/picar_ros2_ws/src/matlab_msg_gen/win64/install/include/tutorial_interfaces/msg/pose_setpoint__traits.hpp
  -- Installing: C:/Obsidian vault/picar_ros2_ws/src/matlab_msg_gen/win64/install/include/tutorial_interfaces/msg/rpm.hpp
  -- Installing: C:/Obsidian vault/picar_ros2_ws/src/matlab_msg_gen/win64/install/include/tutorial_interfaces/msg/rpm__struct.hpp
  -- Installing: C:/Obsidian vault/picar_ros2_ws/src/matlab_msg_gen/win64/install/include/tutorial_interfaces/msg/rpm__traits.hpp
  -- Installing: C:/Obsidian vault/picar_ros2_ws/src/matlab_msg_gen/win64/install/include/tutorial_interfaces/msg/vel_setpoint.hpp
  -- Installing: C:/Obsidian vault/picar_ros2_ws/src/matlab_msg_gen/win64/install/include/tutorial_interfaces/msg/vel_setpoint__struct.hpp
  -- Installing: C:/Obsidian vault/picar_ros2_ws/src/matlab_msg_gen/win64/install/include/tutorial_interfaces/msg/vel_setpoint__traits.hpp
  -- Installing: C:/Obsidian vault/picar_ros2_ws/src/matlab_msg_gen/win64/install/include/tutorial_interfaces/msg/x_filtered.hpp
  -- Installing: C:/Obsidian vault/picar_ros2_ws/src/matlab_msg_gen/win64/install/include/tutorial_interfaces/msg/x_filtered__struct.hpp
  -- Installing: C:/Obsidian vault/picar_ros2_ws/src/matlab_msg_gen/win64/install/include/tutorial_interfaces/msg/x_filtered__traits.hpp
  -- Installing: C:/Obsidian vault/picar_ros2_ws/src/matlab_msg_gen/win64/install/include/tutorial_interfaces/msg/yaw_filtered.hpp
  -- Installing: C:/Obsidian vault/picar_ros2_ws/src/matlab_msg_gen/win64/install/include/tutorial_interfaces/msg/yaw_filtered__struct.hpp
  -- Installing: C:/Obsidian vault/picar_ros2_ws/src/matlab_msg_gen/win64/install/include/tutorial_interfaces/msg/yaw_filtered__traits.hpp
  -- Installing: C:/Obsidian vault/picar_ros2_ws/src/matlab_msg_gen/win64/install/include/tutorial_interfaces/msg/y_filtered.hpp
  -- Installing: C:/Obsidian vault/picar_ros2_ws/src/matlab_msg_gen/win64/install/include/tutorial_interfaces/msg/y_filtered__struct.hpp
  -- Installing: C:/Obsidian vault/picar_ros2_ws/src/matlab_msg_gen/win64/install/include/tutorial_interfaces/msg/y_filtered__traits.hpp
  -- Up-to-date: C:/Obsidian vault/picar_ros2_ws/src/matlab_msg_gen/win64/install/include/tutorial_interfaces
  -- Up-to-date: C:/Obsidian vault/picar_ros2_ws/src/matlab_msg_gen/win64/install/include/tutorial_interfaces/msg
  -- Installing: C:/Obsidian vault/picar_ros2_ws/src/matlab_msg_gen/win64/install/include/tutorial_interfaces/msg/gps__rosidl_typesupport_introspection_c.h
  -- Installing: C:/Obsidian vault/picar_ros2_ws/src/matlab_msg_gen/win64/install/include/tutorial_interfaces/msg/gps__type_support.c
  -- Installing: C:/Obsidian vault/picar_ros2_ws/src/matlab_msg_gen/win64/install/include/tutorial_interfaces/msg/pose_setpoint__rosidl_typesupport_introspection_c.h
  -- Installing: C:/Obsidian vault/picar_ros2_ws/src/matlab_msg_gen/win64/install/include/tutorial_interfaces/msg/pose_setpoint__type_support.c
  -- Installing: C:/Obsidian vault/picar_ros2_ws/src/matlab_msg_gen/win64/install/include/tutorial_interfaces/msg/rosidl_typesupport_introspection_c__visibility_control.h
  -- Installing: C:/Obsidian vault/picar_ros2_ws/src/matlab_msg_gen/win64/install/include/tutorial_interfaces/msg/rpm__rosidl_typesupport_introspection_c.h
  -- Installing: C:/Obsidian vault/picar_ros2_ws/src/matlab_msg_gen/win64/install/include/tutorial_interfaces/msg/rpm__type_support.c
  -- Installing: C:/Obsidian vault/picar_ros2_ws/src/matlab_msg_gen/win64/install/include/tutorial_interfaces/msg/vel_setpoint__rosidl_typesupport_introspection_c.h
  -- Installing: C:/Obsidian vault/picar_ros2_ws/src/matlab_msg_gen/win64/install/include/tutorial_interfaces/msg/vel_setpoint__type_support.c
  -- Installing: C:/Obsidian vault/picar_ros2_ws/src/matlab_msg_gen/win64/install/include/tutorial_interfaces/msg/x_filtered__rosidl_typesupport_introspection_c.h
  -- Installing: C:/Obsidian vault/picar_ros2_ws/src/matlab_msg_gen/win64/install/include/tutorial_interfaces/msg/x_filtered__type_support.c
  -- Installing: C:/Obsidian vault/picar_ros2_ws/src/matlab_msg_gen/win64/install/include/tutorial_interfaces/msg/yaw_filtered__rosidl_typesupport_introspection_c.h
  -- Installing: C:/Obsidian vault/picar_ros2_ws/src/matlab_msg_gen/win64/install/include/tutorial_interfaces/msg/yaw_filtered__type_support.c
  -- Installing: C:/Obsidian vault/picar_ros2_ws/src/matlab_msg_gen/win64/install/include/tutorial_interfaces/msg/y_filtered__rosidl_typesupport_introspection_c.h
  -- Installing: C:/Obsidian vault/picar_ros2_ws/src/matlab_msg_gen/win64/install/include/tutorial_interfaces/msg/y_filtered__type_support.c
  -- Installing: C:/Obsidian vault/picar_ros2_ws/src/matlab_msg_gen/win64/install/lib/tutorial_interfaces__rosidl_typesupport_introspection_c.lib
  -- Installing: C:/Obsidian vault/picar_ros2_ws/src/matlab_msg_gen/win64/install/bin/tutorial_interfaces__rosidl_typesupport_introspection_c.dll
  -- Up-to-date: C:/Obsidian vault/picar_ros2_ws/src/matlab_msg_gen/win64/install/include/tutorial_interfaces
  -- Up-to-date: C:/Obsidian vault/picar_ros2_ws/src/matlab_msg_gen/win64/install/include/tutorial_interfaces/msg
  -- Installing: C:/Obsidian vault/picar_ros2_ws/src/matlab_msg_gen/win64/install/include/tutorial_interfaces/msg/gps__rosidl_typesupport_introspection_cpp.hpp
  -- Installing: C:/Obsidian vault/picar_ros2_ws/src/matlab_msg_gen/win64/install/include/tutorial_interfaces/msg/gps__type_support.cpp
  -- Installing: C:/Obsidian vault/picar_ros2_ws/src/matlab_msg_gen/win64/install/include/tutorial_interfaces/msg/pose_setpoint__rosidl_typesupport_introspection_cpp.hpp
  -- Installing: C:/Obsidian vault/picar_ros2_ws/src/matlab_msg_gen/win64/install/include/tutorial_interfaces/msg/pose_setpoint__type_support.cpp
  -- Installing: C:/Obsidian vault/picar_ros2_ws/src/matlab_msg_gen/win64/install/include/tutorial_interfaces/msg/rpm__rosidl_typesupport_introspection_cpp.hpp
  -- Installing: C:/Obsidian vault/picar_ros2_ws/src/matlab_msg_gen/win64/install/include/tutorial_interfaces/msg/rpm__type_support.cpp
  -- Installing: C:/Obsidian vault/picar_ros2_ws/src/matlab_msg_gen/win64/install/include/tutorial_interfaces/msg/vel_setpoint__rosidl_typesupport_introspection_cpp.hpp
  -- Installing: C:/Obsidian vault/picar_ros2_ws/src/matlab_msg_gen/win64/install/include/tutorial_interfaces/msg/vel_setpoint__type_support.cpp
  -- Installing: C:/Obsidian vault/picar_ros2_ws/src/matlab_msg_gen/win64/install/include/tutorial_interfaces/msg/x_filtered__rosidl_typesupport_introspection_cpp.hpp
  -- Installing: C:/Obsidian vault/picar_ros2_ws/src/matlab_msg_gen/win64/install/include/tutorial_interfaces/msg/x_filtered__type_support.cpp
  -- Installing: C:/Obsidian vault/picar_ros2_ws/src/matlab_msg_gen/win64/install/include/tutorial_interfaces/msg/yaw_filtered__rosidl_typesupport_introspection_cpp.hpp
  -- Installing: C:/Obsidian vault/picar_ros2_ws/src/matlab_msg_gen/win64/install/include/tutorial_interfaces/msg/yaw_filtered__type_support.cpp
  -- Installing: C:/Obsidian vault/picar_ros2_ws/src/matlab_msg_gen/win64/install/include/tutorial_interfaces/msg/y_filtered__rosidl_typesupport_introspection_cpp.hpp
  -- Installing: C:/Obsidian vault/picar_ros2_ws/src/matlab_msg_gen/win64/install/include/tutorial_interfaces/msg/y_filtered__type_support.cpp
  -- Installing: C:/Obsidian vault/picar_ros2_ws/src/matlab_msg_gen/win64/install/lib/tutorial_interfaces__rosidl_typesupport_introspection_cpp.lib
  -- Installing: C:/Obsidian vault/picar_ros2_ws/src/matlab_msg_gen/win64/install/bin/tutorial_interfaces__rosidl_typesupport_introspection_cpp.dll
  -- Installing: C:/Obsidian vault/picar_ros2_ws/src/matlab_msg_gen/win64/install/share/tutorial_interfaces/environment/pythonpath.bat
  -- Installing: C:/Obsidian vault/picar_ros2_ws/src/matlab_msg_gen/win64/install/Lib/site-packages/tutorial_interfaces/__init__.py
  Compiling 'C:/Obsidian vault/picar_ros2_ws/src/matlab_msg_gen/win64/install/Lib/site-packages/tutorial_interfaces/__init__.py'...
  -- Installing: C:/Obsidian vault/picar_ros2_ws/src/matlab_msg_gen/win64/install/Lib/site-packages/tutorial_interfaces/msg
  -- Installing: C:/Obsidian vault/picar_ros2_ws/src/matlab_msg_gen/win64/install/Lib/site-packages/tutorial_interfaces/msg/_gps.py
  -- Installing: C:/Obsidian vault/picar_ros2_ws/src/matlab_msg_gen/win64/install/Lib/site-packages/tutorial_interfaces/msg/_gps_s.c
  -- Installing: C:/Obsidian vault/picar_ros2_ws/src/matlab_msg_gen/win64/install/Lib/site-packages/tutorial_interfaces/msg/_pose_setpoint.py
  -- Installing: C:/Obsidian vault/picar_ros2_ws/src/matlab_msg_gen/win64/install/Lib/site-packages/tutorial_interfaces/msg/_pose_setpoint_s.c
  -- Installing: C:/Obsidian vault/picar_ros2_ws/src/matlab_msg_gen/win64/install/Lib/site-packages/tutorial_interfaces/msg/_rpm.py
  -- Installing: C:/Obsidian vault/picar_ros2_ws/src/matlab_msg_gen/win64/install/Lib/site-packages/tutorial_interfaces/msg/_rpm_s.c
  -- Installing: C:/Obsidian vault/picar_ros2_ws/src/matlab_msg_gen/win64/install/Lib/site-packages/tutorial_interfaces/msg/_vel_setpoint.py
  -- Installing: C:/Obsidian vault/picar_ros2_ws/src/matlab_msg_gen/win64/install/Lib/site-packages/tutorial_interfaces/msg/_vel_setpoint_s.c
  -- Installing: C:/Obsidian vault/picar_ros2_ws/src/matlab_msg_gen/win64/install/Lib/site-packages/tutorial_interfaces/msg/_x_filtered.py
  -- Installing: C:/Obsidian vault/picar_ros2_ws/src/matlab_msg_gen/win64/install/Lib/site-packages/tutorial_interfaces/msg/_x_filtered_s.c
  -- Installing: C:/Obsidian vault/picar_ros2_ws/src/matlab_msg_gen/win64/install/Lib/site-packages/tutorial_interfaces/msg/_yaw_filtered.py
  -- Installing: C:/Obsidian vault/picar_ros2_ws/src/matlab_msg_gen/win64/install/Lib/site-packages/tutorial_interfaces/msg/_yaw_filtered_s.c
  -- Installing: C:/Obsidian vault/picar_ros2_ws/src/matlab_msg_gen/win64/install/Lib/site-packages/tutorial_interfaces/msg/_y_filtered.py
  -- Installing: C:/Obsidian vault/picar_ros2_ws/src/matlab_msg_gen/win64/install/Lib/site-packages/tutorial_interfaces/msg/_y_filtered_s.c
  -- Installing: C:/Obsidian vault/picar_ros2_ws/src/matlab_msg_gen/win64/install/Lib/site-packages/tutorial_interfaces/msg/__init__.py
  -- Installing: C:/Obsidian vault/picar_ros2_ws/src/matlab_msg_gen/win64/install/Lib/site-packages/tutorial_interfaces/tutorial_interfaces_s__rosidl_typesupport_c.lib
  -- Installing: C:/Obsidian vault/picar_ros2_ws/src/matlab_msg_gen/win64/install/Lib/site-packages/tutorial_interfaces/tutorial_interfaces_s__rosidl_typesupport_c.pyd
  -- Installing: C:/Obsidian vault/picar_ros2_ws/src/matlab_msg_gen/win64/install/Lib/site-packages/tutorial_interfaces/tutorial_interfaces_s__rosidl_typesupport_fastrtps_c.lib
  -- Installing: C:/Obsidian vault/picar_ros2_ws/src/matlab_msg_gen/win64/install/Lib/site-packages/tutorial_interfaces/tutorial_interfaces_s__rosidl_typesupport_fastrtps_c.pyd
  -- Installing: C:/Obsidian vault/picar_ros2_ws/src/matlab_msg_gen/win64/install/Lib/site-packages/tutorial_interfaces/tutorial_interfaces_s__rosidl_typesupport_introspection_c.lib
  -- Installing: C:/Obsidian vault/picar_ros2_ws/src/matlab_msg_gen/win64/install/Lib/site-packages/tutorial_interfaces/tutorial_interfaces_s__rosidl_typesupport_introspection_c.pyd
  -- Installing: C:/Obsidian vault/picar_ros2_ws/src/matlab_msg_gen/win64/install/lib/tutorial_interfaces__python.lib
  -- Installing: C:/Obsidian vault/picar_ros2_ws/src/matlab_msg_gen/win64/install/bin/tutorial_interfaces__python.dll
  -- Installing: C:/Obsidian vault/picar_ros2_ws/src/matlab_msg_gen/win64/install/share/tutorial_interfaces/msg/GPS.idl
  -- Installing: C:/Obsidian vault/picar_ros2_ws/src/matlab_msg_gen/win64/install/share/tutorial_interfaces/msg/PoseSetpoint.idl
  -- Installing: C:/Obsidian vault/picar_ros2_ws/src/matlab_msg_gen/win64/install/share/tutorial_interfaces/msg/RPM.idl
  -- Installing: C:/Obsidian vault/picar_ros2_ws/src/matlab_msg_gen/win64/install/share/tutorial_interfaces/msg/VelSetpoint.idl
  -- Installing: C:/Obsidian vault/picar_ros2_ws/src/matlab_msg_gen/win64/install/share/tutorial_interfaces/msg/XFiltered.idl
  -- Installing: C:/Obsidian vault/picar_ros2_ws/src/matlab_msg_gen/win64/install/share/tutorial_interfaces/msg/YFiltered.idl
  -- Installing: C:/Obsidian vault/picar_ros2_ws/src/matlab_msg_gen/win64/install/share/tutorial_interfaces/msg/YawFiltered.idl
  -- Installing: C:/Obsidian vault/picar_ros2_ws/src/matlab_msg_gen/win64/install/share/tutorial_interfaces/msg/GPS.msg
  -- Installing: C:/Obsidian vault/picar_ros2_ws/src/matlab_msg_gen/win64/install/share/tutorial_interfaces/msg/PoseSetpoint.msg
  -- Installing: C:/Obsidian vault/picar_ros2_ws/src/matlab_msg_gen/win64/install/share/tutorial_interfaces/msg/RPM.msg
  -- Installing: C:/Obsidian vault/picar_ros2_ws/src/matlab_msg_gen/win64/install/share/tutorial_interfaces/msg/VelSetpoint.msg
  -- Installing: C:/Obsidian vault/picar_ros2_ws/src/matlab_msg_gen/win64/install/share/tutorial_interfaces/msg/XFiltered.msg
  -- Installing: C:/Obsidian vault/picar_ros2_ws/src/matlab_msg_gen/win64/install/share/tutorial_interfaces/msg/YFiltered.msg
  -- Installing: C:/Obsidian vault/picar_ros2_ws/src/matlab_msg_gen/win64/install/share/tutorial_interfaces/msg/YawFiltered.msg
  -- Up-to-date: C:/Obsidian vault/picar_ros2_ws/src/matlab_msg_gen/win64/install/include
  -- Up-to-date: C:/Obsidian vault/picar_ros2_ws/src/matlab_msg_gen/win64/install/include/tutorial_interfaces
  -- Installing: C:/Obsidian vault/picar_ros2_ws/src/matlab_msg_gen/win64/install/include/tutorial_interfaces/visibility_control.h
  -- Installing: C:/Obsidian vault/picar_ros2_ws/src/matlab_msg_gen/win64/install/lib/tutorial_interfaces_matlab.lib
  -- Installing: C:/Obsidian vault/picar_ros2_ws/src/matlab_msg_gen/win64/install/bin/tutorial_interfaces_matlab.dll
  -- Installing: C:/Obsidian vault/picar_ros2_ws/src/matlab_msg_gen/win64/install/m/
  -- Installing: C:/Obsidian vault/picar_ros2_ws/src/matlab_msg_gen/win64/install/m//+ros
  -- Installing: C:/Obsidian vault/picar_ros2_ws/src/matlab_msg_gen/win64/install/m//+ros/+internal
  -- Installing: C:/Obsidian vault/picar_ros2_ws/src/matlab_msg_gen/win64/install/m//+ros/+internal/+ros2
  -- Installing: C:/Obsidian vault/picar_ros2_ws/src/matlab_msg_gen/win64/install/m//+ros/+internal/+ros2/+custommessages
  -- Installing: C:/Obsidian vault/picar_ros2_ws/src/matlab_msg_gen/win64/install/m//+ros/+internal/+ros2/+custommessages/+tutorial_interfaces
  -- Installing: C:/Obsidian vault/picar_ros2_ws/src/matlab_msg_gen/win64/install/m//+ros/+internal/+ros2/+custommessages/+tutorial_interfaces/gPS.m
  -- Installing: C:/Obsidian vault/picar_ros2_ws/src/matlab_msg_gen/win64/install/m//+ros/+internal/+ros2/+custommessages/+tutorial_interfaces/poseSetpoint.m
  -- Installing: C:/Obsidian vault/picar_ros2_ws/src/matlab_msg_gen/win64/install/m//+ros/+internal/+ros2/+custommessages/+tutorial_interfaces/rPM.m
  -- Installing: C:/Obsidian vault/picar_ros2_ws/src/matlab_msg_gen/win64/install/m//+ros/+internal/+ros2/+custommessages/+tutorial_interfaces/tutorial_interfaces_msg_GPS_1To2_Converter.m
  -- Installing: C:/Obsidian vault/picar_ros2_ws/src/matlab_msg_gen/win64/install/m//+ros/+internal/+ros2/+custommessages/+tutorial_interfaces/tutorial_interfaces_msg_GPS_2To1_Converter.m
  -- Installing: C:/Obsidian vault/picar_ros2_ws/src/matlab_msg_gen/win64/install/m//+ros/+internal/+ros2/+custommessages/+tutorial_interfaces/tutorial_interfaces_msg_PoseSetpoint_1To2_Converter.m
  -- Installing: C:/Obsidian vault/picar_ros2_ws/src/matlab_msg_gen/win64/install/m//+ros/+internal/+ros2/+custommessages/+tutorial_interfaces/tutorial_interfaces_msg_PoseSetpoint_2To1_Converter.m
  -- Installing: C:/Obsidian vault/picar_ros2_ws/src/matlab_msg_gen/win64/install/m//+ros/+internal/+ros2/+custommessages/+tutorial_interfaces/tutorial_interfaces_msg_RPM_1To2_Converter.m
  -- Installing: C:/Obsidian vault/picar_ros2_ws/src/matlab_msg_gen/win64/install/m//+ros/+internal/+ros2/+custommessages/+tutorial_interfaces/tutorial_interfaces_msg_RPM_2To1_Converter.m
  -- Installing: C:/Obsidian vault/picar_ros2_ws/src/matlab_msg_gen/win64/install/m//+ros/+internal/+ros2/+custommessages/+tutorial_interfaces/tutorial_interfaces_msg_VelSetpoint_1To2_Converter.m
  -- Installing: C:/Obsidian vault/picar_ros2_ws/src/matlab_msg_gen/win64/install/m//+ros/+internal/+ros2/+custommessages/+tutorial_interfaces/tutorial_interfaces_msg_VelSetpoint_2To1_Converter.m
  -- Installing: C:/Obsidian vault/picar_ros2_ws/src/matlab_msg_gen/win64/install/m//+ros/+internal/+ros2/+custommessages/+tutorial_interfaces/tutorial_interfaces_msg_XFiltered_1To2_Converter.m
  -- Installing: C:/Obsidian vault/picar_ros2_ws/src/matlab_msg_gen/win64/install/m//+ros/+internal/+ros2/+custommessages/+tutorial_interfaces/tutorial_interfaces_msg_XFiltered_2To1_Converter.m
  -- Installing: C:/Obsidian vault/picar_ros2_ws/src/matlab_msg_gen/win64/install/m//+ros/+internal/+ros2/+custommessages/+tutorial_interfaces/tutorial_interfaces_msg_YawFiltered_1To2_Converter.m
  -- Installing: C:/Obsidian vault/picar_ros2_ws/src/matlab_msg_gen/win64/install/m//+ros/+internal/+ros2/+custommessages/+tutorial_interfaces/tutorial_interfaces_msg_YawFiltered_2To1_Converter.m
  -- Installing: C:/Obsidian vault/picar_ros2_ws/src/matlab_msg_gen/win64/install/m//+ros/+internal/+ros2/+custommessages/+tutorial_interfaces/tutorial_interfaces_msg_YFiltered_1To2_Converter.m
  -- Installing: C:/Obsidian vault/picar_ros2_ws/src/matlab_msg_gen/win64/install/m//+ros/+internal/+ros2/+custommessages/+tutorial_interfaces/tutorial_interfaces_msg_YFiltered_2To1_Converter.m
  -- Installing: C:/Obsidian vault/picar_ros2_ws/src/matlab_msg_gen/win64/install/m//+ros/+internal/+ros2/+custommessages/+tutorial_interfaces/velSetpoint.m
  -- Installing: C:/Obsidian vault/picar_ros2_ws/src/matlab_msg_gen/win64/install/m//+ros/+internal/+ros2/+custommessages/+tutorial_interfaces/xFiltered.m
  -- Installing: C:/Obsidian vault/picar_ros2_ws/src/matlab_msg_gen/win64/install/m//+ros/+internal/+ros2/+custommessages/+tutorial_interfaces/yawFiltered.m
  -- Installing: C:/Obsidian vault/picar_ros2_ws/src/matlab_msg_gen/win64/install/m//+ros/+internal/+ros2/+custommessages/+tutorial_interfaces/yFiltered.m
  -- Installing: C:/Obsidian vault/picar_ros2_ws/src/matlab_msg_gen/win64/install/share/ament_index/resource_index/package_run_dependencies/tutorial_interfaces
  -- Installing: C:/Obsidian vault/picar_ros2_ws/src/matlab_msg_gen/win64/install/share/ament_index/resource_index/parent_prefix_path/tutorial_interfaces
  -- Installing: C:/Obsidian vault/picar_ros2_ws/src/matlab_msg_gen/win64/install/share/tutorial_interfaces/environment/ament_prefix_path.bat
  -- Installing: C:/Obsidian vault/picar_ros2_ws/src/matlab_msg_gen/win64/install/share/tutorial_interfaces/environment/path.bat
  -- Installing: C:/Obsidian vault/picar_ros2_ws/src/matlab_msg_gen/win64/install/share/tutorial_interfaces/local_setup.bat
  -- Installing: C:/Obsidian vault/picar_ros2_ws/src/matlab_msg_gen/win64/install/share/ament_index/resource_index/packages/tutorial_interfaces
  -- Installing: C:/Obsidian vault/picar_ros2_ws/src/matlab_msg_gen/win64/install/share/tutorial_interfaces/cmake/rosidl_cmake-extras.cmake
  -- Installing: C:/Obsidian vault/picar_ros2_ws/src/matlab_msg_gen/win64/install/share/tutorial_interfaces/cmake/ament_cmake_export_dependencies-extras.cmake
  -- Installing: C:/Obsidian vault/picar_ros2_ws/src/matlab_msg_gen/win64/install/share/tutorial_interfaces/cmake/ament_cmake_export_libraries-extras.cmake
  -- Installing: C:/Obsidian vault/picar_ros2_ws/src/matlab_msg_gen/win64/install/share/tutorial_interfaces/cmake/ament_cmake_export_include_directories-extras.cmake
  -- Installing: C:/Obsidian vault/picar_ros2_ws/src/matlab_msg_gen/win64/install/share/tutorial_interfaces/cmake/tutorial_interfacesConfig.cmake
  -- Installing: C:/Obsidian vault/picar_ros2_ws/src/matlab_msg_gen/win64/install/share/tutorial_interfaces/cmake/tutorial_interfacesConfig-version.cmake
  -- Installing: C:/Obsidian vault/picar_ros2_ws/src/matlab_msg_gen/win64/install/share/tutorial_interfaces/package.xml
FinalizeBuildStatus:
  Deleting file "x64\Release\INSTALL\INSTALL.tlog\unsuccessfulbuild".
  Touching "x64\Release\INSTALL\INSTALL.tlog\INSTALL.lastbuildstate".
Done Building Project "C:\Obsidian vault\picar_ros2_ws\src\matlab_msg_gen\win64\build\tutorial_interfaces\INSTALL.vcxproj" (default targets).

Build succeeded.
    0 Warning(s)
    0 Error(s)

Time Elapsed 00:00:05.53
