[2.927s] Invoking command in '/home/willwu/Capstone-2023/picar_ros2_ws/src/picar_sys': PYTHONPATH=/home/willwu/Capstone-2023/picar_ros2_ws/build/picar_sys/prefix_override:/home/willwu/Capstone-2023/picar_ros2_ws/install/picar_sys/lib/python3.10/site-packages:${PYTHONPATH} /usr/bin/python3 setup.py egg_info --egg-base ../../build/picar_sys build --build-base /home/willwu/Capstone-2023/picar_ros2_ws/build/picar_sys/build install --record /home/willwu/Capstone-2023/picar_ros2_ws/build/picar_sys/install.log --single-version-externally-managed
[4.009s] running egg_info
[4.012s] writing ../../build/picar_sys/picar_sys.egg-info/PKG-INFO
[4.013s] writing dependency_links to ../../build/picar_sys/picar_sys.egg-info/dependency_links.txt
[4.014s] writing entry points to ../../build/picar_sys/picar_sys.egg-info/entry_points.txt
[4.015s] writing requirements to ../../build/picar_sys/picar_sys.egg-info/requires.txt
[4.015s] writing top-level names to ../../build/picar_sys/picar_sys.egg-info/top_level.txt
[4.024s] reading manifest file '../../build/picar_sys/picar_sys.egg-info/SOURCES.txt'
[4.028s] writing manifest file '../../build/picar_sys/picar_sys.egg-info/SOURCES.txt'
[4.029s] running build
[4.030s] running build_py
[4.030s] copying picar_sys/imu.py -> /home/willwu/Capstone-2023/picar_ros2_ws/build/picar_sys/build/lib/picar_sys
[4.032s] copying drivers/imu_driver.py -> /home/willwu/Capstone-2023/picar_ros2_ws/build/picar_sys/build/lib/drivers
[4.034s] running install
[4.036s] /usr/lib/python3/dist-packages/setuptools/command/install.py:34: SetuptoolsDeprecationWarning: setup.py install is deprecated. Use build and pip and other standards-based tools.
[4.036s]   warnings.warn(
[4.037s] running install_lib
[4.040s] copying /home/willwu/Capstone-2023/picar_ros2_ws/build/picar_sys/build/lib/drivers/imu_driver.py -> /home/willwu/Capstone-2023/picar_ros2_ws/install/picar_sys/lib/python3.10/site-packages/drivers
[4.042s] copying /home/willwu/Capstone-2023/picar_ros2_ws/build/picar_sys/build/lib/picar_sys/imu.py -> /home/willwu/Capstone-2023/picar_ros2_ws/install/picar_sys/lib/python3.10/site-packages/picar_sys
[4.045s] byte-compiling /home/willwu/Capstone-2023/picar_ros2_ws/install/picar_sys/lib/python3.10/site-packages/drivers/imu_driver.py to imu_driver.cpython-310.pyc
[4.049s] byte-compiling /home/willwu/Capstone-2023/picar_ros2_ws/install/picar_sys/lib/python3.10/site-packages/picar_sys/imu.py to imu.cpython-310.pyc
[4.052s] running install_data
[4.054s] running install_egg_info
[4.060s] removing '/home/willwu/Capstone-2023/picar_ros2_ws/install/picar_sys/lib/python3.10/site-packages/picar_sys-0.0.0-py3.10.egg-info' (and everything under it)
[4.062s] Copying ../../build/picar_sys/picar_sys.egg-info to /home/willwu/Capstone-2023/picar_ros2_ws/install/picar_sys/lib/python3.10/site-packages/picar_sys-0.0.0-py3.10.egg-info
[4.070s] running install_scripts
[4.150s] Installing imu script to /home/willwu/Capstone-2023/picar_ros2_ws/install/picar_sys/lib/picar_sys
[4.152s] writing list of installed files to '/home/willwu/Capstone-2023/picar_ros2_ws/build/picar_sys/install.log'
[4.271s] Invoked command in '/home/willwu/Capstone-2023/picar_ros2_ws/src/picar_sys' returned '0': PYTHONPATH=/home/willwu/Capstone-2023/picar_ros2_ws/build/picar_sys/prefix_override:/home/willwu/Capstone-2023/picar_ros2_ws/install/picar_sys/lib/python3.10/site-packages:${PYTHONPATH} /usr/bin/python3 setup.py egg_info --egg-base ../../build/picar_sys build --build-base /home/willwu/Capstone-2023/picar_ros2_ws/build/picar_sys/build install --record /home/willwu/Capstone-2023/picar_ros2_ws/build/picar_sys/install.log --single-version-externally-managed
