running egg_info
creating build/picar_sys/picar_sys.egg-info
writing build/picar_sys/picar_sys.egg-info/PKG-INFO
writing dependency_links to build/picar_sys/picar_sys.egg-info/dependency_links.txt
writing entry points to build/picar_sys/picar_sys.egg-info/entry_points.txt
writing requirements to build/picar_sys/picar_sys.egg-info/requires.txt
writing top-level names to build/picar_sys/picar_sys.egg-info/top_level.txt
writing manifest file 'build/picar_sys/picar_sys.egg-info/SOURCES.txt'
reading manifest file 'build/picar_sys/picar_sys.egg-info/SOURCES.txt'
writing manifest file 'build/picar_sys/picar_sys.egg-info/SOURCES.txt'
running build
running build_py
creating /home/willwu/Capstone-2023/picar_ros2_ws/src/picar_sys/build/picar_sys/build
creating /home/willwu/Capstone-2023/picar_ros2_ws/src/picar_sys/build/picar_sys/build/lib
creating /home/willwu/Capstone-2023/picar_ros2_ws/src/picar_sys/build/picar_sys/build/lib/picar_sys
copying picar_sys/rpm_publisher.py -> /home/willwu/Capstone-2023/picar_ros2_ws/src/picar_sys/build/picar_sys/build/lib/picar_sys
copying picar_sys/__init__.py -> /home/willwu/Capstone-2023/picar_ros2_ws/src/picar_sys/build/picar_sys/build/lib/picar_sys
copying picar_sys/test_sub.py -> /home/willwu/Capstone-2023/picar_ros2_ws/src/picar_sys/build/picar_sys/build/lib/picar_sys
copying picar_sys/imu.py -> /home/willwu/Capstone-2023/picar_ros2_ws/src/picar_sys/build/picar_sys/build/lib/picar_sys
creating /home/willwu/Capstone-2023/picar_ros2_ws/src/picar_sys/build/picar_sys/build/lib/drivers
copying drivers/imu_driver.py -> /home/willwu/Capstone-2023/picar_ros2_ws/src/picar_sys/build/picar_sys/build/lib/drivers
copying drivers/__init__.py -> /home/willwu/Capstone-2023/picar_ros2_ws/src/picar_sys/build/picar_sys/build/lib/drivers
copying drivers/imu_param.py -> /home/willwu/Capstone-2023/picar_ros2_ws/src/picar_sys/build/picar_sys/build/lib/drivers
copying drivers/encoder_driver.py -> /home/willwu/Capstone-2023/picar_ros2_ws/src/picar_sys/build/picar_sys/build/lib/drivers
running install
running install_lib
creating /home/willwu/Capstone-2023/picar_ros2_ws/src/picar_sys/install/picar_sys/lib/python3.10/site-packages/picar_sys
copying /home/willwu/Capstone-2023/picar_ros2_ws/src/picar_sys/build/picar_sys/build/lib/picar_sys/rpm_publisher.py -> /home/willwu/Capstone-2023/picar_ros2_ws/src/picar_sys/install/picar_sys/lib/python3.10/site-packages/picar_sys
copying /home/willwu/Capstone-2023/picar_ros2_ws/src/picar_sys/build/picar_sys/build/lib/picar_sys/__init__.py -> /home/willwu/Capstone-2023/picar_ros2_ws/src/picar_sys/install/picar_sys/lib/python3.10/site-packages/picar_sys
copying /home/willwu/Capstone-2023/picar_ros2_ws/src/picar_sys/build/picar_sys/build/lib/picar_sys/test_sub.py -> /home/willwu/Capstone-2023/picar_ros2_ws/src/picar_sys/install/picar_sys/lib/python3.10/site-packages/picar_sys
copying /home/willwu/Capstone-2023/picar_ros2_ws/src/picar_sys/build/picar_sys/build/lib/picar_sys/imu.py -> /home/willwu/Capstone-2023/picar_ros2_ws/src/picar_sys/install/picar_sys/lib/python3.10/site-packages/picar_sys
creating /home/willwu/Capstone-2023/picar_ros2_ws/src/picar_sys/install/picar_sys/lib/python3.10/site-packages/drivers
copying /home/willwu/Capstone-2023/picar_ros2_ws/src/picar_sys/build/picar_sys/build/lib/drivers/imu_driver.py -> /home/willwu/Capstone-2023/picar_ros2_ws/src/picar_sys/install/picar_sys/lib/python3.10/site-packages/drivers
copying /home/willwu/Capstone-2023/picar_ros2_ws/src/picar_sys/build/picar_sys/build/lib/drivers/__init__.py -> /home/willwu/Capstone-2023/picar_ros2_ws/src/picar_sys/install/picar_sys/lib/python3.10/site-packages/drivers
copying /home/willwu/Capstone-2023/picar_ros2_ws/src/picar_sys/build/picar_sys/build/lib/drivers/imu_param.py -> /home/willwu/Capstone-2023/picar_ros2_ws/src/picar_sys/install/picar_sys/lib/python3.10/site-packages/drivers
copying /home/willwu/Capstone-2023/picar_ros2_ws/src/picar_sys/build/picar_sys/build/lib/drivers/encoder_driver.py -> /home/willwu/Capstone-2023/picar_ros2_ws/src/picar_sys/install/picar_sys/lib/python3.10/site-packages/drivers
byte-compiling /home/willwu/Capstone-2023/picar_ros2_ws/src/picar_sys/install/picar_sys/lib/python3.10/site-packages/picar_sys/rpm_publisher.py to rpm_publisher.cpython-310.pyc
byte-compiling /home/willwu/Capstone-2023/picar_ros2_ws/src/picar_sys/install/picar_sys/lib/python3.10/site-packages/picar_sys/__init__.py to __init__.cpython-310.pyc
byte-compiling /home/willwu/Capstone-2023/picar_ros2_ws/src/picar_sys/install/picar_sys/lib/python3.10/site-packages/picar_sys/test_sub.py to test_sub.cpython-310.pyc
byte-compiling /home/willwu/Capstone-2023/picar_ros2_ws/src/picar_sys/install/picar_sys/lib/python3.10/site-packages/picar_sys/imu.py to imu.cpython-310.pyc
byte-compiling /home/willwu/Capstone-2023/picar_ros2_ws/src/picar_sys/install/picar_sys/lib/python3.10/site-packages/drivers/imu_driver.py to imu_driver.cpython-310.pyc
byte-compiling /home/willwu/Capstone-2023/picar_ros2_ws/src/picar_sys/install/picar_sys/lib/python3.10/site-packages/drivers/__init__.py to __init__.cpython-310.pyc
byte-compiling /home/willwu/Capstone-2023/picar_ros2_ws/src/picar_sys/install/picar_sys/lib/python3.10/site-packages/drivers/imu_param.py to imu_param.cpython-310.pyc
byte-compiling /home/willwu/Capstone-2023/picar_ros2_ws/src/picar_sys/install/picar_sys/lib/python3.10/site-packages/drivers/encoder_driver.py to encoder_driver.cpython-310.pyc
running install_data
creating /home/willwu/Capstone-2023/picar_ros2_ws/src/picar_sys/install/picar_sys/share/ament_index
creating /home/willwu/Capstone-2023/picar_ros2_ws/src/picar_sys/install/picar_sys/share/ament_index/resource_index
creating /home/willwu/Capstone-2023/picar_ros2_ws/src/picar_sys/install/picar_sys/share/ament_index/resource_index/packages
copying resource/picar_sys -> /home/willwu/Capstone-2023/picar_ros2_ws/src/picar_sys/install/picar_sys/share/ament_index/resource_index/packages
copying package.xml -> /home/willwu/Capstone-2023/picar_ros2_ws/src/picar_sys/install/picar_sys/share/picar_sys
running install_egg_info
Copying build/picar_sys/picar_sys.egg-info to /home/willwu/Capstone-2023/picar_ros2_ws/src/picar_sys/install/picar_sys/lib/python3.10/site-packages/picar_sys-0.0.0-py3.10.egg-info
running install_scripts
Installing imu script to /home/willwu/Capstone-2023/picar_ros2_ws/src/picar_sys/install/picar_sys/lib/picar_sys
Installing rpm script to /home/willwu/Capstone-2023/picar_ros2_ws/src/picar_sys/install/picar_sys/lib/picar_sys
Installing server script to /home/willwu/Capstone-2023/picar_ros2_ws/src/picar_sys/install/picar_sys/lib/picar_sys
Installing test_sub script to /home/willwu/Capstone-2023/picar_ros2_ws/src/picar_sys/install/picar_sys/lib/picar_sys
writing list of installed files to '/home/willwu/Capstone-2023/picar_ros2_ws/src/picar_sys/build/picar_sys/install.log'
