[2.680s] Invoking command in '/home/willwu/Capstone-2023/picar_ros2_ws/src/picar_sys': PYTHONPATH=/home/willwu/Capstone-2023/picar_ros2_ws/build/picar_sys/prefix_override:/home/willwu/Capstone-2023/picar_ros2_ws/install/picar_sys/lib/python3.10/site-packages:${PYTHONPATH} /usr/bin/python3 setup.py egg_info --egg-base ../../build/picar_sys build --build-base /home/willwu/Capstone-2023/picar_ros2_ws/build/picar_sys/build install --record /home/willwu/Capstone-2023/picar_ros2_ws/build/picar_sys/install.log --single-version-externally-managed
[3.745s] running egg_info
[3.747s] creating ../../build/picar_sys/picar_sys.egg-info
[3.748s] writing ../../build/picar_sys/picar_sys.egg-info/PKG-INFO
[3.749s] writing dependency_links to ../../build/picar_sys/picar_sys.egg-info/dependency_links.txt
[3.750s] writing entry points to ../../build/picar_sys/picar_sys.egg-info/entry_points.txt
[3.750s] writing requirements to ../../build/picar_sys/picar_sys.egg-info/requires.txt
[3.751s] writing top-level names to ../../build/picar_sys/picar_sys.egg-info/top_level.txt
[3.752s] writing manifest file '../../build/picar_sys/picar_sys.egg-info/SOURCES.txt'
[3.757s] package init file 'drivers/__init__.py' not found (or not a regular file)
[3.759s] reading manifest file '../../build/picar_sys/picar_sys.egg-info/SOURCES.txt'
[3.762s] writing manifest file '../../build/picar_sys/picar_sys.egg-info/SOURCES.txt'
[3.763s] running build
[3.763s] running build_py
[3.764s] creating /home/willwu/Capstone-2023/picar_ros2_ws/build/picar_sys/build
[3.764s] creating /home/willwu/Capstone-2023/picar_ros2_ws/build/picar_sys/build/lib
[3.765s] creating /home/willwu/Capstone-2023/picar_ros2_ws/build/picar_sys/build/lib/picar_sys
[3.765s] copying picar_sys/__init__.py -> /home/willwu/Capstone-2023/picar_ros2_ws/build/picar_sys/build/lib/picar_sys
[3.765s] copying picar_sys/imu.py -> /home/willwu/Capstone-2023/picar_ros2_ws/build/picar_sys/build/lib/picar_sys
[3.766s] creating /home/willwu/Capstone-2023/picar_ros2_ws/build/picar_sys/build/lib/drivers
[3.767s] copying drivers/imu_driver.py -> /home/willwu/Capstone-2023/picar_ros2_ws/build/picar_sys/build/lib/drivers
[3.767s] copying drivers/imu_param.py -> /home/willwu/Capstone-2023/picar_ros2_ws/build/picar_sys/build/lib/drivers
[3.770s] running install
[3.771s] /usr/lib/python3/dist-packages/setuptools/command/install.py:34: SetuptoolsDeprecationWarning: setup.py install is deprecated. Use build and pip and other standards-based tools.
[3.771s]   warnings.warn(
[3.772s] running install_lib
[3.775s] creating /home/willwu/Capstone-2023/picar_ros2_ws/install/picar_sys/lib/python3.10/site-packages/drivers
[3.776s] copying /home/willwu/Capstone-2023/picar_ros2_ws/build/picar_sys/build/lib/drivers/imu_driver.py -> /home/willwu/Capstone-2023/picar_ros2_ws/install/picar_sys/lib/python3.10/site-packages/drivers
[3.776s] copying /home/willwu/Capstone-2023/picar_ros2_ws/build/picar_sys/build/lib/drivers/imu_param.py -> /home/willwu/Capstone-2023/picar_ros2_ws/install/picar_sys/lib/python3.10/site-packages/drivers
[3.777s] creating /home/willwu/Capstone-2023/picar_ros2_ws/install/picar_sys/lib/python3.10/site-packages/picar_sys
[3.778s] copying /home/willwu/Capstone-2023/picar_ros2_ws/build/picar_sys/build/lib/picar_sys/__init__.py -> /home/willwu/Capstone-2023/picar_ros2_ws/install/picar_sys/lib/python3.10/site-packages/picar_sys
[3.779s] copying /home/willwu/Capstone-2023/picar_ros2_ws/build/picar_sys/build/lib/picar_sys/imu.py -> /home/willwu/Capstone-2023/picar_ros2_ws/install/picar_sys/lib/python3.10/site-packages/picar_sys
[3.782s] byte-compiling /home/willwu/Capstone-2023/picar_ros2_ws/install/picar_sys/lib/python3.10/site-packages/drivers/imu_driver.py to imu_driver.cpython-310.pyc
[3.785s] byte-compiling /home/willwu/Capstone-2023/picar_ros2_ws/install/picar_sys/lib/python3.10/site-packages/drivers/imu_param.py to imu_param.cpython-310.pyc
[3.786s] byte-compiling /home/willwu/Capstone-2023/picar_ros2_ws/install/picar_sys/lib/python3.10/site-packages/picar_sys/__init__.py to __init__.cpython-310.pyc
[3.788s] byte-compiling /home/willwu/Capstone-2023/picar_ros2_ws/install/picar_sys/lib/python3.10/site-packages/picar_sys/imu.py to imu.cpython-310.pyc
[3.789s] running install_data
[3.792s] creating /home/willwu/Capstone-2023/picar_ros2_ws/install/picar_sys/share/ament_index
[3.792s] creating /home/willwu/Capstone-2023/picar_ros2_ws/install/picar_sys/share/ament_index/resource_index
[3.793s] creating /home/willwu/Capstone-2023/picar_ros2_ws/install/picar_sys/share/ament_index/resource_index/packages
[3.793s] copying resource/picar_sys -> /home/willwu/Capstone-2023/picar_ros2_ws/install/picar_sys/share/ament_index/resource_index/packages
[3.794s] copying package.xml -> /home/willwu/Capstone-2023/picar_ros2_ws/install/picar_sys/share/picar_sys
[3.794s] running install_egg_info
[3.800s] Copying ../../build/picar_sys/picar_sys.egg-info to /home/willwu/Capstone-2023/picar_ros2_ws/install/picar_sys/lib/python3.10/site-packages/picar_sys-0.0.0-py3.10.egg-info
[3.805s] running install_scripts
[3.883s] Installing imu script to /home/willwu/Capstone-2023/picar_ros2_ws/install/picar_sys/lib/picar_sys
[3.886s] writing list of installed files to '/home/willwu/Capstone-2023/picar_ros2_ws/build/picar_sys/install.log'
[4.003s] Invoked command in '/home/willwu/Capstone-2023/picar_ros2_ws/src/picar_sys' returned '0': PYTHONPATH=/home/willwu/Capstone-2023/picar_ros2_ws/build/picar_sys/prefix_override:/home/willwu/Capstone-2023/picar_ros2_ws/install/picar_sys/lib/python3.10/site-packages:${PYTHONPATH} /usr/bin/python3 setup.py egg_info --egg-base ../../build/picar_sys build --build-base /home/willwu/Capstone-2023/picar_ros2_ws/build/picar_sys/build install --record /home/willwu/Capstone-2023/picar_ros2_ws/build/picar_sys/install.log --single-version-externally-managed
