[3.174s] Invoking command in '/home/willwu/Capstone-2023/picar_ros2_ws/src/picar_sys': PYTHONPATH=/home/willwu/Capstone-2023/picar_ros2_ws/build/picar_sys/prefix_override:/home/willwu/Capstone-2023/picar_ros2_ws/install/picar_sys/lib/python3.10/site-packages:${PYTHONPATH} /usr/bin/python3 setup.py egg_info --egg-base ../../build/picar_sys build --build-base /home/willwu/Capstone-2023/picar_ros2_ws/build/picar_sys/build install --record /home/willwu/Capstone-2023/picar_ros2_ws/build/picar_sys/install.log --single-version-externally-managed
[4.250s] running egg_info
[4.253s] writing ../../build/picar_sys/picar_sys.egg-info/PKG-INFO
[4.254s] writing dependency_links to ../../build/picar_sys/picar_sys.egg-info/dependency_links.txt
[4.255s] writing entry points to ../../build/picar_sys/picar_sys.egg-info/entry_points.txt
[4.255s] writing requirements to ../../build/picar_sys/picar_sys.egg-info/requires.txt
[4.256s] writing top-level names to ../../build/picar_sys/picar_sys.egg-info/top_level.txt
[4.264s] reading manifest file '../../build/picar_sys/picar_sys.egg-info/SOURCES.txt'
[4.270s] writing manifest file '../../build/picar_sys/picar_sys.egg-info/SOURCES.txt'
[4.271s] running build
[4.271s] running build_py
[4.272s] copying picar_sys/imu.py -> /home/willwu/Capstone-2023/picar_ros2_ws/build/picar_sys/build/lib/picar_sys
[4.273s] running install
[4.275s] /usr/lib/python3/dist-packages/setuptools/command/install.py:34: SetuptoolsDeprecationWarning: setup.py install is deprecated. Use build and pip and other standards-based tools.
[4.275s]   warnings.warn(
[4.276s] running install_lib
[4.280s] copying /home/willwu/Capstone-2023/picar_ros2_ws/build/picar_sys/build/lib/picar_sys/imu.py -> /home/willwu/Capstone-2023/picar_ros2_ws/install/picar_sys/lib/python3.10/site-packages/picar_sys
[4.284s] byte-compiling /home/willwu/Capstone-2023/picar_ros2_ws/install/picar_sys/lib/python3.10/site-packages/picar_sys/imu.py to imu.cpython-310.pyc
[4.287s] running install_data
[4.289s] running install_egg_info
[4.295s] removing '/home/willwu/Capstone-2023/picar_ros2_ws/install/picar_sys/lib/python3.10/site-packages/picar_sys-0.0.0-py3.10.egg-info' (and everything under it)
[4.297s] Copying ../../build/picar_sys/picar_sys.egg-info to /home/willwu/Capstone-2023/picar_ros2_ws/install/picar_sys/lib/python3.10/site-packages/picar_sys-0.0.0-py3.10.egg-info
[4.304s] running install_scripts
[4.384s] Installing imu script to /home/willwu/Capstone-2023/picar_ros2_ws/install/picar_sys/lib/picar_sys
[4.386s] writing list of installed files to '/home/willwu/Capstone-2023/picar_ros2_ws/build/picar_sys/install.log'
[4.503s] Invoked command in '/home/willwu/Capstone-2023/picar_ros2_ws/src/picar_sys' returned '0': PYTHONPATH=/home/willwu/Capstone-2023/picar_ros2_ws/build/picar_sys/prefix_override:/home/willwu/Capstone-2023/picar_ros2_ws/install/picar_sys/lib/python3.10/site-packages:${PYTHONPATH} /usr/bin/python3 setup.py egg_info --egg-base ../../build/picar_sys build --build-base /home/willwu/Capstone-2023/picar_ros2_ws/build/picar_sys/build install --record /home/willwu/Capstone-2023/picar_ros2_ws/build/picar_sys/install.log --single-version-externally-managed
