[3.292s] DEBUG:colcon:Command line arguments: ['/usr/bin/colcon', 'build']
[3.292s] DEBUG:colcon:Parsed command line arguments: Namespace(log_base=None, log_level=None, verb_name='build', build_base='build', install_base='install', merge_install=False, symlink_install=False, test_result_base=None, continue_on_error=False, executor='parallel', parallel_workers=4, event_handlers=None, ignore_user_meta=False, metas=['./colcon.meta'], base_paths=['.'], packages_ignore=None, packages_ignore_regex=None, paths=None, packages_up_to=None, packages_up_to_regex=None, packages_above=None, packages_above_and_dependencies=None, packages_above_depth=None, packages_select_by_dep=None, packages_skip_by_dep=None, packages_skip_up_to=None, packages_select_build_failed=False, packages_skip_build_finished=False, packages_select_test_failures=False, packages_skip_test_passed=False, packages_select=None, packages_skip=None, packages_select_regex=None, packages_skip_regex=None, packages_start=None, packages_end=None, allow_overriding=[], cmake_args=None, cmake_target=None, cmake_target_skip_unavailable=False, cmake_clean_cache=False, cmake_clean_first=False, cmake_force_configure=False, ament_cmake_args=None, catkin_cmake_args=None, catkin_skip_building_tests=False, verb_parser=<colcon_defaults.argument_parser.defaults.DefaultArgumentsDecorator object at 0xffffb9661180>, verb_extension=<colcon_core.verb.build.BuildVerb object at 0xffffb9e69420>, main=<bound method BuildVerb.main of <colcon_core.verb.build.BuildVerb object at 0xffffb9e69420>>)
[3.560s] Level 1:colcon.colcon_core.package_discovery:discover_packages(colcon_meta) check parameters
[3.561s] Level 1:colcon.colcon_core.package_discovery:discover_packages(recursive) check parameters
[3.561s] Level 1:colcon.colcon_core.package_discovery:discover_packages(ignore) check parameters
[3.561s] Level 1:colcon.colcon_core.package_discovery:discover_packages(path) check parameters
[3.561s] Level 1:colcon.colcon_core.package_discovery:discover_packages(colcon_meta) discover
[3.562s] Level 1:colcon.colcon_core.package_discovery:discover_packages(recursive) discover
[3.562s] INFO:colcon.colcon_core.package_discovery:Crawling recursively for packages in '/home/willwu/Capstone-2023/picar_ros2_ws/src/picar_sys/picar_sys'
[3.563s] Level 1:colcon.colcon_core.package_identification:_identify(.) by extensions ['ignore', 'ignore_ament_install']
[3.563s] Level 1:colcon.colcon_core.package_identification:_identify(.) by extension 'ignore'
[3.564s] Level 1:colcon.colcon_core.package_identification:_identify(.) by extension 'ignore_ament_install'
[3.564s] Level 1:colcon.colcon_core.package_identification:_identify(.) by extensions ['colcon_pkg']
[3.564s] Level 1:colcon.colcon_core.package_identification:_identify(.) by extension 'colcon_pkg'
[3.564s] Level 1:colcon.colcon_core.package_identification:_identify(.) by extensions ['colcon_meta']
[3.564s] Level 1:colcon.colcon_core.package_identification:_identify(.) by extension 'colcon_meta'
[3.565s] Level 1:colcon.colcon_core.package_identification:_identify(.) by extensions ['ros']
[3.565s] Level 1:colcon.colcon_core.package_identification:_identify(.) by extension 'ros'
[3.646s] Level 1:colcon.colcon_core.package_identification:_identify(.) by extensions ['cmake', 'python']
[3.646s] Level 1:colcon.colcon_core.package_identification:_identify(.) by extension 'cmake'
[3.647s] Level 1:colcon.colcon_core.package_identification:_identify(.) by extension 'python'
[3.647s] Level 1:colcon.colcon_core.package_identification:_identify(.) by extensions ['python_setup_py']
[3.647s] Level 1:colcon.colcon_core.package_identification:_identify(.) by extension 'python_setup_py'
[3.648s] Level 1:colcon.colcon_core.package_identification:_identify(build) by extensions ['ignore', 'ignore_ament_install']
[3.648s] Level 1:colcon.colcon_core.package_identification:_identify(build) by extension 'ignore'
[3.648s] Level 1:colcon.colcon_core.package_identification:_identify(build) ignored
[3.649s] Level 1:colcon.colcon_core.package_identification:_identify(install) by extensions ['ignore', 'ignore_ament_install']
[3.649s] Level 1:colcon.colcon_core.package_identification:_identify(install) by extension 'ignore'
[3.649s] Level 1:colcon.colcon_core.package_identification:_identify(install) ignored
[3.650s] Level 1:colcon.colcon_core.package_identification:_identify(log) by extensions ['ignore', 'ignore_ament_install']
[3.650s] Level 1:colcon.colcon_core.package_identification:_identify(log) by extension 'ignore'
[3.650s] Level 1:colcon.colcon_core.package_identification:_identify(log) ignored
[3.650s] Level 1:colcon.colcon_core.package_discovery:discover_packages(recursive) using defaults
[3.651s] Level 1:colcon.colcon_core.package_discovery:discover_packages(ignore) discover
[3.651s] Level 1:colcon.colcon_core.package_discovery:discover_packages(ignore) using defaults
[3.651s] Level 1:colcon.colcon_core.package_discovery:discover_packages(path) discover
[3.651s] Level 1:colcon.colcon_core.package_discovery:discover_packages(path) using defaults
[3.826s] Level 1:colcon.colcon_core.package_discovery:discover_packages(prefix_path) check parameters
[3.826s] Level 1:colcon.colcon_core.package_discovery:discover_packages(prefix_path) discover
[3.856s] DEBUG:colcon.colcon_installed_package_information.package_discovery:Found 2 installed packages in /home/willwu/Capstone-2023/picar_ros2_ws/install
[3.873s] DEBUG:colcon.colcon_installed_package_information.package_discovery:Found 276 installed packages in /opt/ros/humble
[3.880s] Level 1:colcon.colcon_core.package_discovery:discover_packages(prefix_path) using defaults
[4.400s] INFO:colcon.colcon_core.executor:Executing jobs using 'parallel' executor
[4.414s] DEBUG:colcon.colcon_parallel_executor.executor.parallel:run_until_complete
[4.415s] DEBUG:colcon.colcon_parallel_executor.executor.parallel:closing loop
[4.416s] DEBUG:colcon.colcon_parallel_executor.executor.parallel:loop closed
[4.416s] DEBUG:colcon.colcon_parallel_executor.executor.parallel:run_until_complete finished with '0'
[4.416s] DEBUG:colcon.colcon_core.event_reactor:joining thread
[4.502s] INFO:colcon.colcon_core.plugin_system:Skipping extension 'colcon_notification.desktop_notification.terminal_notifier': Not used on non-Darwin systems
[4.503s] INFO:colcon.colcon_core.plugin_system:Skipping extension 'colcon_notification.desktop_notification.win32': Not used on non-Windows systems
[4.504s] INFO:colcon.colcon_notification.desktop_notification:Sending desktop notification using 'notify2'
[4.610s] DEBUG:colcon.colcon_core.event_reactor:joined thread
[4.645s] INFO:colcon.colcon_core.plugin_system:Skipping extension 'colcon_core.shell.bat': Not used on non-Windows systems
[4.646s] INFO:colcon.colcon_core.shell:Creating prefix script '/home/willwu/Capstone-2023/picar_ros2_ws/src/picar_sys/picar_sys/install/local_setup.ps1'
[4.652s] INFO:colcon.colcon_core.shell:Creating prefix util module '/home/willwu/Capstone-2023/picar_ros2_ws/src/picar_sys/picar_sys/install/_local_setup_util_ps1.py'
[4.660s] INFO:colcon.colcon_core.shell:Creating prefix chain script '/home/willwu/Capstone-2023/picar_ros2_ws/src/picar_sys/picar_sys/install/setup.ps1'
[4.668s] INFO:colcon.colcon_core.shell:Creating prefix script '/home/willwu/Capstone-2023/picar_ros2_ws/src/picar_sys/picar_sys/install/local_setup.sh'
[4.672s] INFO:colcon.colcon_core.shell:Creating prefix util module '/home/willwu/Capstone-2023/picar_ros2_ws/src/picar_sys/picar_sys/install/_local_setup_util_sh.py'
[4.677s] INFO:colcon.colcon_core.shell:Creating prefix chain script '/home/willwu/Capstone-2023/picar_ros2_ws/src/picar_sys/picar_sys/install/setup.sh'
[4.693s] INFO:colcon.colcon_core.shell:Creating prefix script '/home/willwu/Capstone-2023/picar_ros2_ws/src/picar_sys/picar_sys/install/local_setup.bash'
[4.698s] INFO:colcon.colcon_core.shell:Creating prefix chain script '/home/willwu/Capstone-2023/picar_ros2_ws/src/picar_sys/picar_sys/install/setup.bash'
[4.707s] INFO:colcon.colcon_core.shell:Creating prefix script '/home/willwu/Capstone-2023/picar_ros2_ws/src/picar_sys/picar_sys/install/local_setup.zsh'
[4.710s] INFO:colcon.colcon_core.shell:Creating prefix chain script '/home/willwu/Capstone-2023/picar_ros2_ws/src/picar_sys/picar_sys/install/setup.zsh'
