[1.887s] DEBUG:colcon:Command line arguments: ['/usr/bin/colcon', 'build']
[1.887s] DEBUG:colcon:Parsed command line arguments: Namespace(log_base=None, log_level=None, verb_name='build', build_base='build', install_base='install', merge_install=False, symlink_install=False, test_result_base=None, continue_on_error=False, executor='parallel', parallel_workers=4, event_handlers=None, ignore_user_meta=False, metas=['./colcon.meta'], base_paths=['.'], packages_ignore=None, packages_ignore_regex=None, paths=None, packages_up_to=None, packages_up_to_regex=None, packages_above=None, packages_above_and_dependencies=None, packages_above_depth=None, packages_select_by_dep=None, packages_skip_by_dep=None, packages_skip_up_to=None, packages_select_build_failed=False, packages_skip_build_finished=False, packages_select_test_failures=False, packages_skip_test_passed=False, packages_select=None, packages_skip=None, packages_select_regex=None, packages_skip_regex=None, packages_start=None, packages_end=None, allow_overriding=[], cmake_args=None, cmake_target=None, cmake_target_skip_unavailable=False, cmake_clean_cache=False, cmake_clean_first=False, cmake_force_configure=False, ament_cmake_args=None, catkin_cmake_args=None, catkin_skip_building_tests=False, verb_parser=<colcon_defaults.argument_parser.defaults.DefaultArgumentsDecorator object at 0xffff9ad8bdc0>, verb_extension=<colcon_core.verb.build.BuildVerb object at 0xffff9b67afb0>, main=<bound method BuildVerb.main of <colcon_core.verb.build.BuildVerb object at 0xffff9b67afb0>>)
[2.106s] Level 1:colcon.colcon_core.package_discovery:discover_packages(colcon_meta) check parameters
[2.107s] Level 1:colcon.colcon_core.package_discovery:discover_packages(recursive) check parameters
[2.107s] Level 1:colcon.colcon_core.package_discovery:discover_packages(ignore) check parameters
[2.108s] Level 1:colcon.colcon_core.package_discovery:discover_packages(path) check parameters
[2.108s] Level 1:colcon.colcon_core.package_discovery:discover_packages(colcon_meta) discover
[2.108s] Level 1:colcon.colcon_core.package_discovery:discover_packages(recursive) discover
[2.109s] INFO:colcon.colcon_core.package_discovery:Crawling recursively for packages in '/home/willwu/Capstone-2023/picar_ros2_ws/src/picar_sys'
[2.110s] Level 1:colcon.colcon_core.package_identification:_identify(.) by extensions ['ignore', 'ignore_ament_install']
[2.111s] Level 1:colcon.colcon_core.package_identification:_identify(.) by extension 'ignore'
[2.112s] Level 1:colcon.colcon_core.package_identification:_identify(.) by extension 'ignore_ament_install'
[2.112s] Level 1:colcon.colcon_core.package_identification:_identify(.) by extensions ['colcon_pkg']
[2.113s] Level 1:colcon.colcon_core.package_identification:_identify(.) by extension 'colcon_pkg'
[2.113s] Level 1:colcon.colcon_core.package_identification:_identify(.) by extensions ['colcon_meta']
[2.114s] Level 1:colcon.colcon_core.package_identification:_identify(.) by extension 'colcon_meta'
[2.114s] Level 1:colcon.colcon_core.package_identification:_identify(.) by extensions ['ros']
[2.114s] Level 1:colcon.colcon_core.package_identification:_identify(.) by extension 'ros'
[2.195s] DEBUG:colcon.colcon_core.package_identification:Package '.' with type 'ros.ament_python' and name 'picar_sys'
[2.195s] Level 1:colcon.colcon_core.package_discovery:discover_packages(recursive) using defaults
[2.196s] Level 1:colcon.colcon_core.package_discovery:discover_packages(ignore) discover
[2.196s] Level 1:colcon.colcon_core.package_discovery:discover_packages(ignore) using defaults
[2.196s] Level 1:colcon.colcon_core.package_discovery:discover_packages(path) discover
[2.196s] Level 1:colcon.colcon_core.package_discovery:discover_packages(path) using defaults
[2.343s] Level 1:colcon.colcon_core.package_discovery:discover_packages(prefix_path) check parameters
[2.343s] Level 1:colcon.colcon_core.package_discovery:discover_packages(prefix_path) discover
[2.368s] DEBUG:colcon.colcon_installed_package_information.package_discovery:Found 273 installed packages in /opt/ros/humble
[2.376s] Level 1:colcon.colcon_core.package_discovery:discover_packages(prefix_path) using defaults
[2.808s] Level 5:colcon.colcon_core.verb:set package 'picar_sys' build argument 'cmake_args' from command line to 'None'
[2.809s] Level 5:colcon.colcon_core.verb:set package 'picar_sys' build argument 'cmake_target' from command line to 'None'
[2.809s] Level 5:colcon.colcon_core.verb:set package 'picar_sys' build argument 'cmake_target_skip_unavailable' from command line to 'False'
[2.809s] Level 5:colcon.colcon_core.verb:set package 'picar_sys' build argument 'cmake_clean_cache' from command line to 'False'
[2.810s] Level 5:colcon.colcon_core.verb:set package 'picar_sys' build argument 'cmake_clean_first' from command line to 'False'
[2.810s] Level 5:colcon.colcon_core.verb:set package 'picar_sys' build argument 'cmake_force_configure' from command line to 'False'
[2.810s] Level 5:colcon.colcon_core.verb:set package 'picar_sys' build argument 'ament_cmake_args' from command line to 'None'
[2.810s] Level 5:colcon.colcon_core.verb:set package 'picar_sys' build argument 'catkin_cmake_args' from command line to 'None'
[2.811s] Level 5:colcon.colcon_core.verb:set package 'picar_sys' build argument 'catkin_skip_building_tests' from command line to 'False'
[2.811s] DEBUG:colcon.colcon_core.verb:Building package 'picar_sys' with the following arguments: {'ament_cmake_args': None, 'build_base': '/home/willwu/Capstone-2023/picar_ros2_ws/src/picar_sys/build/picar_sys', 'catkin_cmake_args': None, 'catkin_skip_building_tests': False, 'cmake_args': None, 'cmake_clean_cache': False, 'cmake_clean_first': False, 'cmake_force_configure': False, 'cmake_target': None, 'cmake_target_skip_unavailable': False, 'install_base': '/home/willwu/Capstone-2023/picar_ros2_ws/src/picar_sys/install/picar_sys', 'merge_install': False, 'path': '/home/willwu/Capstone-2023/picar_ros2_ws/src/picar_sys', 'symlink_install': False, 'test_result_base': None}
[2.817s] INFO:colcon.colcon_core.executor:Executing jobs using 'parallel' executor
[2.833s] DEBUG:colcon.colcon_parallel_executor.executor.parallel:run_until_complete
[2.834s] INFO:colcon.colcon_ros.task.ament_python.build:Building ROS package in '/home/willwu/Capstone-2023/picar_ros2_ws/src/picar_sys' with build type 'ament_python'
[2.838s] Level 1:colcon.colcon_core.shell:create_environment_hook('picar_sys', 'ament_prefix_path')
[2.860s] INFO:colcon.colcon_core.plugin_system:Skipping extension 'colcon_core.shell.bat': Not used on non-Windows systems
[2.862s] INFO:colcon.colcon_core.shell:Creating environment hook '/home/willwu/Capstone-2023/picar_ros2_ws/src/picar_sys/install/picar_sys/share/picar_sys/hook/ament_prefix_path.ps1'
[2.866s] INFO:colcon.colcon_core.shell:Creating environment descriptor '/home/willwu/Capstone-2023/picar_ros2_ws/src/picar_sys/install/picar_sys/share/picar_sys/hook/ament_prefix_path.dsv'
[2.869s] INFO:colcon.colcon_core.shell:Creating environment hook '/home/willwu/Capstone-2023/picar_ros2_ws/src/picar_sys/install/picar_sys/share/picar_sys/hook/ament_prefix_path.sh'
[2.879s] INFO:colcon.colcon_core.shell:Skip shell extension 'powershell' for command environment: Not usable outside of PowerShell
[2.880s] DEBUG:colcon.colcon_core.shell:Skip shell extension 'dsv' for command environment
[5.115s] INFO:colcon.colcon_core.task.python.build:Building Python package in '/home/willwu/Capstone-2023/picar_ros2_ws/src/picar_sys'
[5.122s] INFO:colcon.colcon_core.shell:Skip shell extension 'powershell' for command environment: Not usable outside of PowerShell
[5.122s] DEBUG:colcon.colcon_core.shell:Skip shell extension 'dsv' for command environment
[7.538s] DEBUG:colcon.colcon_core.event_handler.log_command:Invoking command in '/home/willwu/Capstone-2023/picar_ros2_ws/src/picar_sys': PYTHONPATH=/home/willwu/Capstone-2023/picar_ros2_ws/src/picar_sys/build/picar_sys/prefix_override:/home/willwu/Capstone-2023/picar_ros2_ws/src/picar_sys/install/picar_sys/lib/python3.10/site-packages:${PYTHONPATH} /usr/bin/python3 setup.py egg_info --egg-base build/picar_sys build --build-base /home/willwu/Capstone-2023/picar_ros2_ws/src/picar_sys/build/picar_sys/build install --record /home/willwu/Capstone-2023/picar_ros2_ws/src/picar_sys/build/picar_sys/install.log --single-version-externally-managed
[9.190s] DEBUG:colcon.colcon_core.event_handler.log_command:Invoked command in '/home/willwu/Capstone-2023/picar_ros2_ws/src/picar_sys' returned '0': PYTHONPATH=/home/willwu/Capstone-2023/picar_ros2_ws/src/picar_sys/build/picar_sys/prefix_override:/home/willwu/Capstone-2023/picar_ros2_ws/src/picar_sys/install/picar_sys/lib/python3.10/site-packages:${PYTHONPATH} /usr/bin/python3 setup.py egg_info --egg-base build/picar_sys build --build-base /home/willwu/Capstone-2023/picar_ros2_ws/src/picar_sys/build/picar_sys/build install --record /home/willwu/Capstone-2023/picar_ros2_ws/src/picar_sys/build/picar_sys/install.log --single-version-externally-managed
[9.209s] Level 1:colcon.colcon_core.environment:checking '/home/willwu/Capstone-2023/picar_ros2_ws/src/picar_sys/install/picar_sys' for CMake module files
[9.211s] Level 1:colcon.colcon_core.environment:checking '/home/willwu/Capstone-2023/picar_ros2_ws/src/picar_sys/install/picar_sys' for CMake config files
[9.215s] Level 1:colcon.colcon_core.environment:checking '/home/willwu/Capstone-2023/picar_ros2_ws/src/picar_sys/install/picar_sys/lib'
[9.216s] Level 1:colcon.colcon_core.environment:checking '/home/willwu/Capstone-2023/picar_ros2_ws/src/picar_sys/install/picar_sys/bin'
[9.216s] Level 1:colcon.colcon_core.environment:checking '/home/willwu/Capstone-2023/picar_ros2_ws/src/picar_sys/install/picar_sys/lib/pkgconfig/picar_sys.pc'
[9.217s] Level 1:colcon.colcon_core.environment:checking '/home/willwu/Capstone-2023/picar_ros2_ws/src/picar_sys/install/picar_sys/lib/python3.10/site-packages'
[9.217s] Level 1:colcon.colcon_core.shell:create_environment_hook('picar_sys', 'pythonpath')
[9.222s] INFO:colcon.colcon_core.shell:Creating environment hook '/home/willwu/Capstone-2023/picar_ros2_ws/src/picar_sys/install/picar_sys/share/picar_sys/hook/pythonpath.ps1'
[9.224s] INFO:colcon.colcon_core.shell:Creating environment descriptor '/home/willwu/Capstone-2023/picar_ros2_ws/src/picar_sys/install/picar_sys/share/picar_sys/hook/pythonpath.dsv'
[9.225s] INFO:colcon.colcon_core.shell:Creating environment hook '/home/willwu/Capstone-2023/picar_ros2_ws/src/picar_sys/install/picar_sys/share/picar_sys/hook/pythonpath.sh'
[9.227s] Level 1:colcon.colcon_core.environment:checking '/home/willwu/Capstone-2023/picar_ros2_ws/src/picar_sys/install/picar_sys/bin'
[9.227s] Level 1:colcon.colcon_core.environment:create_environment_scripts_only(picar_sys)
[9.232s] INFO:colcon.colcon_core.shell:Creating package script '/home/willwu/Capstone-2023/picar_ros2_ws/src/picar_sys/install/picar_sys/share/picar_sys/package.ps1'
[9.236s] INFO:colcon.colcon_core.shell:Creating package descriptor '/home/willwu/Capstone-2023/picar_ros2_ws/src/picar_sys/install/picar_sys/share/picar_sys/package.dsv'
[9.238s] INFO:colcon.colcon_core.shell:Creating package script '/home/willwu/Capstone-2023/picar_ros2_ws/src/picar_sys/install/picar_sys/share/picar_sys/package.sh'
[9.241s] INFO:colcon.colcon_core.shell:Creating package script '/home/willwu/Capstone-2023/picar_ros2_ws/src/picar_sys/install/picar_sys/share/picar_sys/package.bash'
[9.244s] INFO:colcon.colcon_core.shell:Creating package script '/home/willwu/Capstone-2023/picar_ros2_ws/src/picar_sys/install/picar_sys/share/picar_sys/package.zsh'
[9.246s] Level 1:colcon.colcon_core.environment:create_file_with_runtime_dependencies(/home/willwu/Capstone-2023/picar_ros2_ws/src/picar_sys/install/picar_sys/share/colcon-core/packages/picar_sys)
[9.248s] DEBUG:colcon.colcon_parallel_executor.executor.parallel:closing loop
[9.249s] DEBUG:colcon.colcon_parallel_executor.executor.parallel:loop closed
[9.249s] DEBUG:colcon.colcon_parallel_executor.executor.parallel:run_until_complete finished with '0'
[9.251s] DEBUG:colcon.colcon_core.event_reactor:joining thread
[9.271s] INFO:colcon.colcon_core.plugin_system:Skipping extension 'colcon_notification.desktop_notification.terminal_notifier': Not used on non-Darwin systems
[9.272s] INFO:colcon.colcon_core.plugin_system:Skipping extension 'colcon_notification.desktop_notification.win32': Not used on non-Windows systems
[9.272s] INFO:colcon.colcon_notification.desktop_notification:Sending desktop notification using 'notify2'
[9.307s] DEBUG:colcon.colcon_core.event_reactor:joined thread
[9.314s] INFO:colcon.colcon_core.shell:Creating prefix script '/home/willwu/Capstone-2023/picar_ros2_ws/src/picar_sys/install/local_setup.ps1'
[9.318s] INFO:colcon.colcon_core.shell:Creating prefix util module '/home/willwu/Capstone-2023/picar_ros2_ws/src/picar_sys/install/_local_setup_util_ps1.py'
[9.323s] INFO:colcon.colcon_core.shell:Creating prefix chain script '/home/willwu/Capstone-2023/picar_ros2_ws/src/picar_sys/install/setup.ps1'
[9.329s] INFO:colcon.colcon_core.shell:Creating prefix script '/home/willwu/Capstone-2023/picar_ros2_ws/src/picar_sys/install/local_setup.sh'
[9.331s] INFO:colcon.colcon_core.shell:Creating prefix util module '/home/willwu/Capstone-2023/picar_ros2_ws/src/picar_sys/install/_local_setup_util_sh.py'
[9.333s] INFO:colcon.colcon_core.shell:Creating prefix chain script '/home/willwu/Capstone-2023/picar_ros2_ws/src/picar_sys/install/setup.sh'
[9.339s] INFO:colcon.colcon_core.shell:Creating prefix script '/home/willwu/Capstone-2023/picar_ros2_ws/src/picar_sys/install/local_setup.bash'
[9.341s] INFO:colcon.colcon_core.shell:Creating prefix chain script '/home/willwu/Capstone-2023/picar_ros2_ws/src/picar_sys/install/setup.bash'
[9.346s] INFO:colcon.colcon_core.shell:Creating prefix script '/home/willwu/Capstone-2023/picar_ros2_ws/src/picar_sys/install/local_setup.zsh'
[9.348s] INFO:colcon.colcon_core.shell:Creating prefix chain script '/home/willwu/Capstone-2023/picar_ros2_ws/src/picar_sys/install/setup.zsh'
