[1.518s] Invoking command in '/home/willwu/Capstone-2023/picar_ros2_ws/src/build/tutorial_interfaces': CMAKE_PREFIX_PATH=/opt/ros/humble /usr/bin/cmake --build /home/willwu/Capstone-2023/picar_ros2_ws/src/build/tutorial_interfaces -- -j4 -l4
[1.696s] [35m[1mConsolidate compiler generated dependencies of target tutorial_interfaces__rosidl_generator_c[0m
[1.739s] [  2%] Built target tutorial_interfaces__cpp
[1.772s] [ 12%] Built target tutorial_interfaces__rosidl_generator_c
[1.794s] [ 12%] Built target ament_cmake_python_copy_tutorial_interfaces
[1.806s] [35m[1mConsolidate compiler generated dependencies of target tutorial_interfaces__rosidl_typesupport_cpp[0m
[1.821s] [35m[1mConsolidate compiler generated dependencies of target tutorial_interfaces__rosidl_typesupport_fastrtps_cpp[0m
[1.849s] [35m[1mConsolidate compiler generated dependencies of target tutorial_interfaces__rosidl_typesupport_introspection_cpp[0m
[1.877s] [35m[1mConsolidate compiler generated dependencies of target tutorial_interfaces__rosidl_typesupport_fastrtps_c[0m
[1.902s] [ 23%] Built target tutorial_interfaces__rosidl_typesupport_fastrtps_cpp
[1.910s] [ 33%] Built target tutorial_interfaces__rosidl_typesupport_cpp
[1.952s] [ 43%] Built target tutorial_interfaces__rosidl_typesupport_introspection_cpp
[1.955s] [ 53%] Built target tutorial_interfaces__rosidl_typesupport_fastrtps_c
[1.986s] [35m[1mConsolidate compiler generated dependencies of target tutorial_interfaces__rosidl_typesupport_c[0m
[1.993s] [35m[1mConsolidate compiler generated dependencies of target tutorial_interfaces__rosidl_typesupport_introspection_c[0m
[2.048s] [ 64%] Built target tutorial_interfaces__rosidl_typesupport_c
[2.061s] [ 74%] Built target tutorial_interfaces__rosidl_typesupport_introspection_c
[2.149s] [ 74%] Built target tutorial_interfaces
[2.243s] [ 76%] Built target tutorial_interfaces__py
[2.289s] [35m[1mConsolidate compiler generated dependencies of target tutorial_interfaces__rosidl_generator_py[0m
[2.362s] [ 84%] Built target tutorial_interfaces__rosidl_generator_py
[2.412s] [35m[1mConsolidate compiler generated dependencies of target tutorial_interfaces__rosidl_typesupport_fastrtps_c__pyext[0m
[2.443s] [35m[1mConsolidate compiler generated dependencies of target tutorial_interfaces__rosidl_typesupport_introspection_c__pyext[0m
[2.474s] [35m[1mConsolidate compiler generated dependencies of target tutorial_interfaces__rosidl_typesupport_c__pyext[0m
[2.489s] [ 89%] Built target tutorial_interfaces__rosidl_typesupport_fastrtps_c__pyext
[2.538s] [ 94%] Built target tutorial_interfaces__rosidl_typesupport_introspection_c__pyext
[2.553s] [100%] Built target tutorial_interfaces__rosidl_typesupport_c__pyext
[3.337s] running egg_info
[3.340s] writing tutorial_interfaces.egg-info/PKG-INFO
[3.342s] writing dependency_links to tutorial_interfaces.egg-info/dependency_links.txt
[3.344s] writing top-level names to tutorial_interfaces.egg-info/top_level.txt
[3.355s] reading manifest file 'tutorial_interfaces.egg-info/SOURCES.txt'
[3.358s] writing manifest file 'tutorial_interfaces.egg-info/SOURCES.txt'
[3.503s] [100%] Built target ament_cmake_python_build_tutorial_interfaces_egg
[3.549s] Invoked command in '/home/willwu/Capstone-2023/picar_ros2_ws/src/build/tutorial_interfaces' returned '0': CMAKE_PREFIX_PATH=/opt/ros/humble /usr/bin/cmake --build /home/willwu/Capstone-2023/picar_ros2_ws/src/build/tutorial_interfaces -- -j4 -l4
[4.040s] Invoking command in '/home/willwu/Capstone-2023/picar_ros2_ws/src/build/tutorial_interfaces': CMAKE_PREFIX_PATH=/opt/ros/humble /usr/bin/cmake --install /home/willwu/Capstone-2023/picar_ros2_ws/src/build/tutorial_interfaces
[4.069s] -- Install configuration: ""
[4.070s] -- Up-to-date: /home/willwu/Capstone-2023/picar_ros2_ws/src/install/tutorial_interfaces/share/ament_index/resource_index/rosidl_interfaces/tutorial_interfaces
[4.070s] -- Up-to-date: /home/willwu/Capstone-2023/picar_ros2_ws/src/install/tutorial_interfaces/include/tutorial_interfaces/tutorial_interfaces
[4.071s] -- Up-to-date: /home/willwu/Capstone-2023/picar_ros2_ws/src/install/tutorial_interfaces/include/tutorial_interfaces/tutorial_interfaces/msg
[4.072s] -- Up-to-date: /home/willwu/Capstone-2023/picar_ros2_ws/src/install/tutorial_interfaces/include/tutorial_interfaces/tutorial_interfaces/msg/gps.h
[4.072s] -- Up-to-date: /home/willwu/Capstone-2023/picar_ros2_ws/src/install/tutorial_interfaces/include/tutorial_interfaces/tutorial_interfaces/msg/detail
[4.073s] -- Up-to-date: /home/willwu/Capstone-2023/picar_ros2_ws/src/install/tutorial_interfaces/include/tutorial_interfaces/tutorial_interfaces/msg/detail/rpm__type_support.h
[4.074s] -- Up-to-date: /home/willwu/Capstone-2023/picar_ros2_ws/src/install/tutorial_interfaces/include/tutorial_interfaces/tutorial_interfaces/msg/detail/gps__functions.h
[4.074s] -- Up-to-date: /home/willwu/Capstone-2023/picar_ros2_ws/src/install/tutorial_interfaces/include/tutorial_interfaces/tutorial_interfaces/msg/detail/rpm__functions.c
[4.075s] -- Up-to-date: /home/willwu/Capstone-2023/picar_ros2_ws/src/install/tutorial_interfaces/include/tutorial_interfaces/tutorial_interfaces/msg/detail/gps__type_support.h
[4.076s] -- Up-to-date: /home/willwu/Capstone-2023/picar_ros2_ws/src/install/tutorial_interfaces/include/tutorial_interfaces/tutorial_interfaces/msg/detail/gps__struct.h
[4.076s] -- Up-to-date: /home/willwu/Capstone-2023/picar_ros2_ws/src/install/tutorial_interfaces/include/tutorial_interfaces/tutorial_interfaces/msg/detail/rpm__struct.h
[4.076s] -- Up-to-date: /home/willwu/Capstone-2023/picar_ros2_ws/src/install/tutorial_interfaces/include/tutorial_interfaces/tutorial_interfaces/msg/detail/rpm__functions.h
[4.077s] -- Up-to-date: /home/willwu/Capstone-2023/picar_ros2_ws/src/install/tutorial_interfaces/include/tutorial_interfaces/tutorial_interfaces/msg/detail/gps__functions.c
[4.078s] -- Up-to-date: /home/willwu/Capstone-2023/picar_ros2_ws/src/install/tutorial_interfaces/include/tutorial_interfaces/tutorial_interfaces/msg/rosidl_generator_c__visibility_control.h
[4.079s] -- Up-to-date: /home/willwu/Capstone-2023/picar_ros2_ws/src/install/tutorial_interfaces/include/tutorial_interfaces/tutorial_interfaces/msg/rpm.h
[4.079s] -- Up-to-date: /home/willwu/Capstone-2023/picar_ros2_ws/src/install/tutorial_interfaces/share/tutorial_interfaces/environment/library_path.sh
[4.080s] -- Up-to-date: /home/willwu/Capstone-2023/picar_ros2_ws/src/install/tutorial_interfaces/share/tutorial_interfaces/environment/library_path.dsv
[4.081s] -- Up-to-date: /home/willwu/Capstone-2023/picar_ros2_ws/src/install/tutorial_interfaces/lib/libtutorial_interfaces__rosidl_generator_c.so
[4.081s] -- Up-to-date: /home/willwu/Capstone-2023/picar_ros2_ws/src/install/tutorial_interfaces/include/tutorial_interfaces/tutorial_interfaces
[4.082s] -- Up-to-date: /home/willwu/Capstone-2023/picar_ros2_ws/src/install/tutorial_interfaces/include/tutorial_interfaces/tutorial_interfaces/msg
[4.082s] -- Up-to-date: /home/willwu/Capstone-2023/picar_ros2_ws/src/install/tutorial_interfaces/include/tutorial_interfaces/tutorial_interfaces/msg/detail
[4.083s] -- Up-to-date: /home/willwu/Capstone-2023/picar_ros2_ws/src/install/tutorial_interfaces/include/tutorial_interfaces/tutorial_interfaces/msg/detail/rpm__rosidl_typesupport_fastrtps_c.h
[4.083s] -- Up-to-date: /home/willwu/Capstone-2023/picar_ros2_ws/src/install/tutorial_interfaces/include/tutorial_interfaces/tutorial_interfaces/msg/detail/gps__rosidl_typesupport_fastrtps_c.h
[4.084s] -- Up-to-date: /home/willwu/Capstone-2023/picar_ros2_ws/src/install/tutorial_interfaces/include/tutorial_interfaces/tutorial_interfaces/msg/rosidl_typesupport_fastrtps_c__visibility_control.h
[4.085s] -- Up-to-date: /home/willwu/Capstone-2023/picar_ros2_ws/src/install/tutorial_interfaces/lib/libtutorial_interfaces__rosidl_typesupport_fastrtps_c.so
[4.086s] -- Up-to-date: /home/willwu/Capstone-2023/picar_ros2_ws/src/install/tutorial_interfaces/include/tutorial_interfaces/tutorial_interfaces
[4.087s] -- Up-to-date: /home/willwu/Capstone-2023/picar_ros2_ws/src/install/tutorial_interfaces/include/tutorial_interfaces/tutorial_interfaces/msg
[4.088s] -- Up-to-date: /home/willwu/Capstone-2023/picar_ros2_ws/src/install/tutorial_interfaces/include/tutorial_interfaces/tutorial_interfaces/msg/detail
[4.089s] -- Up-to-date: /home/willwu/Capstone-2023/picar_ros2_ws/src/install/tutorial_interfaces/include/tutorial_interfaces/tutorial_interfaces/msg/detail/gps__struct.hpp
[4.090s] -- Up-to-date: /home/willwu/Capstone-2023/picar_ros2_ws/src/install/tutorial_interfaces/include/tutorial_interfaces/tutorial_interfaces/msg/detail/gps__builder.hpp
[4.091s] -- Up-to-date: /home/willwu/Capstone-2023/picar_ros2_ws/src/install/tutorial_interfaces/include/tutorial_interfaces/tutorial_interfaces/msg/detail/rpm__builder.hpp
[4.091s] -- Up-to-date: /home/willwu/Capstone-2023/picar_ros2_ws/src/install/tutorial_interfaces/include/tutorial_interfaces/tutorial_interfaces/msg/detail/gps__traits.hpp
[4.093s] -- Up-to-date: /home/willwu/Capstone-2023/picar_ros2_ws/src/install/tutorial_interfaces/include/tutorial_interfaces/tutorial_interfaces/msg/detail/rpm__struct.hpp
[4.094s] -- Up-to-date: /home/willwu/Capstone-2023/picar_ros2_ws/src/install/tutorial_interfaces/include/tutorial_interfaces/tutorial_interfaces/msg/detail/rpm__traits.hpp
[4.095s] -- Up-to-date: /home/willwu/Capstone-2023/picar_ros2_ws/src/install/tutorial_interfaces/include/tutorial_interfaces/tutorial_interfaces/msg/rpm.hpp
[4.097s] -- Up-to-date: /home/willwu/Capstone-2023/picar_ros2_ws/src/install/tutorial_interfaces/include/tutorial_interfaces/tutorial_interfaces/msg/gps.hpp
[4.098s] -- Up-to-date: /home/willwu/Capstone-2023/picar_ros2_ws/src/install/tutorial_interfaces/include/tutorial_interfaces/tutorial_interfaces
[4.098s] -- Up-to-date: /home/willwu/Capstone-2023/picar_ros2_ws/src/install/tutorial_interfaces/include/tutorial_interfaces/tutorial_interfaces/msg
[4.100s] -- Up-to-date: /home/willwu/Capstone-2023/picar_ros2_ws/src/install/tutorial_interfaces/include/tutorial_interfaces/tutorial_interfaces/msg/detail
[4.101s] -- Up-to-date: /home/willwu/Capstone-2023/picar_ros2_ws/src/install/tutorial_interfaces/include/tutorial_interfaces/tutorial_interfaces/msg/detail/dds_fastrtps
[4.101s] -- Up-to-date: /home/willwu/Capstone-2023/picar_ros2_ws/src/install/tutorial_interfaces/include/tutorial_interfaces/tutorial_interfaces/msg/detail/gps__rosidl_typesupport_fastrtps_cpp.hpp
[4.102s] -- Up-to-date: /home/willwu/Capstone-2023/picar_ros2_ws/src/install/tutorial_interfaces/include/tutorial_interfaces/tutorial_interfaces/msg/detail/rpm__rosidl_typesupport_fastrtps_cpp.hpp
[4.102s] -- Up-to-date: /home/willwu/Capstone-2023/picar_ros2_ws/src/install/tutorial_interfaces/include/tutorial_interfaces/tutorial_interfaces/msg/rosidl_typesupport_fastrtps_cpp__visibility_control.h
[4.103s] -- Up-to-date: /home/willwu/Capstone-2023/picar_ros2_ws/src/install/tutorial_interfaces/lib/libtutorial_interfaces__rosidl_typesupport_fastrtps_cpp.so
[4.103s] -- Up-to-date: /home/willwu/Capstone-2023/picar_ros2_ws/src/install/tutorial_interfaces/include/tutorial_interfaces/tutorial_interfaces
[4.104s] -- Up-to-date: /home/willwu/Capstone-2023/picar_ros2_ws/src/install/tutorial_interfaces/include/tutorial_interfaces/tutorial_interfaces/msg
[4.104s] -- Up-to-date: /home/willwu/Capstone-2023/picar_ros2_ws/src/install/tutorial_interfaces/include/tutorial_interfaces/tutorial_interfaces/msg/detail
[4.105s] -- Up-to-date: /home/willwu/Capstone-2023/picar_ros2_ws/src/install/tutorial_interfaces/include/tutorial_interfaces/tutorial_interfaces/msg/detail/gps__type_support.c
[4.106s] -- Up-to-date: /home/willwu/Capstone-2023/picar_ros2_ws/src/install/tutorial_interfaces/include/tutorial_interfaces/tutorial_interfaces/msg/detail/rpm__rosidl_typesupport_introspection_c.h
[4.106s] -- Up-to-date: /home/willwu/Capstone-2023/picar_ros2_ws/src/install/tutorial_interfaces/include/tutorial_interfaces/tutorial_interfaces/msg/detail/rpm__type_support.c
[4.107s] -- Up-to-date: /home/willwu/Capstone-2023/picar_ros2_ws/src/install/tutorial_interfaces/include/tutorial_interfaces/tutorial_interfaces/msg/detail/gps__rosidl_typesupport_introspection_c.h
[4.107s] -- Up-to-date: /home/willwu/Capstone-2023/picar_ros2_ws/src/install/tutorial_interfaces/include/tutorial_interfaces/tutorial_interfaces/msg/rosidl_typesupport_introspection_c__visibility_control.h
[4.108s] -- Up-to-date: /home/willwu/Capstone-2023/picar_ros2_ws/src/install/tutorial_interfaces/lib/libtutorial_interfaces__rosidl_typesupport_introspection_c.so
[4.108s] -- Up-to-date: /home/willwu/Capstone-2023/picar_ros2_ws/src/install/tutorial_interfaces/lib/libtutorial_interfaces__rosidl_typesupport_c.so
[4.109s] -- Up-to-date: /home/willwu/Capstone-2023/picar_ros2_ws/src/install/tutorial_interfaces/include/tutorial_interfaces/tutorial_interfaces
[4.109s] -- Up-to-date: /home/willwu/Capstone-2023/picar_ros2_ws/src/install/tutorial_interfaces/include/tutorial_interfaces/tutorial_interfaces/msg
[4.110s] -- Up-to-date: /home/willwu/Capstone-2023/picar_ros2_ws/src/install/tutorial_interfaces/include/tutorial_interfaces/tutorial_interfaces/msg/detail
[4.110s] -- Up-to-date: /home/willwu/Capstone-2023/picar_ros2_ws/src/install/tutorial_interfaces/include/tutorial_interfaces/tutorial_interfaces/msg/detail/gps__type_support.cpp
[4.111s] -- Up-to-date: /home/willwu/Capstone-2023/picar_ros2_ws/src/install/tutorial_interfaces/include/tutorial_interfaces/tutorial_interfaces/msg/detail/gps__rosidl_typesupport_introspection_cpp.hpp
[4.111s] -- Up-to-date: /home/willwu/Capstone-2023/picar_ros2_ws/src/install/tutorial_interfaces/include/tutorial_interfaces/tutorial_interfaces/msg/detail/rpm__type_support.cpp
[4.112s] -- Up-to-date: /home/willwu/Capstone-2023/picar_ros2_ws/src/install/tutorial_interfaces/include/tutorial_interfaces/tutorial_interfaces/msg/detail/rpm__rosidl_typesupport_introspection_cpp.hpp
[4.113s] -- Up-to-date: /home/willwu/Capstone-2023/picar_ros2_ws/src/install/tutorial_interfaces/lib/libtutorial_interfaces__rosidl_typesupport_introspection_cpp.so
[4.113s] -- Up-to-date: /home/willwu/Capstone-2023/picar_ros2_ws/src/install/tutorial_interfaces/lib/libtutorial_interfaces__rosidl_typesupport_cpp.so
[4.114s] -- Up-to-date: /home/willwu/Capstone-2023/picar_ros2_ws/src/install/tutorial_interfaces/share/tutorial_interfaces/environment/pythonpath.sh
[4.115s] -- Up-to-date: /home/willwu/Capstone-2023/picar_ros2_ws/src/install/tutorial_interfaces/share/tutorial_interfaces/environment/pythonpath.dsv
[4.115s] -- Up-to-date: /home/willwu/Capstone-2023/picar_ros2_ws/src/install/tutorial_interfaces/local/lib/python3.10/dist-packages/tutorial_interfaces-0.0.0-py3.10.egg-info
[4.116s] -- Installing: /home/willwu/Capstone-2023/picar_ros2_ws/src/install/tutorial_interfaces/local/lib/python3.10/dist-packages/tutorial_interfaces-0.0.0-py3.10.egg-info/SOURCES.txt
[4.117s] -- Installing: /home/willwu/Capstone-2023/picar_ros2_ws/src/install/tutorial_interfaces/local/lib/python3.10/dist-packages/tutorial_interfaces-0.0.0-py3.10.egg-info/PKG-INFO
[4.118s] -- Installing: /home/willwu/Capstone-2023/picar_ros2_ws/src/install/tutorial_interfaces/local/lib/python3.10/dist-packages/tutorial_interfaces-0.0.0-py3.10.egg-info/dependency_links.txt
[4.120s] -- Installing: /home/willwu/Capstone-2023/picar_ros2_ws/src/install/tutorial_interfaces/local/lib/python3.10/dist-packages/tutorial_interfaces-0.0.0-py3.10.egg-info/top_level.txt
[4.122s] -- Up-to-date: /home/willwu/Capstone-2023/picar_ros2_ws/src/install/tutorial_interfaces/local/lib/python3.10/dist-packages/tutorial_interfaces
[4.122s] -- Up-to-date: /home/willwu/Capstone-2023/picar_ros2_ws/src/install/tutorial_interfaces/local/lib/python3.10/dist-packages/tutorial_interfaces/tutorial_interfaces_s__rosidl_typesupport_c.cpython-310-aarch64-linux-gnu.so
[4.123s] -- Up-to-date: /home/willwu/Capstone-2023/picar_ros2_ws/src/install/tutorial_interfaces/local/lib/python3.10/dist-packages/tutorial_interfaces/_tutorial_interfaces_s.ep.rosidl_typesupport_c.c
[4.123s] -- Up-to-date: /home/willwu/Capstone-2023/picar_ros2_ws/src/install/tutorial_interfaces/local/lib/python3.10/dist-packages/tutorial_interfaces/__init__.py
[4.124s] -- Up-to-date: /home/willwu/Capstone-2023/picar_ros2_ws/src/install/tutorial_interfaces/local/lib/python3.10/dist-packages/tutorial_interfaces/tutorial_interfaces_s__rosidl_typesupport_introspection_c.cpython-310-aarch64-linux-gnu.so
[4.124s] -- Up-to-date: /home/willwu/Capstone-2023/picar_ros2_ws/src/install/tutorial_interfaces/local/lib/python3.10/dist-packages/tutorial_interfaces/tutorial_interfaces_s__rosidl_typesupport_fastrtps_c.cpython-310-aarch64-linux-gnu.so
[4.125s] -- Up-to-date: /home/willwu/Capstone-2023/picar_ros2_ws/src/install/tutorial_interfaces/local/lib/python3.10/dist-packages/tutorial_interfaces/_tutorial_interfaces_s.ep.rosidl_typesupport_fastrtps_c.c
[4.125s] -- Up-to-date: /home/willwu/Capstone-2023/picar_ros2_ws/src/install/tutorial_interfaces/local/lib/python3.10/dist-packages/tutorial_interfaces/_tutorial_interfaces_s.ep.rosidl_typesupport_introspection_c.c
[4.126s] -- Up-to-date: /home/willwu/Capstone-2023/picar_ros2_ws/src/install/tutorial_interfaces/local/lib/python3.10/dist-packages/tutorial_interfaces/msg
[4.127s] -- Up-to-date: /home/willwu/Capstone-2023/picar_ros2_ws/src/install/tutorial_interfaces/local/lib/python3.10/dist-packages/tutorial_interfaces/msg/_rpm.py
[4.127s] -- Up-to-date: /home/willwu/Capstone-2023/picar_ros2_ws/src/install/tutorial_interfaces/local/lib/python3.10/dist-packages/tutorial_interfaces/msg/_gps_s.c
[4.128s] -- Up-to-date: /home/willwu/Capstone-2023/picar_ros2_ws/src/install/tutorial_interfaces/local/lib/python3.10/dist-packages/tutorial_interfaces/msg/_gps.py
[4.128s] -- Up-to-date: /home/willwu/Capstone-2023/picar_ros2_ws/src/install/tutorial_interfaces/local/lib/python3.10/dist-packages/tutorial_interfaces/msg/__init__.py
[4.129s] -- Up-to-date: /home/willwu/Capstone-2023/picar_ros2_ws/src/install/tutorial_interfaces/local/lib/python3.10/dist-packages/tutorial_interfaces/msg/_rpm_s.c
[4.129s] -- Up-to-date: /home/willwu/Capstone-2023/picar_ros2_ws/src/install/tutorial_interfaces/local/lib/python3.10/dist-packages/tutorial_interfaces/libtutorial_interfaces__rosidl_generator_py.so
[4.276s] Listing '/home/willwu/Capstone-2023/picar_ros2_ws/src/install/tutorial_interfaces/local/lib/python3.10/dist-packages/tutorial_interfaces'...
[4.277s] Listing '/home/willwu/Capstone-2023/picar_ros2_ws/src/install/tutorial_interfaces/local/lib/python3.10/dist-packages/tutorial_interfaces/msg'...
[4.303s] -- Up-to-date: /home/willwu/Capstone-2023/picar_ros2_ws/src/install/tutorial_interfaces/local/lib/python3.10/dist-packages/tutorial_interfaces/tutorial_interfaces_s__rosidl_typesupport_fastrtps_c.cpython-310-aarch64-linux-gnu.so
[4.305s] -- Up-to-date: /home/willwu/Capstone-2023/picar_ros2_ws/src/install/tutorial_interfaces/local/lib/python3.10/dist-packages/tutorial_interfaces/tutorial_interfaces_s__rosidl_typesupport_introspection_c.cpython-310-aarch64-linux-gnu.so
[4.308s] -- Up-to-date: /home/willwu/Capstone-2023/picar_ros2_ws/src/install/tutorial_interfaces/local/lib/python3.10/dist-packages/tutorial_interfaces/tutorial_interfaces_s__rosidl_typesupport_c.cpython-310-aarch64-linux-gnu.so
[4.310s] -- Up-to-date: /home/willwu/Capstone-2023/picar_ros2_ws/src/install/tutorial_interfaces/lib/libtutorial_interfaces__rosidl_generator_py.so
[4.311s] -- Up-to-date: /home/willwu/Capstone-2023/picar_ros2_ws/src/install/tutorial_interfaces/share/tutorial_interfaces/msg/RPM.idl
[4.312s] -- Up-to-date: /home/willwu/Capstone-2023/picar_ros2_ws/src/install/tutorial_interfaces/share/tutorial_interfaces/msg/GPS.idl
[4.313s] -- Up-to-date: /home/willwu/Capstone-2023/picar_ros2_ws/src/install/tutorial_interfaces/share/tutorial_interfaces/msg/RPM.msg
[4.313s] -- Up-to-date: /home/willwu/Capstone-2023/picar_ros2_ws/src/install/tutorial_interfaces/share/tutorial_interfaces/msg/GPS.msg
[4.314s] -- Up-to-date: /home/willwu/Capstone-2023/picar_ros2_ws/src/install/tutorial_interfaces/share/ament_index/resource_index/package_run_dependencies/tutorial_interfaces
[4.315s] -- Up-to-date: /home/willwu/Capstone-2023/picar_ros2_ws/src/install/tutorial_interfaces/share/ament_index/resource_index/parent_prefix_path/tutorial_interfaces
[4.315s] -- Up-to-date: /home/willwu/Capstone-2023/picar_ros2_ws/src/install/tutorial_interfaces/share/tutorial_interfaces/environment/ament_prefix_path.sh
[4.316s] -- Up-to-date: /home/willwu/Capstone-2023/picar_ros2_ws/src/install/tutorial_interfaces/share/tutorial_interfaces/environment/ament_prefix_path.dsv
[4.316s] -- Up-to-date: /home/willwu/Capstone-2023/picar_ros2_ws/src/install/tutorial_interfaces/share/tutorial_interfaces/environment/path.sh
[4.317s] -- Up-to-date: /home/willwu/Capstone-2023/picar_ros2_ws/src/install/tutorial_interfaces/share/tutorial_interfaces/environment/path.dsv
[4.317s] -- Up-to-date: /home/willwu/Capstone-2023/picar_ros2_ws/src/install/tutorial_interfaces/share/tutorial_interfaces/local_setup.bash
[4.318s] -- Up-to-date: /home/willwu/Capstone-2023/picar_ros2_ws/src/install/tutorial_interfaces/share/tutorial_interfaces/local_setup.sh
[4.319s] -- Up-to-date: /home/willwu/Capstone-2023/picar_ros2_ws/src/install/tutorial_interfaces/share/tutorial_interfaces/local_setup.zsh
[4.319s] -- Up-to-date: /home/willwu/Capstone-2023/picar_ros2_ws/src/install/tutorial_interfaces/share/tutorial_interfaces/local_setup.dsv
[4.319s] -- Installing: /home/willwu/Capstone-2023/picar_ros2_ws/src/install/tutorial_interfaces/share/tutorial_interfaces/package.dsv
[4.320s] -- Up-to-date: /home/willwu/Capstone-2023/picar_ros2_ws/src/install/tutorial_interfaces/share/ament_index/resource_index/packages/tutorial_interfaces
[4.321s] -- Up-to-date: /home/willwu/Capstone-2023/picar_ros2_ws/src/install/tutorial_interfaces/share/tutorial_interfaces/cmake/export_tutorial_interfaces__rosidl_generator_cExport.cmake
[4.322s] -- Up-to-date: /home/willwu/Capstone-2023/picar_ros2_ws/src/install/tutorial_interfaces/share/tutorial_interfaces/cmake/export_tutorial_interfaces__rosidl_generator_cExport-noconfig.cmake
[4.323s] -- Up-to-date: /home/willwu/Capstone-2023/picar_ros2_ws/src/install/tutorial_interfaces/share/tutorial_interfaces/cmake/export_tutorial_interfaces__rosidl_typesupport_fastrtps_cExport.cmake
[4.324s] -- Up-to-date: /home/willwu/Capstone-2023/picar_ros2_ws/src/install/tutorial_interfaces/share/tutorial_interfaces/cmake/export_tutorial_interfaces__rosidl_typesupport_fastrtps_cExport-noconfig.cmake
[4.325s] -- Up-to-date: /home/willwu/Capstone-2023/picar_ros2_ws/src/install/tutorial_interfaces/share/tutorial_interfaces/cmake/export_tutorial_interfaces__rosidl_generator_cppExport.cmake
[4.326s] -- Up-to-date: /home/willwu/Capstone-2023/picar_ros2_ws/src/install/tutorial_interfaces/share/tutorial_interfaces/cmake/export_tutorial_interfaces__rosidl_typesupport_fastrtps_cppExport.cmake
[4.326s] -- Up-to-date: /home/willwu/Capstone-2023/picar_ros2_ws/src/install/tutorial_interfaces/share/tutorial_interfaces/cmake/export_tutorial_interfaces__rosidl_typesupport_fastrtps_cppExport-noconfig.cmake
[4.327s] -- Up-to-date: /home/willwu/Capstone-2023/picar_ros2_ws/src/install/tutorial_interfaces/share/tutorial_interfaces/cmake/tutorial_interfaces__rosidl_typesupport_introspection_cExport.cmake
[4.328s] -- Up-to-date: /home/willwu/Capstone-2023/picar_ros2_ws/src/install/tutorial_interfaces/share/tutorial_interfaces/cmake/tutorial_interfaces__rosidl_typesupport_introspection_cExport-noconfig.cmake
[4.329s] -- Up-to-date: /home/willwu/Capstone-2023/picar_ros2_ws/src/install/tutorial_interfaces/share/tutorial_interfaces/cmake/tutorial_interfaces__rosidl_typesupport_cExport.cmake
[4.330s] -- Up-to-date: /home/willwu/Capstone-2023/picar_ros2_ws/src/install/tutorial_interfaces/share/tutorial_interfaces/cmake/tutorial_interfaces__rosidl_typesupport_cExport-noconfig.cmake
[4.331s] -- Up-to-date: /home/willwu/Capstone-2023/picar_ros2_ws/src/install/tutorial_interfaces/share/tutorial_interfaces/cmake/tutorial_interfaces__rosidl_typesupport_introspection_cppExport.cmake
[4.331s] -- Up-to-date: /home/willwu/Capstone-2023/picar_ros2_ws/src/install/tutorial_interfaces/share/tutorial_interfaces/cmake/tutorial_interfaces__rosidl_typesupport_introspection_cppExport-noconfig.cmake
[4.332s] -- Up-to-date: /home/willwu/Capstone-2023/picar_ros2_ws/src/install/tutorial_interfaces/share/tutorial_interfaces/cmake/tutorial_interfaces__rosidl_typesupport_cppExport.cmake
[4.333s] -- Up-to-date: /home/willwu/Capstone-2023/picar_ros2_ws/src/install/tutorial_interfaces/share/tutorial_interfaces/cmake/tutorial_interfaces__rosidl_typesupport_cppExport-noconfig.cmake
[4.334s] -- Up-to-date: /home/willwu/Capstone-2023/picar_ros2_ws/src/install/tutorial_interfaces/share/tutorial_interfaces/cmake/export_tutorial_interfaces__rosidl_generator_pyExport.cmake
[4.335s] -- Up-to-date: /home/willwu/Capstone-2023/picar_ros2_ws/src/install/tutorial_interfaces/share/tutorial_interfaces/cmake/export_tutorial_interfaces__rosidl_generator_pyExport-noconfig.cmake
[4.336s] -- Up-to-date: /home/willwu/Capstone-2023/picar_ros2_ws/src/install/tutorial_interfaces/share/tutorial_interfaces/cmake/rosidl_cmake-extras.cmake
[4.336s] -- Up-to-date: /home/willwu/Capstone-2023/picar_ros2_ws/src/install/tutorial_interfaces/share/tutorial_interfaces/cmake/ament_cmake_export_dependencies-extras.cmake
[4.337s] -- Up-to-date: /home/willwu/Capstone-2023/picar_ros2_ws/src/install/tutorial_interfaces/share/tutorial_interfaces/cmake/ament_cmake_export_include_directories-extras.cmake
[4.337s] -- Up-to-date: /home/willwu/Capstone-2023/picar_ros2_ws/src/install/tutorial_interfaces/share/tutorial_interfaces/cmake/ament_cmake_export_libraries-extras.cmake
[4.338s] -- Up-to-date: /home/willwu/Capstone-2023/picar_ros2_ws/src/install/tutorial_interfaces/share/tutorial_interfaces/cmake/ament_cmake_export_targets-extras.cmake
[4.338s] -- Up-to-date: /home/willwu/Capstone-2023/picar_ros2_ws/src/install/tutorial_interfaces/share/tutorial_interfaces/cmake/rosidl_cmake_export_typesupport_targets-extras.cmake
[4.339s] -- Up-to-date: /home/willwu/Capstone-2023/picar_ros2_ws/src/install/tutorial_interfaces/share/tutorial_interfaces/cmake/rosidl_cmake_export_typesupport_libraries-extras.cmake
[4.340s] -- Up-to-date: /home/willwu/Capstone-2023/picar_ros2_ws/src/install/tutorial_interfaces/share/tutorial_interfaces/cmake/tutorial_interfacesConfig.cmake
[4.340s] -- Up-to-date: /home/willwu/Capstone-2023/picar_ros2_ws/src/install/tutorial_interfaces/share/tutorial_interfaces/cmake/tutorial_interfacesConfig-version.cmake
[4.341s] -- Up-to-date: /home/willwu/Capstone-2023/picar_ros2_ws/src/install/tutorial_interfaces/share/tutorial_interfaces/package.xml
[4.350s] Invoked command in '/home/willwu/Capstone-2023/picar_ros2_ws/src/build/tutorial_interfaces' returned '0': CMAKE_PREFIX_PATH=/opt/ros/humble /usr/bin/cmake --install /home/willwu/Capstone-2023/picar_ros2_ws/src/build/tutorial_interfaces
