[1.515s] Invoking command in '/home/willwu/Capstone-2023/picar_ros2_ws/src/build/tutorial_interfaces': CMAKE_PREFIX_PATH=/opt/ros/humble /usr/bin/cmake /home/willwu/Capstone-2023/picar_ros2_ws/src/tutorial_interfaces -DCMAKE_INSTALL_PREFIX=/home/willwu/Capstone-2023/picar_ros2_ws/src/install/tutorial_interfaces
[1.821s] -- The C compiler identification is GNU 11.3.0
[2.091s] -- The CXX compiler identification is GNU 11.3.0
[2.128s] -- Detecting C compiler ABI info
[2.459s] -- Detecting C compiler ABI info - done
[2.485s] -- Check for working C compiler: /usr/bin/cc - skipped
[2.487s] -- Detecting C compile features
[2.490s] -- Detecting C compile features - done
[2.504s] -- Detecting CXX compiler ABI info
[2.866s] -- Detecting CXX compiler ABI info - done
[2.893s] -- Check for working CXX compiler: /usr/bin/c++ - skipped
[2.895s] -- Detecting CXX compile features
[2.896s] -- Detecting CXX compile features - done
[2.929s] -- Found ament_cmake: 1.3.3 (/opt/ros/humble/share/ament_cmake/cmake)
[3.886s] -- Found Python3: /usr/bin/python3.10 (found version "3.10.6") found components: Interpreter 
[4.516s] -- Found geometry_msgs: 4.2.3 (/opt/ros/humble/share/geometry_msgs/cmake)
[4.855s] -- Found rosidl_generator_c: 3.1.4 (/opt/ros/humble/share/rosidl_generator_c/cmake)
[4.906s] -- Found rosidl_adapter: 3.1.4 (/opt/ros/humble/share/rosidl_adapter/cmake)
[4.974s] -- Found rosidl_generator_cpp: 3.1.4 (/opt/ros/humble/share/rosidl_generator_cpp/cmake)
[5.072s] -- Using all available rosidl_typesupport_c: rosidl_typesupport_fastrtps_c;rosidl_typesupport_introspection_c
[5.203s] -- Using all available rosidl_typesupport_cpp: rosidl_typesupport_fastrtps_cpp;rosidl_typesupport_introspection_cpp
[5.765s] -- Found rosidl_default_generators: 1.2.0 (/opt/ros/humble/share/rosidl_default_generators/cmake)
[7.048s] -- Found ament_cmake_ros: 0.10.0 (/opt/ros/humble/share/ament_cmake_ros/cmake)
[8.934s] -- Using all available rosidl_typesupport_c: rosidl_typesupport_fastrtps_c;rosidl_typesupport_introspection_c
[9.652s] -- Using all available rosidl_typesupport_cpp: rosidl_typesupport_fastrtps_cpp;rosidl_typesupport_introspection_cpp
[9.760s] -- Found PythonInterp: /usr/bin/python3 (found suitable version "3.10.6", minimum required is "3.6") 
[9.781s] -- Found python_cmake_module: 0.10.0 (/opt/ros/humble/share/python_cmake_module/cmake)
[9.899s] -- Found PythonLibs: /usr/lib/aarch64-linux-gnu/libpython3.10.so (found suitable version "3.10.6", minimum required is "3.5") 
[9.899s] -- Using PYTHON_EXECUTABLE: /usr/bin/python3
[9.899s] -- Using PYTHON_INCLUDE_DIRS: /usr/include/python3.10
[9.900s] -- Using PYTHON_LIBRARIES: /usr/lib/aarch64-linux-gnu/libpython3.10.so
[9.997s] -- Found PythonExtra: .so  
[10.267s] -- Found ament_lint_auto: 0.12.5 (/opt/ros/humble/share/ament_lint_auto/cmake)
[10.460s] -- Added test 'lint_cmake' to check CMake code style
[10.473s] -- Added test 'xmllint' to check XML markup files
[10.499s] -- Configuring done
[10.707s] -- Generating done
[10.722s] -- Build files have been written to: /home/willwu/Capstone-2023/picar_ros2_ws/src/build/tutorial_interfaces
[10.764s] Invoked command in '/home/willwu/Capstone-2023/picar_ros2_ws/src/build/tutorial_interfaces' returned '0': CMAKE_PREFIX_PATH=/opt/ros/humble /usr/bin/cmake /home/willwu/Capstone-2023/picar_ros2_ws/src/tutorial_interfaces -DCMAKE_INSTALL_PREFIX=/home/willwu/Capstone-2023/picar_ros2_ws/src/install/tutorial_interfaces
[10.774s] Invoking command in '/home/willwu/Capstone-2023/picar_ros2_ws/src/build/tutorial_interfaces': CMAKE_PREFIX_PATH=/opt/ros/humble /usr/bin/cmake --build /home/willwu/Capstone-2023/picar_ros2_ws/src/build/tutorial_interfaces -- -j4 -l4
[10.941s] [  2%] [34m[1mGenerating C code for ROS interfaces[0m
[10.986s] [  5%] [34m[1mGenerating C++ code for ROS interfaces[0m
[11.020s] [  5%] Built target ament_cmake_python_copy_tutorial_interfaces
[12.544s] [  5%] Built target tutorial_interfaces__cpp
[12.593s] [  7%] [34m[1mGenerating C++ type support dispatch for ROS interfaces[0m
[12.609s] [ 10%] [34m[1mGenerating C++ type support for eProsima Fast-RTPS[0m
[12.629s] running egg_info
[12.633s] creating tutorial_interfaces.egg-info
[12.635s] writing tutorial_interfaces.egg-info/PKG-INFO
[12.638s] writing dependency_links to tutorial_interfaces.egg-info/dependency_links.txt
[12.641s] writing top-level names to tutorial_interfaces.egg-info/top_level.txt
[12.644s] writing manifest file 'tutorial_interfaces.egg-info/SOURCES.txt'
[12.657s] reading manifest file 'tutorial_interfaces.egg-info/SOURCES.txt'
[12.661s] writing manifest file 'tutorial_interfaces.egg-info/SOURCES.txt'
[12.662s] [ 12%] [32mBuilding C object CMakeFiles/tutorial_interfaces__rosidl_generator_c.dir/rosidl_generator_c/tutorial_interfaces/msg/detail/rpm__functions.c.o[0m
[12.862s] [ 12%] Built target ament_cmake_python_build_tutorial_interfaces_egg
[12.921s] [ 15%] [34m[1mGenerating C++ introspection for ROS interfaces[0m
[13.023s] [ 17%] [32mBuilding C object CMakeFiles/tutorial_interfaces__rosidl_generator_c.dir/rosidl_generator_c/tutorial_interfaces/msg/detail/gps__functions.c.o[0m
[13.331s] [ 20%] [32m[1mLinking C shared library libtutorial_interfaces__rosidl_generator_c.so[0m
[13.530s] [ 20%] Built target tutorial_interfaces__rosidl_generator_c
[13.581s] [ 23%] [34m[1mGenerating C type support for eProsima Fast-RTPS[0m
[14.025s] [ 25%] [32mBuilding CXX object CMakeFiles/tutorial_interfaces__rosidl_typesupport_cpp.dir/rosidl_typesupport_cpp/tutorial_interfaces/msg/rpm__type_support.cpp.o[0m
[14.303s] [ 28%] [32mBuilding CXX object CMakeFiles/tutorial_interfaces__rosidl_typesupport_fastrtps_cpp.dir/rosidl_typesupport_fastrtps_cpp/tutorial_interfaces/msg/detail/dds_fastrtps/rpm__type_support.cpp.o[0m
[14.482s] [ 30%] [32mBuilding CXX object CMakeFiles/tutorial_interfaces__rosidl_typesupport_introspection_cpp.dir/rosidl_typesupport_introspection_cpp/tutorial_interfaces/msg/detail/rpm__type_support.cpp.o[0m
[15.288s] [ 33%] [32mBuilding CXX object CMakeFiles/tutorial_interfaces__rosidl_typesupport_fastrtps_c.dir/rosidl_typesupport_fastrtps_c/tutorial_interfaces/msg/detail/rpm__type_support_c.cpp.o[0m
[15.724s] [ 35%] [32mBuilding CXX object CMakeFiles/tutorial_interfaces__rosidl_typesupport_cpp.dir/rosidl_typesupport_cpp/tutorial_interfaces/msg/gps__type_support.cpp.o[0m
[17.115s] [ 38%] [32mBuilding CXX object CMakeFiles/tutorial_interfaces__rosidl_typesupport_fastrtps_cpp.dir/rosidl_typesupport_fastrtps_cpp/tutorial_interfaces/msg/detail/dds_fastrtps/gps__type_support.cpp.o[0m
[17.250s] [ 41%] [32mBuilding CXX object CMakeFiles/tutorial_interfaces__rosidl_typesupport_introspection_cpp.dir/rosidl_typesupport_introspection_cpp/tutorial_interfaces/msg/detail/gps__type_support.cpp.o[0m
[17.575s] [ 43%] [32m[1mLinking CXX shared library libtutorial_interfaces__rosidl_typesupport_cpp.so[0m
[17.603s] [ 46%] [32mBuilding CXX object CMakeFiles/tutorial_interfaces__rosidl_typesupport_fastrtps_c.dir/rosidl_typesupport_fastrtps_c/tutorial_interfaces/msg/detail/gps__type_support_c.cpp.o[0m
[17.781s] [ 46%] Built target tutorial_interfaces__rosidl_typesupport_cpp
[17.833s] [ 48%] [34m[1mGenerating C introspection for ROS interfaces[0m
[19.719s] [ 51%] [32mBuilding C object CMakeFiles/tutorial_interfaces__rosidl_typesupport_introspection_c.dir/rosidl_typesupport_introspection_c/tutorial_interfaces/msg/detail/rpm__type_support.c.o[0m
[19.757s] [ 53%] [32m[1mLinking CXX shared library libtutorial_interfaces__rosidl_typesupport_introspection_cpp.so[0m
[19.806s] [ 56%] [32m[1mLinking CXX shared library libtutorial_interfaces__rosidl_typesupport_fastrtps_cpp.so[0m
[19.967s] [ 58%] [32mBuilding C object CMakeFiles/tutorial_interfaces__rosidl_typesupport_introspection_c.dir/rosidl_typesupport_introspection_c/tutorial_interfaces/msg/detail/gps__type_support.c.o[0m
[20.010s] [ 61%] [32m[1mLinking CXX shared library libtutorial_interfaces__rosidl_typesupport_fastrtps_c.so[0m
[20.157s] [ 61%] Built target tutorial_interfaces__rosidl_typesupport_introspection_cpp
[20.224s] [ 64%] [34m[1mGenerating C type support dispatch for ROS interfaces[0m
[20.255s] [ 66%] [32m[1mLinking C shared library libtutorial_interfaces__rosidl_typesupport_introspection_c.so[0m
[20.286s] [ 66%] Built target tutorial_interfaces__rosidl_typesupport_fastrtps_cpp
[20.431s] [ 66%] Built target tutorial_interfaces__rosidl_typesupport_introspection_c
[20.451s] [ 66%] Built target tutorial_interfaces__rosidl_typesupport_fastrtps_c
[21.302s] [ 69%] [32mBuilding CXX object CMakeFiles/tutorial_interfaces__rosidl_typesupport_c.dir/rosidl_typesupport_c/tutorial_interfaces/msg/rpm__type_support.cpp.o[0m
[21.304s] [ 71%] [32mBuilding CXX object CMakeFiles/tutorial_interfaces__rosidl_typesupport_c.dir/rosidl_typesupport_c/tutorial_interfaces/msg/gps__type_support.cpp.o[0m
[21.457s] [ 74%] [32m[1mLinking CXX shared library libtutorial_interfaces__rosidl_typesupport_c.so[0m
[21.620s] [ 74%] Built target tutorial_interfaces__rosidl_typesupport_c
[21.701s] [ 74%] Built target tutorial_interfaces
[21.785s] [ 76%] [34m[1mGenerating Python code for ROS interfaces[0m
[23.356s] [ 76%] Built target tutorial_interfaces__py
[23.439s] [ 82%] [32mBuilding C object CMakeFiles/tutorial_interfaces__rosidl_generator_py.dir/rosidl_generator_py/tutorial_interfaces/msg/_rpm_s.c.o[0m
[23.439s] [ 82%] [32mBuilding C object CMakeFiles/tutorial_interfaces__rosidl_generator_py.dir/rosidl_generator_py/tutorial_interfaces/msg/_gps_s.c.o[0m
[23.938s] [ 84%] [32m[1mLinking C shared library rosidl_generator_py/tutorial_interfaces/libtutorial_interfaces__rosidl_generator_py.so[0m
[24.132s] [ 84%] Built target tutorial_interfaces__rosidl_generator_py
[24.221s] [ 87%] [32mBuilding C object CMakeFiles/tutorial_interfaces__rosidl_typesupport_fastrtps_c__pyext.dir/rosidl_generator_py/tutorial_interfaces/_tutorial_interfaces_s.ep.rosidl_typesupport_fastrtps_c.c.o[0m
[24.222s] [ 89%] [32mBuilding C object CMakeFiles/tutorial_interfaces__rosidl_typesupport_introspection_c__pyext.dir/rosidl_generator_py/tutorial_interfaces/_tutorial_interfaces_s.ep.rosidl_typesupport_introspection_c.c.o[0m
[24.225s] [ 92%] [32mBuilding C object CMakeFiles/tutorial_interfaces__rosidl_typesupport_c__pyext.dir/rosidl_generator_py/tutorial_interfaces/_tutorial_interfaces_s.ep.rosidl_typesupport_c.c.o[0m
[24.785s] [ 97%] [32m[1mLinking C shared library rosidl_generator_py/tutorial_interfaces/tutorial_interfaces_s__rosidl_typesupport_introspection_c.cpython-310-aarch64-linux-gnu.so[0m
[24.786s] [ 97%] [32m[1mLinking C shared library rosidl_generator_py/tutorial_interfaces/tutorial_interfaces_s__rosidl_typesupport_fastrtps_c.cpython-310-aarch64-linux-gnu.so[0m
[24.795s] [100%] [32m[1mLinking C shared library rosidl_generator_py/tutorial_interfaces/tutorial_interfaces_s__rosidl_typesupport_c.cpython-310-aarch64-linux-gnu.so[0m
[25.073s] [100%] Built target tutorial_interfaces__rosidl_typesupport_fastrtps_c__pyext
[25.075s] [100%] Built target tutorial_interfaces__rosidl_typesupport_introspection_c__pyext
[25.084s] [100%] Built target tutorial_interfaces__rosidl_typesupport_c__pyext
[25.130s] Invoked command in '/home/willwu/Capstone-2023/picar_ros2_ws/src/build/tutorial_interfaces' returned '0': CMAKE_PREFIX_PATH=/opt/ros/humble /usr/bin/cmake --build /home/willwu/Capstone-2023/picar_ros2_ws/src/build/tutorial_interfaces -- -j4 -l4
[25.569s] Invoking command in '/home/willwu/Capstone-2023/picar_ros2_ws/src/build/tutorial_interfaces': CMAKE_PREFIX_PATH=/opt/ros/humble /usr/bin/cmake --install /home/willwu/Capstone-2023/picar_ros2_ws/src/build/tutorial_interfaces
[25.598s] -- Install configuration: ""
[25.599s] -- Installing: /home/willwu/Capstone-2023/picar_ros2_ws/src/install/tutorial_interfaces/share/ament_index/resource_index/rosidl_interfaces/tutorial_interfaces
[25.601s] -- Installing: /home/willwu/Capstone-2023/picar_ros2_ws/src/install/tutorial_interfaces/include/tutorial_interfaces/tutorial_interfaces
[25.602s] -- Installing: /home/willwu/Capstone-2023/picar_ros2_ws/src/install/tutorial_interfaces/include/tutorial_interfaces/tutorial_interfaces/msg
[25.603s] -- Installing: /home/willwu/Capstone-2023/picar_ros2_ws/src/install/tutorial_interfaces/include/tutorial_interfaces/tutorial_interfaces/msg/gps.h
[25.604s] -- Installing: /home/willwu/Capstone-2023/picar_ros2_ws/src/install/tutorial_interfaces/include/tutorial_interfaces/tutorial_interfaces/msg/detail
[25.605s] -- Installing: /home/willwu/Capstone-2023/picar_ros2_ws/src/install/tutorial_interfaces/include/tutorial_interfaces/tutorial_interfaces/msg/detail/rpm__type_support.h
[25.606s] -- Installing: /home/willwu/Capstone-2023/picar_ros2_ws/src/install/tutorial_interfaces/include/tutorial_interfaces/tutorial_interfaces/msg/detail/gps__functions.h
[25.608s] -- Installing: /home/willwu/Capstone-2023/picar_ros2_ws/src/install/tutorial_interfaces/include/tutorial_interfaces/tutorial_interfaces/msg/detail/rpm__functions.c
[25.609s] -- Installing: /home/willwu/Capstone-2023/picar_ros2_ws/src/install/tutorial_interfaces/include/tutorial_interfaces/tutorial_interfaces/msg/detail/gps__type_support.h
[25.610s] -- Installing: /home/willwu/Capstone-2023/picar_ros2_ws/src/install/tutorial_interfaces/include/tutorial_interfaces/tutorial_interfaces/msg/detail/gps__struct.h
[25.611s] -- Installing: /home/willwu/Capstone-2023/picar_ros2_ws/src/install/tutorial_interfaces/include/tutorial_interfaces/tutorial_interfaces/msg/detail/rpm__struct.h
[25.612s] -- Installing: /home/willwu/Capstone-2023/picar_ros2_ws/src/install/tutorial_interfaces/include/tutorial_interfaces/tutorial_interfaces/msg/detail/rpm__functions.h
[25.614s] -- Installing: /home/willwu/Capstone-2023/picar_ros2_ws/src/install/tutorial_interfaces/include/tutorial_interfaces/tutorial_interfaces/msg/detail/gps__functions.c
[25.615s] -- Installing: /home/willwu/Capstone-2023/picar_ros2_ws/src/install/tutorial_interfaces/include/tutorial_interfaces/tutorial_interfaces/msg/rosidl_generator_c__visibility_control.h
[25.616s] -- Installing: /home/willwu/Capstone-2023/picar_ros2_ws/src/install/tutorial_interfaces/include/tutorial_interfaces/tutorial_interfaces/msg/rpm.h
[25.618s] -- Installing: /home/willwu/Capstone-2023/picar_ros2_ws/src/install/tutorial_interfaces/share/tutorial_interfaces/environment/library_path.sh
[25.619s] -- Installing: /home/willwu/Capstone-2023/picar_ros2_ws/src/install/tutorial_interfaces/share/tutorial_interfaces/environment/library_path.dsv
[25.621s] -- Installing: /home/willwu/Capstone-2023/picar_ros2_ws/src/install/tutorial_interfaces/lib/libtutorial_interfaces__rosidl_generator_c.so
[25.624s] -- Set runtime path of "/home/willwu/Capstone-2023/picar_ros2_ws/src/install/tutorial_interfaces/lib/libtutorial_interfaces__rosidl_generator_c.so" to ""
[25.624s] -- Up-to-date: /home/willwu/Capstone-2023/picar_ros2_ws/src/install/tutorial_interfaces/include/tutorial_interfaces/tutorial_interfaces
[25.625s] -- Up-to-date: /home/willwu/Capstone-2023/picar_ros2_ws/src/install/tutorial_interfaces/include/tutorial_interfaces/tutorial_interfaces/msg
[25.625s] -- Up-to-date: /home/willwu/Capstone-2023/picar_ros2_ws/src/install/tutorial_interfaces/include/tutorial_interfaces/tutorial_interfaces/msg/detail
[25.625s] -- Installing: /home/willwu/Capstone-2023/picar_ros2_ws/src/install/tutorial_interfaces/include/tutorial_interfaces/tutorial_interfaces/msg/detail/rpm__rosidl_typesupport_fastrtps_c.h
[25.627s] -- Installing: /home/willwu/Capstone-2023/picar_ros2_ws/src/install/tutorial_interfaces/include/tutorial_interfaces/tutorial_interfaces/msg/detail/gps__rosidl_typesupport_fastrtps_c.h
[25.628s] -- Installing: /home/willwu/Capstone-2023/picar_ros2_ws/src/install/tutorial_interfaces/include/tutorial_interfaces/tutorial_interfaces/msg/rosidl_typesupport_fastrtps_c__visibility_control.h
[25.630s] -- Installing: /home/willwu/Capstone-2023/picar_ros2_ws/src/install/tutorial_interfaces/lib/libtutorial_interfaces__rosidl_typesupport_fastrtps_c.so
[25.632s] -- Set runtime path of "/home/willwu/Capstone-2023/picar_ros2_ws/src/install/tutorial_interfaces/lib/libtutorial_interfaces__rosidl_typesupport_fastrtps_c.so" to ""
[25.633s] -- Up-to-date: /home/willwu/Capstone-2023/picar_ros2_ws/src/install/tutorial_interfaces/include/tutorial_interfaces/tutorial_interfaces
[25.633s] -- Up-to-date: /home/willwu/Capstone-2023/picar_ros2_ws/src/install/tutorial_interfaces/include/tutorial_interfaces/tutorial_interfaces/msg
[25.634s] -- Up-to-date: /home/willwu/Capstone-2023/picar_ros2_ws/src/install/tutorial_interfaces/include/tutorial_interfaces/tutorial_interfaces/msg/detail
[25.634s] -- Installing: /home/willwu/Capstone-2023/picar_ros2_ws/src/install/tutorial_interfaces/include/tutorial_interfaces/tutorial_interfaces/msg/detail/gps__struct.hpp
[25.635s] -- Installing: /home/willwu/Capstone-2023/picar_ros2_ws/src/install/tutorial_interfaces/include/tutorial_interfaces/tutorial_interfaces/msg/detail/gps__builder.hpp
[25.637s] -- Installing: /home/willwu/Capstone-2023/picar_ros2_ws/src/install/tutorial_interfaces/include/tutorial_interfaces/tutorial_interfaces/msg/detail/rpm__builder.hpp
[25.638s] -- Installing: /home/willwu/Capstone-2023/picar_ros2_ws/src/install/tutorial_interfaces/include/tutorial_interfaces/tutorial_interfaces/msg/detail/gps__traits.hpp
[25.639s] -- Installing: /home/willwu/Capstone-2023/picar_ros2_ws/src/install/tutorial_interfaces/include/tutorial_interfaces/tutorial_interfaces/msg/detail/rpm__struct.hpp
[25.640s] -- Installing: /home/willwu/Capstone-2023/picar_ros2_ws/src/install/tutorial_interfaces/include/tutorial_interfaces/tutorial_interfaces/msg/detail/rpm__traits.hpp
[25.642s] -- Installing: /home/willwu/Capstone-2023/picar_ros2_ws/src/install/tutorial_interfaces/include/tutorial_interfaces/tutorial_interfaces/msg/rpm.hpp
[25.643s] -- Installing: /home/willwu/Capstone-2023/picar_ros2_ws/src/install/tutorial_interfaces/include/tutorial_interfaces/tutorial_interfaces/msg/gps.hpp
[25.644s] -- Up-to-date: /home/willwu/Capstone-2023/picar_ros2_ws/src/install/tutorial_interfaces/include/tutorial_interfaces/tutorial_interfaces
[25.645s] -- Up-to-date: /home/willwu/Capstone-2023/picar_ros2_ws/src/install/tutorial_interfaces/include/tutorial_interfaces/tutorial_interfaces/msg
[25.645s] -- Up-to-date: /home/willwu/Capstone-2023/picar_ros2_ws/src/install/tutorial_interfaces/include/tutorial_interfaces/tutorial_interfaces/msg/detail
[25.645s] -- Installing: /home/willwu/Capstone-2023/picar_ros2_ws/src/install/tutorial_interfaces/include/tutorial_interfaces/tutorial_interfaces/msg/detail/dds_fastrtps
[25.646s] -- Installing: /home/willwu/Capstone-2023/picar_ros2_ws/src/install/tutorial_interfaces/include/tutorial_interfaces/tutorial_interfaces/msg/detail/gps__rosidl_typesupport_fastrtps_cpp.hpp
[25.648s] -- Installing: /home/willwu/Capstone-2023/picar_ros2_ws/src/install/tutorial_interfaces/include/tutorial_interfaces/tutorial_interfaces/msg/detail/rpm__rosidl_typesupport_fastrtps_cpp.hpp
[25.649s] -- Installing: /home/willwu/Capstone-2023/picar_ros2_ws/src/install/tutorial_interfaces/include/tutorial_interfaces/tutorial_interfaces/msg/rosidl_typesupport_fastrtps_cpp__visibility_control.h
[25.651s] -- Installing: /home/willwu/Capstone-2023/picar_ros2_ws/src/install/tutorial_interfaces/lib/libtutorial_interfaces__rosidl_typesupport_fastrtps_cpp.so
[25.654s] -- Set runtime path of "/home/willwu/Capstone-2023/picar_ros2_ws/src/install/tutorial_interfaces/lib/libtutorial_interfaces__rosidl_typesupport_fastrtps_cpp.so" to ""
[25.654s] -- Up-to-date: /home/willwu/Capstone-2023/picar_ros2_ws/src/install/tutorial_interfaces/include/tutorial_interfaces/tutorial_interfaces
[25.655s] -- Up-to-date: /home/willwu/Capstone-2023/picar_ros2_ws/src/install/tutorial_interfaces/include/tutorial_interfaces/tutorial_interfaces/msg
[25.655s] -- Up-to-date: /home/willwu/Capstone-2023/picar_ros2_ws/src/install/tutorial_interfaces/include/tutorial_interfaces/tutorial_interfaces/msg/detail
[25.655s] -- Installing: /home/willwu/Capstone-2023/picar_ros2_ws/src/install/tutorial_interfaces/include/tutorial_interfaces/tutorial_interfaces/msg/detail/gps__type_support.c
[25.657s] -- Installing: /home/willwu/Capstone-2023/picar_ros2_ws/src/install/tutorial_interfaces/include/tutorial_interfaces/tutorial_interfaces/msg/detail/rpm__rosidl_typesupport_introspection_c.h
[25.658s] -- Installing: /home/willwu/Capstone-2023/picar_ros2_ws/src/install/tutorial_interfaces/include/tutorial_interfaces/tutorial_interfaces/msg/detail/rpm__type_support.c
[25.659s] -- Installing: /home/willwu/Capstone-2023/picar_ros2_ws/src/install/tutorial_interfaces/include/tutorial_interfaces/tutorial_interfaces/msg/detail/gps__rosidl_typesupport_introspection_c.h
[25.661s] -- Installing: /home/willwu/Capstone-2023/picar_ros2_ws/src/install/tutorial_interfaces/include/tutorial_interfaces/tutorial_interfaces/msg/rosidl_typesupport_introspection_c__visibility_control.h
[25.662s] -- Installing: /home/willwu/Capstone-2023/picar_ros2_ws/src/install/tutorial_interfaces/lib/libtutorial_interfaces__rosidl_typesupport_introspection_c.so
[25.665s] -- Set runtime path of "/home/willwu/Capstone-2023/picar_ros2_ws/src/install/tutorial_interfaces/lib/libtutorial_interfaces__rosidl_typesupport_introspection_c.so" to ""
[25.665s] -- Installing: /home/willwu/Capstone-2023/picar_ros2_ws/src/install/tutorial_interfaces/lib/libtutorial_interfaces__rosidl_typesupport_c.so
[25.668s] -- Set runtime path of "/home/willwu/Capstone-2023/picar_ros2_ws/src/install/tutorial_interfaces/lib/libtutorial_interfaces__rosidl_typesupport_c.so" to ""
[25.668s] -- Up-to-date: /home/willwu/Capstone-2023/picar_ros2_ws/src/install/tutorial_interfaces/include/tutorial_interfaces/tutorial_interfaces
[25.669s] -- Up-to-date: /home/willwu/Capstone-2023/picar_ros2_ws/src/install/tutorial_interfaces/include/tutorial_interfaces/tutorial_interfaces/msg
[25.669s] -- Up-to-date: /home/willwu/Capstone-2023/picar_ros2_ws/src/install/tutorial_interfaces/include/tutorial_interfaces/tutorial_interfaces/msg/detail
[25.669s] -- Installing: /home/willwu/Capstone-2023/picar_ros2_ws/src/install/tutorial_interfaces/include/tutorial_interfaces/tutorial_interfaces/msg/detail/gps__type_support.cpp
[25.671s] -- Installing: /home/willwu/Capstone-2023/picar_ros2_ws/src/install/tutorial_interfaces/include/tutorial_interfaces/tutorial_interfaces/msg/detail/gps__rosidl_typesupport_introspection_cpp.hpp
[25.672s] -- Installing: /home/willwu/Capstone-2023/picar_ros2_ws/src/install/tutorial_interfaces/include/tutorial_interfaces/tutorial_interfaces/msg/detail/rpm__type_support.cpp
[25.674s] -- Installing: /home/willwu/Capstone-2023/picar_ros2_ws/src/install/tutorial_interfaces/include/tutorial_interfaces/tutorial_interfaces/msg/detail/rpm__rosidl_typesupport_introspection_cpp.hpp
[25.675s] -- Installing: /home/willwu/Capstone-2023/picar_ros2_ws/src/install/tutorial_interfaces/lib/libtutorial_interfaces__rosidl_typesupport_introspection_cpp.so
[25.678s] -- Set runtime path of "/home/willwu/Capstone-2023/picar_ros2_ws/src/install/tutorial_interfaces/lib/libtutorial_interfaces__rosidl_typesupport_introspection_cpp.so" to ""
[25.679s] -- Installing: /home/willwu/Capstone-2023/picar_ros2_ws/src/install/tutorial_interfaces/lib/libtutorial_interfaces__rosidl_typesupport_cpp.so
[25.681s] -- Set runtime path of "/home/willwu/Capstone-2023/picar_ros2_ws/src/install/tutorial_interfaces/lib/libtutorial_interfaces__rosidl_typesupport_cpp.so" to ""
[25.682s] -- Installing: /home/willwu/Capstone-2023/picar_ros2_ws/src/install/tutorial_interfaces/share/tutorial_interfaces/environment/pythonpath.sh
[25.683s] -- Installing: /home/willwu/Capstone-2023/picar_ros2_ws/src/install/tutorial_interfaces/share/tutorial_interfaces/environment/pythonpath.dsv
[25.684s] -- Installing: /home/willwu/Capstone-2023/picar_ros2_ws/src/install/tutorial_interfaces/local/lib/python3.10/dist-packages/tutorial_interfaces-0.0.0-py3.10.egg-info
[25.685s] -- Installing: /home/willwu/Capstone-2023/picar_ros2_ws/src/install/tutorial_interfaces/local/lib/python3.10/dist-packages/tutorial_interfaces-0.0.0-py3.10.egg-info/SOURCES.txt
[25.686s] -- Installing: /home/willwu/Capstone-2023/picar_ros2_ws/src/install/tutorial_interfaces/local/lib/python3.10/dist-packages/tutorial_interfaces-0.0.0-py3.10.egg-info/PKG-INFO
[25.688s] -- Installing: /home/willwu/Capstone-2023/picar_ros2_ws/src/install/tutorial_interfaces/local/lib/python3.10/dist-packages/tutorial_interfaces-0.0.0-py3.10.egg-info/dependency_links.txt
[25.689s] -- Installing: /home/willwu/Capstone-2023/picar_ros2_ws/src/install/tutorial_interfaces/local/lib/python3.10/dist-packages/tutorial_interfaces-0.0.0-py3.10.egg-info/top_level.txt
[25.690s] -- Installing: /home/willwu/Capstone-2023/picar_ros2_ws/src/install/tutorial_interfaces/local/lib/python3.10/dist-packages/tutorial_interfaces
[25.691s] -- Installing: /home/willwu/Capstone-2023/picar_ros2_ws/src/install/tutorial_interfaces/local/lib/python3.10/dist-packages/tutorial_interfaces/tutorial_interfaces_s__rosidl_typesupport_c.cpython-310-aarch64-linux-gnu.so
[25.693s] -- Installing: /home/willwu/Capstone-2023/picar_ros2_ws/src/install/tutorial_interfaces/local/lib/python3.10/dist-packages/tutorial_interfaces/_tutorial_interfaces_s.ep.rosidl_typesupport_c.c
[25.694s] -- Installing: /home/willwu/Capstone-2023/picar_ros2_ws/src/install/tutorial_interfaces/local/lib/python3.10/dist-packages/tutorial_interfaces/__init__.py
[25.695s] -- Installing: /home/willwu/Capstone-2023/picar_ros2_ws/src/install/tutorial_interfaces/local/lib/python3.10/dist-packages/tutorial_interfaces/tutorial_interfaces_s__rosidl_typesupport_introspection_c.cpython-310-aarch64-linux-gnu.so
[25.697s] -- Installing: /home/willwu/Capstone-2023/picar_ros2_ws/src/install/tutorial_interfaces/local/lib/python3.10/dist-packages/tutorial_interfaces/tutorial_interfaces_s__rosidl_typesupport_fastrtps_c.cpython-310-aarch64-linux-gnu.so
[25.699s] -- Installing: /home/willwu/Capstone-2023/picar_ros2_ws/src/install/tutorial_interfaces/local/lib/python3.10/dist-packages/tutorial_interfaces/_tutorial_interfaces_s.ep.rosidl_typesupport_fastrtps_c.c
[25.700s] -- Installing: /home/willwu/Capstone-2023/picar_ros2_ws/src/install/tutorial_interfaces/local/lib/python3.10/dist-packages/tutorial_interfaces/_tutorial_interfaces_s.ep.rosidl_typesupport_introspection_c.c
[25.701s] -- Installing: /home/willwu/Capstone-2023/picar_ros2_ws/src/install/tutorial_interfaces/local/lib/python3.10/dist-packages/tutorial_interfaces/msg
[25.702s] -- Installing: /home/willwu/Capstone-2023/picar_ros2_ws/src/install/tutorial_interfaces/local/lib/python3.10/dist-packages/tutorial_interfaces/msg/_rpm.py
[25.704s] -- Installing: /home/willwu/Capstone-2023/picar_ros2_ws/src/install/tutorial_interfaces/local/lib/python3.10/dist-packages/tutorial_interfaces/msg/_gps_s.c
[25.705s] -- Installing: /home/willwu/Capstone-2023/picar_ros2_ws/src/install/tutorial_interfaces/local/lib/python3.10/dist-packages/tutorial_interfaces/msg/_gps.py
[25.706s] -- Installing: /home/willwu/Capstone-2023/picar_ros2_ws/src/install/tutorial_interfaces/local/lib/python3.10/dist-packages/tutorial_interfaces/msg/__init__.py
[25.707s] -- Installing: /home/willwu/Capstone-2023/picar_ros2_ws/src/install/tutorial_interfaces/local/lib/python3.10/dist-packages/tutorial_interfaces/msg/_rpm_s.c
[25.708s] -- Installing: /home/willwu/Capstone-2023/picar_ros2_ws/src/install/tutorial_interfaces/local/lib/python3.10/dist-packages/tutorial_interfaces/libtutorial_interfaces__rosidl_generator_py.so
[25.857s] Listing '/home/willwu/Capstone-2023/picar_ros2_ws/src/install/tutorial_interfaces/local/lib/python3.10/dist-packages/tutorial_interfaces'...
[25.859s] Compiling '/home/willwu/Capstone-2023/picar_ros2_ws/src/install/tutorial_interfaces/local/lib/python3.10/dist-packages/tutorial_interfaces/__init__.py'...
[25.860s] Listing '/home/willwu/Capstone-2023/picar_ros2_ws/src/install/tutorial_interfaces/local/lib/python3.10/dist-packages/tutorial_interfaces/msg'...
[25.861s] Compiling '/home/willwu/Capstone-2023/picar_ros2_ws/src/install/tutorial_interfaces/local/lib/python3.10/dist-packages/tutorial_interfaces/msg/__init__.py'...
[25.862s] Compiling '/home/willwu/Capstone-2023/picar_ros2_ws/src/install/tutorial_interfaces/local/lib/python3.10/dist-packages/tutorial_interfaces/msg/_gps.py'...
[25.862s] Compiling '/home/willwu/Capstone-2023/picar_ros2_ws/src/install/tutorial_interfaces/local/lib/python3.10/dist-packages/tutorial_interfaces/msg/_rpm.py'...
[25.882s] -- Installing: /home/willwu/Capstone-2023/picar_ros2_ws/src/install/tutorial_interfaces/local/lib/python3.10/dist-packages/tutorial_interfaces/tutorial_interfaces_s__rosidl_typesupport_fastrtps_c.cpython-310-aarch64-linux-gnu.so
[25.885s] -- Set runtime path of "/home/willwu/Capstone-2023/picar_ros2_ws/src/install/tutorial_interfaces/local/lib/python3.10/dist-packages/tutorial_interfaces/tutorial_interfaces_s__rosidl_typesupport_fastrtps_c.cpython-310-aarch64-linux-gnu.so" to ""
[25.887s] -- Installing: /home/willwu/Capstone-2023/picar_ros2_ws/src/install/tutorial_interfaces/local/lib/python3.10/dist-packages/tutorial_interfaces/tutorial_interfaces_s__rosidl_typesupport_introspection_c.cpython-310-aarch64-linux-gnu.so
[25.889s] -- Set runtime path of "/home/willwu/Capstone-2023/picar_ros2_ws/src/install/tutorial_interfaces/local/lib/python3.10/dist-packages/tutorial_interfaces/tutorial_interfaces_s__rosidl_typesupport_introspection_c.cpython-310-aarch64-linux-gnu.so" to ""
[25.891s] -- Installing: /home/willwu/Capstone-2023/picar_ros2_ws/src/install/tutorial_interfaces/local/lib/python3.10/dist-packages/tutorial_interfaces/tutorial_interfaces_s__rosidl_typesupport_c.cpython-310-aarch64-linux-gnu.so
[25.894s] -- Set runtime path of "/home/willwu/Capstone-2023/picar_ros2_ws/src/install/tutorial_interfaces/local/lib/python3.10/dist-packages/tutorial_interfaces/tutorial_interfaces_s__rosidl_typesupport_c.cpython-310-aarch64-linux-gnu.so" to ""
[25.894s] -- Installing: /home/willwu/Capstone-2023/picar_ros2_ws/src/install/tutorial_interfaces/lib/libtutorial_interfaces__rosidl_generator_py.so
[25.897s] -- Set runtime path of "/home/willwu/Capstone-2023/picar_ros2_ws/src/install/tutorial_interfaces/lib/libtutorial_interfaces__rosidl_generator_py.so" to ""
[25.898s] -- Installing: /home/willwu/Capstone-2023/picar_ros2_ws/src/install/tutorial_interfaces/share/tutorial_interfaces/msg/RPM.idl
[25.899s] -- Installing: /home/willwu/Capstone-2023/picar_ros2_ws/src/install/tutorial_interfaces/share/tutorial_interfaces/msg/GPS.idl
[25.900s] -- Installing: /home/willwu/Capstone-2023/picar_ros2_ws/src/install/tutorial_interfaces/share/tutorial_interfaces/msg/RPM.msg
[25.902s] -- Installing: /home/willwu/Capstone-2023/picar_ros2_ws/src/install/tutorial_interfaces/share/tutorial_interfaces/msg/GPS.msg
[25.903s] -- Installing: /home/willwu/Capstone-2023/picar_ros2_ws/src/install/tutorial_interfaces/share/ament_index/resource_index/package_run_dependencies/tutorial_interfaces
[25.905s] -- Installing: /home/willwu/Capstone-2023/picar_ros2_ws/src/install/tutorial_interfaces/share/ament_index/resource_index/parent_prefix_path/tutorial_interfaces
[25.906s] -- Installing: /home/willwu/Capstone-2023/picar_ros2_ws/src/install/tutorial_interfaces/share/tutorial_interfaces/environment/ament_prefix_path.sh
[25.908s] -- Installing: /home/willwu/Capstone-2023/picar_ros2_ws/src/install/tutorial_interfaces/share/tutorial_interfaces/environment/ament_prefix_path.dsv
[25.909s] -- Installing: /home/willwu/Capstone-2023/picar_ros2_ws/src/install/tutorial_interfaces/share/tutorial_interfaces/environment/path.sh
[25.910s] -- Installing: /home/willwu/Capstone-2023/picar_ros2_ws/src/install/tutorial_interfaces/share/tutorial_interfaces/environment/path.dsv
[25.911s] -- Installing: /home/willwu/Capstone-2023/picar_ros2_ws/src/install/tutorial_interfaces/share/tutorial_interfaces/local_setup.bash
[25.913s] -- Installing: /home/willwu/Capstone-2023/picar_ros2_ws/src/install/tutorial_interfaces/share/tutorial_interfaces/local_setup.sh
[25.914s] -- Installing: /home/willwu/Capstone-2023/picar_ros2_ws/src/install/tutorial_interfaces/share/tutorial_interfaces/local_setup.zsh
[25.915s] -- Installing: /home/willwu/Capstone-2023/picar_ros2_ws/src/install/tutorial_interfaces/share/tutorial_interfaces/local_setup.dsv
[25.917s] -- Installing: /home/willwu/Capstone-2023/picar_ros2_ws/src/install/tutorial_interfaces/share/tutorial_interfaces/package.dsv
[25.918s] -- Installing: /home/willwu/Capstone-2023/picar_ros2_ws/src/install/tutorial_interfaces/share/ament_index/resource_index/packages/tutorial_interfaces
[25.920s] -- Installing: /home/willwu/Capstone-2023/picar_ros2_ws/src/install/tutorial_interfaces/share/tutorial_interfaces/cmake/export_tutorial_interfaces__rosidl_generator_cExport.cmake
[25.922s] -- Installing: /home/willwu/Capstone-2023/picar_ros2_ws/src/install/tutorial_interfaces/share/tutorial_interfaces/cmake/export_tutorial_interfaces__rosidl_generator_cExport-noconfig.cmake
[25.923s] -- Installing: /home/willwu/Capstone-2023/picar_ros2_ws/src/install/tutorial_interfaces/share/tutorial_interfaces/cmake/export_tutorial_interfaces__rosidl_typesupport_fastrtps_cExport.cmake
[25.925s] -- Installing: /home/willwu/Capstone-2023/picar_ros2_ws/src/install/tutorial_interfaces/share/tutorial_interfaces/cmake/export_tutorial_interfaces__rosidl_typesupport_fastrtps_cExport-noconfig.cmake
[25.926s] -- Installing: /home/willwu/Capstone-2023/picar_ros2_ws/src/install/tutorial_interfaces/share/tutorial_interfaces/cmake/export_tutorial_interfaces__rosidl_generator_cppExport.cmake
[25.928s] -- Installing: /home/willwu/Capstone-2023/picar_ros2_ws/src/install/tutorial_interfaces/share/tutorial_interfaces/cmake/export_tutorial_interfaces__rosidl_typesupport_fastrtps_cppExport.cmake
[25.930s] -- Installing: /home/willwu/Capstone-2023/picar_ros2_ws/src/install/tutorial_interfaces/share/tutorial_interfaces/cmake/export_tutorial_interfaces__rosidl_typesupport_fastrtps_cppExport-noconfig.cmake
[25.932s] -- Installing: /home/willwu/Capstone-2023/picar_ros2_ws/src/install/tutorial_interfaces/share/tutorial_interfaces/cmake/tutorial_interfaces__rosidl_typesupport_introspection_cExport.cmake
[25.933s] -- Installing: /home/willwu/Capstone-2023/picar_ros2_ws/src/install/tutorial_interfaces/share/tutorial_interfaces/cmake/tutorial_interfaces__rosidl_typesupport_introspection_cExport-noconfig.cmake
[25.935s] -- Installing: /home/willwu/Capstone-2023/picar_ros2_ws/src/install/tutorial_interfaces/share/tutorial_interfaces/cmake/tutorial_interfaces__rosidl_typesupport_cExport.cmake
[25.936s] -- Installing: /home/willwu/Capstone-2023/picar_ros2_ws/src/install/tutorial_interfaces/share/tutorial_interfaces/cmake/tutorial_interfaces__rosidl_typesupport_cExport-noconfig.cmake
[25.938s] -- Installing: /home/willwu/Capstone-2023/picar_ros2_ws/src/install/tutorial_interfaces/share/tutorial_interfaces/cmake/tutorial_interfaces__rosidl_typesupport_introspection_cppExport.cmake
[25.940s] -- Installing: /home/willwu/Capstone-2023/picar_ros2_ws/src/install/tutorial_interfaces/share/tutorial_interfaces/cmake/tutorial_interfaces__rosidl_typesupport_introspection_cppExport-noconfig.cmake
[25.942s] -- Installing: /home/willwu/Capstone-2023/picar_ros2_ws/src/install/tutorial_interfaces/share/tutorial_interfaces/cmake/tutorial_interfaces__rosidl_typesupport_cppExport.cmake
[25.943s] -- Installing: /home/willwu/Capstone-2023/picar_ros2_ws/src/install/tutorial_interfaces/share/tutorial_interfaces/cmake/tutorial_interfaces__rosidl_typesupport_cppExport-noconfig.cmake
[25.945s] -- Installing: /home/willwu/Capstone-2023/picar_ros2_ws/src/install/tutorial_interfaces/share/tutorial_interfaces/cmake/export_tutorial_interfaces__rosidl_generator_pyExport.cmake
[25.946s] -- Installing: /home/willwu/Capstone-2023/picar_ros2_ws/src/install/tutorial_interfaces/share/tutorial_interfaces/cmake/export_tutorial_interfaces__rosidl_generator_pyExport-noconfig.cmake
[25.948s] -- Installing: /home/willwu/Capstone-2023/picar_ros2_ws/src/install/tutorial_interfaces/share/tutorial_interfaces/cmake/rosidl_cmake-extras.cmake
[25.949s] -- Installing: /home/willwu/Capstone-2023/picar_ros2_ws/src/install/tutorial_interfaces/share/tutorial_interfaces/cmake/ament_cmake_export_dependencies-extras.cmake
[25.951s] -- Installing: /home/willwu/Capstone-2023/picar_ros2_ws/src/install/tutorial_interfaces/share/tutorial_interfaces/cmake/ament_cmake_export_include_directories-extras.cmake
[25.952s] -- Installing: /home/willwu/Capstone-2023/picar_ros2_ws/src/install/tutorial_interfaces/share/tutorial_interfaces/cmake/ament_cmake_export_libraries-extras.cmake
[25.954s] -- Installing: /home/willwu/Capstone-2023/picar_ros2_ws/src/install/tutorial_interfaces/share/tutorial_interfaces/cmake/ament_cmake_export_targets-extras.cmake
[25.955s] -- Installing: /home/willwu/Capstone-2023/picar_ros2_ws/src/install/tutorial_interfaces/share/tutorial_interfaces/cmake/rosidl_cmake_export_typesupport_targets-extras.cmake
[25.957s] -- Installing: /home/willwu/Capstone-2023/picar_ros2_ws/src/install/tutorial_interfaces/share/tutorial_interfaces/cmake/rosidl_cmake_export_typesupport_libraries-extras.cmake
[25.958s] -- Installing: /home/willwu/Capstone-2023/picar_ros2_ws/src/install/tutorial_interfaces/share/tutorial_interfaces/cmake/tutorial_interfacesConfig.cmake
[25.959s] -- Installing: /home/willwu/Capstone-2023/picar_ros2_ws/src/install/tutorial_interfaces/share/tutorial_interfaces/cmake/tutorial_interfacesConfig-version.cmake
[25.961s] -- Installing: /home/willwu/Capstone-2023/picar_ros2_ws/src/install/tutorial_interfaces/share/tutorial_interfaces/package.xml
[25.976s] Invoked command in '/home/willwu/Capstone-2023/picar_ros2_ws/src/build/tutorial_interfaces' returned '0': CMAKE_PREFIX_PATH=/opt/ros/humble /usr/bin/cmake --install /home/willwu/Capstone-2023/picar_ros2_ws/src/build/tutorial_interfaces
