[1.416s] DEBUG:colcon:Command line arguments: ['/usr/bin/colcon', 'build']
[1.416s] DEBUG:colcon:Parsed command line arguments: Namespace(log_base=None, log_level=None, verb_name='build', build_base='build', install_base='install', merge_install=False, symlink_install=False, test_result_base=None, continue_on_error=False, executor='parallel', parallel_workers=4, event_handlers=None, ignore_user_meta=False, metas=['./colcon.meta'], base_paths=['.'], packages_ignore=None, packages_ignore_regex=None, paths=None, packages_up_to=None, packages_up_to_regex=None, packages_above=None, packages_above_and_dependencies=None, packages_above_depth=None, packages_select_by_dep=None, packages_skip_by_dep=None, packages_skip_up_to=None, packages_select_build_failed=False, packages_skip_build_finished=False, packages_select_test_failures=False, packages_skip_test_passed=False, packages_select=None, packages_skip=None, packages_select_regex=None, packages_skip_regex=None, packages_start=None, packages_end=None, allow_overriding=[], cmake_args=None, cmake_target=None, cmake_target_skip_unavailable=False, cmake_clean_cache=False, cmake_clean_first=False, cmake_force_configure=False, ament_cmake_args=None, catkin_cmake_args=None, catkin_skip_building_tests=False, verb_parser=<colcon_defaults.argument_parser.defaults.DefaultArgumentsDecorator object at 0xffffa7d7ece0>, verb_extension=<colcon_core.verb.build.BuildVerb object at 0xffffa857af50>, main=<bound method BuildVerb.main of <colcon_core.verb.build.BuildVerb object at 0xffffa857af50>>)
[1.548s] Level 1:colcon.colcon_core.package_discovery:discover_packages(colcon_meta) check parameters
[1.549s] Level 1:colcon.colcon_core.package_discovery:discover_packages(recursive) check parameters
[1.549s] Level 1:colcon.colcon_core.package_discovery:discover_packages(ignore) check parameters
[1.549s] Level 1:colcon.colcon_core.package_discovery:discover_packages(path) check parameters
[1.549s] Level 1:colcon.colcon_core.package_discovery:discover_packages(colcon_meta) discover
[1.549s] Level 1:colcon.colcon_core.package_discovery:discover_packages(recursive) discover
[1.550s] INFO:colcon.colcon_core.package_discovery:Crawling recursively for packages in '/home/willwu/Capstone-2023'
[1.550s] Level 1:colcon.colcon_core.package_identification:_identify(.) by extensions ['ignore', 'ignore_ament_install']
[1.550s] Level 1:colcon.colcon_core.package_identification:_identify(.) by extension 'ignore'
[1.551s] Level 1:colcon.colcon_core.package_identification:_identify(.) by extension 'ignore_ament_install'
[1.551s] Level 1:colcon.colcon_core.package_identification:_identify(.) by extensions ['colcon_pkg']
[1.551s] Level 1:colcon.colcon_core.package_identification:_identify(.) by extension 'colcon_pkg'
[1.551s] Level 1:colcon.colcon_core.package_identification:_identify(.) by extensions ['colcon_meta']
[1.551s] Level 1:colcon.colcon_core.package_identification:_identify(.) by extension 'colcon_meta'
[1.551s] Level 1:colcon.colcon_core.package_identification:_identify(.) by extensions ['ros']
[1.552s] Level 1:colcon.colcon_core.package_identification:_identify(.) by extension 'ros'
[1.599s] Level 1:colcon.colcon_core.package_identification:_identify(.) by extensions ['cmake', 'python']
[1.599s] Level 1:colcon.colcon_core.package_identification:_identify(.) by extension 'cmake'
[1.599s] Level 1:colcon.colcon_core.package_identification:_identify(.) by extension 'python'
[1.599s] Level 1:colcon.colcon_core.package_identification:_identify(.) by extensions ['python_setup_py']
[1.599s] Level 1:colcon.colcon_core.package_identification:_identify(.) by extension 'python_setup_py'
[1.600s] Level 1:colcon.colcon_core.package_identification:_identify(Capstone-Docs) by extensions ['ignore', 'ignore_ament_install']
[1.601s] Level 1:colcon.colcon_core.package_identification:_identify(Capstone-Docs) by extension 'ignore'
[1.601s] Level 1:colcon.colcon_core.package_identification:_identify(Capstone-Docs) by extension 'ignore_ament_install'
[1.601s] Level 1:colcon.colcon_core.package_identification:_identify(Capstone-Docs) by extensions ['colcon_pkg']
[1.601s] Level 1:colcon.colcon_core.package_identification:_identify(Capstone-Docs) by extension 'colcon_pkg'
[1.601s] Level 1:colcon.colcon_core.package_identification:_identify(Capstone-Docs) by extensions ['colcon_meta']
[1.601s] Level 1:colcon.colcon_core.package_identification:_identify(Capstone-Docs) by extension 'colcon_meta'
[1.602s] Level 1:colcon.colcon_core.package_identification:_identify(Capstone-Docs) by extensions ['ros']
[1.602s] Level 1:colcon.colcon_core.package_identification:_identify(Capstone-Docs) by extension 'ros'
[1.602s] Level 1:colcon.colcon_core.package_identification:_identify(Capstone-Docs) by extensions ['cmake', 'python']
[1.602s] Level 1:colcon.colcon_core.package_identification:_identify(Capstone-Docs) by extension 'cmake'
[1.602s] Level 1:colcon.colcon_core.package_identification:_identify(Capstone-Docs) by extension 'python'
[1.602s] Level 1:colcon.colcon_core.package_identification:_identify(Capstone-Docs) by extensions ['python_setup_py']
[1.602s] Level 1:colcon.colcon_core.package_identification:_identify(Capstone-Docs) by extension 'python_setup_py'
[1.603s] Level 1:colcon.colcon_core.package_identification:_identify(Capstone-Docs/Documents) by extensions ['ignore', 'ignore_ament_install']
[1.603s] Level 1:colcon.colcon_core.package_identification:_identify(Capstone-Docs/Documents) by extension 'ignore'
[1.604s] Level 1:colcon.colcon_core.package_identification:_identify(Capstone-Docs/Documents) by extension 'ignore_ament_install'
[1.604s] Level 1:colcon.colcon_core.package_identification:_identify(Capstone-Docs/Documents) by extensions ['colcon_pkg']
[1.604s] Level 1:colcon.colcon_core.package_identification:_identify(Capstone-Docs/Documents) by extension 'colcon_pkg'
[1.604s] Level 1:colcon.colcon_core.package_identification:_identify(Capstone-Docs/Documents) by extensions ['colcon_meta']
[1.604s] Level 1:colcon.colcon_core.package_identification:_identify(Capstone-Docs/Documents) by extension 'colcon_meta'
[1.604s] Level 1:colcon.colcon_core.package_identification:_identify(Capstone-Docs/Documents) by extensions ['ros']
[1.604s] Level 1:colcon.colcon_core.package_identification:_identify(Capstone-Docs/Documents) by extension 'ros'
[1.605s] Level 1:colcon.colcon_core.package_identification:_identify(Capstone-Docs/Documents) by extensions ['cmake', 'python']
[1.605s] Level 1:colcon.colcon_core.package_identification:_identify(Capstone-Docs/Documents) by extension 'cmake'
[1.605s] Level 1:colcon.colcon_core.package_identification:_identify(Capstone-Docs/Documents) by extension 'python'
[1.605s] Level 1:colcon.colcon_core.package_identification:_identify(Capstone-Docs/Documents) by extensions ['python_setup_py']
[1.605s] Level 1:colcon.colcon_core.package_identification:_identify(Capstone-Docs/Documents) by extension 'python_setup_py'
[1.606s] Level 1:colcon.colcon_core.package_identification:_identify(Capstone-Docs/Figures) by extensions ['ignore', 'ignore_ament_install']
[1.606s] Level 1:colcon.colcon_core.package_identification:_identify(Capstone-Docs/Figures) by extension 'ignore'
[1.606s] Level 1:colcon.colcon_core.package_identification:_identify(Capstone-Docs/Figures) by extension 'ignore_ament_install'
[1.606s] Level 1:colcon.colcon_core.package_identification:_identify(Capstone-Docs/Figures) by extensions ['colcon_pkg']
[1.607s] Level 1:colcon.colcon_core.package_identification:_identify(Capstone-Docs/Figures) by extension 'colcon_pkg'
[1.607s] Level 1:colcon.colcon_core.package_identification:_identify(Capstone-Docs/Figures) by extensions ['colcon_meta']
[1.607s] Level 1:colcon.colcon_core.package_identification:_identify(Capstone-Docs/Figures) by extension 'colcon_meta'
[1.607s] Level 1:colcon.colcon_core.package_identification:_identify(Capstone-Docs/Figures) by extensions ['ros']
[1.607s] Level 1:colcon.colcon_core.package_identification:_identify(Capstone-Docs/Figures) by extension 'ros'
[1.608s] Level 1:colcon.colcon_core.package_identification:_identify(Capstone-Docs/Figures) by extensions ['cmake', 'python']
[1.608s] Level 1:colcon.colcon_core.package_identification:_identify(Capstone-Docs/Figures) by extension 'cmake'
[1.608s] Level 1:colcon.colcon_core.package_identification:_identify(Capstone-Docs/Figures) by extension 'python'
[1.608s] Level 1:colcon.colcon_core.package_identification:_identify(Capstone-Docs/Figures) by extensions ['python_setup_py']
[1.608s] Level 1:colcon.colcon_core.package_identification:_identify(Capstone-Docs/Figures) by extension 'python_setup_py'
[1.609s] Level 1:colcon.colcon_core.package_identification:_identify(Capstone-Docs/Progress Reports) by extensions ['ignore', 'ignore_ament_install']
[1.609s] Level 1:colcon.colcon_core.package_identification:_identify(Capstone-Docs/Progress Reports) by extension 'ignore'
[1.609s] Level 1:colcon.colcon_core.package_identification:_identify(Capstone-Docs/Progress Reports) by extension 'ignore_ament_install'
[1.609s] Level 1:colcon.colcon_core.package_identification:_identify(Capstone-Docs/Progress Reports) by extensions ['colcon_pkg']
[1.609s] Level 1:colcon.colcon_core.package_identification:_identify(Capstone-Docs/Progress Reports) by extension 'colcon_pkg'
[1.609s] Level 1:colcon.colcon_core.package_identification:_identify(Capstone-Docs/Progress Reports) by extensions ['colcon_meta']
[1.610s] Level 1:colcon.colcon_core.package_identification:_identify(Capstone-Docs/Progress Reports) by extension 'colcon_meta'
[1.610s] Level 1:colcon.colcon_core.package_identification:_identify(Capstone-Docs/Progress Reports) by extensions ['ros']
[1.610s] Level 1:colcon.colcon_core.package_identification:_identify(Capstone-Docs/Progress Reports) by extension 'ros'
[1.610s] Level 1:colcon.colcon_core.package_identification:_identify(Capstone-Docs/Progress Reports) by extensions ['cmake', 'python']
[1.610s] Level 1:colcon.colcon_core.package_identification:_identify(Capstone-Docs/Progress Reports) by extension 'cmake'
[1.610s] Level 1:colcon.colcon_core.package_identification:_identify(Capstone-Docs/Progress Reports) by extension 'python'
[1.611s] Level 1:colcon.colcon_core.package_identification:_identify(Capstone-Docs/Progress Reports) by extensions ['python_setup_py']
[1.611s] Level 1:colcon.colcon_core.package_identification:_identify(Capstone-Docs/Progress Reports) by extension 'python_setup_py'
[1.611s] Level 1:colcon.colcon_core.package_identification:_identify(Capstone-Docs/Study Topics) by extensions ['ignore', 'ignore_ament_install']
[1.612s] Level 1:colcon.colcon_core.package_identification:_identify(Capstone-Docs/Study Topics) by extension 'ignore'
[1.612s] Level 1:colcon.colcon_core.package_identification:_identify(Capstone-Docs/Study Topics) by extension 'ignore_ament_install'
[1.612s] Level 1:colcon.colcon_core.package_identification:_identify(Capstone-Docs/Study Topics) by extensions ['colcon_pkg']
[1.612s] Level 1:colcon.colcon_core.package_identification:_identify(Capstone-Docs/Study Topics) by extension 'colcon_pkg'
[1.612s] Level 1:colcon.colcon_core.package_identification:_identify(Capstone-Docs/Study Topics) by extensions ['colcon_meta']
[1.612s] Level 1:colcon.colcon_core.package_identification:_identify(Capstone-Docs/Study Topics) by extension 'colcon_meta'
[1.612s] Level 1:colcon.colcon_core.package_identification:_identify(Capstone-Docs/Study Topics) by extensions ['ros']
[1.613s] Level 1:colcon.colcon_core.package_identification:_identify(Capstone-Docs/Study Topics) by extension 'ros'
[1.613s] Level 1:colcon.colcon_core.package_identification:_identify(Capstone-Docs/Study Topics) by extensions ['cmake', 'python']
[1.613s] Level 1:colcon.colcon_core.package_identification:_identify(Capstone-Docs/Study Topics) by extension 'cmake'
[1.613s] Level 1:colcon.colcon_core.package_identification:_identify(Capstone-Docs/Study Topics) by extension 'python'
[1.613s] Level 1:colcon.colcon_core.package_identification:_identify(Capstone-Docs/Study Topics) by extensions ['python_setup_py']
[1.613s] Level 1:colcon.colcon_core.package_identification:_identify(Capstone-Docs/Study Topics) by extension 'python_setup_py'
[1.614s] Level 1:colcon.colcon_core.package_identification:_identify(Capstone-Docs/Study Topics/Feedback Systems) by extensions ['ignore', 'ignore_ament_install']
[1.614s] Level 1:colcon.colcon_core.package_identification:_identify(Capstone-Docs/Study Topics/Feedback Systems) by extension 'ignore'
[1.614s] Level 1:colcon.colcon_core.package_identification:_identify(Capstone-Docs/Study Topics/Feedback Systems) by extension 'ignore_ament_install'
[1.615s] Level 1:colcon.colcon_core.package_identification:_identify(Capstone-Docs/Study Topics/Feedback Systems) by extensions ['colcon_pkg']
[1.615s] Level 1:colcon.colcon_core.package_identification:_identify(Capstone-Docs/Study Topics/Feedback Systems) by extension 'colcon_pkg'
[1.615s] Level 1:colcon.colcon_core.package_identification:_identify(Capstone-Docs/Study Topics/Feedback Systems) by extensions ['colcon_meta']
[1.615s] Level 1:colcon.colcon_core.package_identification:_identify(Capstone-Docs/Study Topics/Feedback Systems) by extension 'colcon_meta'
[1.615s] Level 1:colcon.colcon_core.package_identification:_identify(Capstone-Docs/Study Topics/Feedback Systems) by extensions ['ros']
[1.615s] Level 1:colcon.colcon_core.package_identification:_identify(Capstone-Docs/Study Topics/Feedback Systems) by extension 'ros'
[1.616s] Level 1:colcon.colcon_core.package_identification:_identify(Capstone-Docs/Study Topics/Feedback Systems) by extensions ['cmake', 'python']
[1.616s] Level 1:colcon.colcon_core.package_identification:_identify(Capstone-Docs/Study Topics/Feedback Systems) by extension 'cmake'
[1.616s] Level 1:colcon.colcon_core.package_identification:_identify(Capstone-Docs/Study Topics/Feedback Systems) by extension 'python'
[1.616s] Level 1:colcon.colcon_core.package_identification:_identify(Capstone-Docs/Study Topics/Feedback Systems) by extensions ['python_setup_py']
[1.616s] Level 1:colcon.colcon_core.package_identification:_identify(Capstone-Docs/Study Topics/Feedback Systems) by extension 'python_setup_py'
[1.617s] Level 1:colcon.colcon_core.package_identification:_identify(Non-ROS-Scripts) by extensions ['ignore', 'ignore_ament_install']
[1.617s] Level 1:colcon.colcon_core.package_identification:_identify(Non-ROS-Scripts) by extension 'ignore'
[1.617s] Level 1:colcon.colcon_core.package_identification:_identify(Non-ROS-Scripts) by extension 'ignore_ament_install'
[1.617s] Level 1:colcon.colcon_core.package_identification:_identify(Non-ROS-Scripts) by extensions ['colcon_pkg']
[1.617s] Level 1:colcon.colcon_core.package_identification:_identify(Non-ROS-Scripts) by extension 'colcon_pkg'
[1.618s] Level 1:colcon.colcon_core.package_identification:_identify(Non-ROS-Scripts) by extensions ['colcon_meta']
[1.618s] Level 1:colcon.colcon_core.package_identification:_identify(Non-ROS-Scripts) by extension 'colcon_meta'
[1.618s] Level 1:colcon.colcon_core.package_identification:_identify(Non-ROS-Scripts) by extensions ['ros']
[1.618s] Level 1:colcon.colcon_core.package_identification:_identify(Non-ROS-Scripts) by extension 'ros'
[1.618s] Level 1:colcon.colcon_core.package_identification:_identify(Non-ROS-Scripts) by extensions ['cmake', 'python']
[1.618s] Level 1:colcon.colcon_core.package_identification:_identify(Non-ROS-Scripts) by extension 'cmake'
[1.618s] Level 1:colcon.colcon_core.package_identification:_identify(Non-ROS-Scripts) by extension 'python'
[1.619s] Level 1:colcon.colcon_core.package_identification:_identify(Non-ROS-Scripts) by extensions ['python_setup_py']
[1.619s] Level 1:colcon.colcon_core.package_identification:_identify(Non-ROS-Scripts) by extension 'python_setup_py'
[1.619s] Level 1:colcon.colcon_core.package_identification:_identify(Non-ROS-Scripts/Actuators) by extensions ['ignore', 'ignore_ament_install']
[1.620s] Level 1:colcon.colcon_core.package_identification:_identify(Non-ROS-Scripts/Actuators) by extension 'ignore'
[1.620s] Level 1:colcon.colcon_core.package_identification:_identify(Non-ROS-Scripts/Actuators) by extension 'ignore_ament_install'
[1.620s] Level 1:colcon.colcon_core.package_identification:_identify(Non-ROS-Scripts/Actuators) by extensions ['colcon_pkg']
[1.620s] Level 1:colcon.colcon_core.package_identification:_identify(Non-ROS-Scripts/Actuators) by extension 'colcon_pkg'
[1.620s] Level 1:colcon.colcon_core.package_identification:_identify(Non-ROS-Scripts/Actuators) by extensions ['colcon_meta']
[1.620s] Level 1:colcon.colcon_core.package_identification:_identify(Non-ROS-Scripts/Actuators) by extension 'colcon_meta'
[1.621s] Level 1:colcon.colcon_core.package_identification:_identify(Non-ROS-Scripts/Actuators) by extensions ['ros']
[1.621s] Level 1:colcon.colcon_core.package_identification:_identify(Non-ROS-Scripts/Actuators) by extension 'ros'
[1.621s] Level 1:colcon.colcon_core.package_identification:_identify(Non-ROS-Scripts/Actuators) by extensions ['cmake', 'python']
[1.621s] Level 1:colcon.colcon_core.package_identification:_identify(Non-ROS-Scripts/Actuators) by extension 'cmake'
[1.621s] Level 1:colcon.colcon_core.package_identification:_identify(Non-ROS-Scripts/Actuators) by extension 'python'
[1.621s] Level 1:colcon.colcon_core.package_identification:_identify(Non-ROS-Scripts/Actuators) by extensions ['python_setup_py']
[1.621s] Level 1:colcon.colcon_core.package_identification:_identify(Non-ROS-Scripts/Actuators) by extension 'python_setup_py'
[1.622s] Level 1:colcon.colcon_core.package_identification:_identify(Non-ROS-Scripts/Sensors) by extensions ['ignore', 'ignore_ament_install']
[1.622s] Level 1:colcon.colcon_core.package_identification:_identify(Non-ROS-Scripts/Sensors) by extension 'ignore'
[1.622s] Level 1:colcon.colcon_core.package_identification:_identify(Non-ROS-Scripts/Sensors) by extension 'ignore_ament_install'
[1.623s] Level 1:colcon.colcon_core.package_identification:_identify(Non-ROS-Scripts/Sensors) by extensions ['colcon_pkg']
[1.623s] Level 1:colcon.colcon_core.package_identification:_identify(Non-ROS-Scripts/Sensors) by extension 'colcon_pkg'
[1.623s] Level 1:colcon.colcon_core.package_identification:_identify(Non-ROS-Scripts/Sensors) by extensions ['colcon_meta']
[1.623s] Level 1:colcon.colcon_core.package_identification:_identify(Non-ROS-Scripts/Sensors) by extension 'colcon_meta'
[1.623s] Level 1:colcon.colcon_core.package_identification:_identify(Non-ROS-Scripts/Sensors) by extensions ['ros']
[1.623s] Level 1:colcon.colcon_core.package_identification:_identify(Non-ROS-Scripts/Sensors) by extension 'ros'
[1.624s] Level 1:colcon.colcon_core.package_identification:_identify(Non-ROS-Scripts/Sensors) by extensions ['cmake', 'python']
[1.624s] Level 1:colcon.colcon_core.package_identification:_identify(Non-ROS-Scripts/Sensors) by extension 'cmake'
[1.624s] Level 1:colcon.colcon_core.package_identification:_identify(Non-ROS-Scripts/Sensors) by extension 'python'
[1.624s] Level 1:colcon.colcon_core.package_identification:_identify(Non-ROS-Scripts/Sensors) by extensions ['python_setup_py']
[1.624s] Level 1:colcon.colcon_core.package_identification:_identify(Non-ROS-Scripts/Sensors) by extension 'python_setup_py'
[1.625s] Level 1:colcon.colcon_core.package_identification:_identify(Non-ROS-Scripts/Sensors/Data) by extensions ['ignore', 'ignore_ament_install']
[1.625s] Level 1:colcon.colcon_core.package_identification:_identify(Non-ROS-Scripts/Sensors/Data) by extension 'ignore'
[1.625s] Level 1:colcon.colcon_core.package_identification:_identify(Non-ROS-Scripts/Sensors/Data) by extension 'ignore_ament_install'
[1.625s] Level 1:colcon.colcon_core.package_identification:_identify(Non-ROS-Scripts/Sensors/Data) by extensions ['colcon_pkg']
[1.625s] Level 1:colcon.colcon_core.package_identification:_identify(Non-ROS-Scripts/Sensors/Data) by extension 'colcon_pkg'
[1.626s] Level 1:colcon.colcon_core.package_identification:_identify(Non-ROS-Scripts/Sensors/Data) by extensions ['colcon_meta']
[1.626s] Level 1:colcon.colcon_core.package_identification:_identify(Non-ROS-Scripts/Sensors/Data) by extension 'colcon_meta'
[1.626s] Level 1:colcon.colcon_core.package_identification:_identify(Non-ROS-Scripts/Sensors/Data) by extensions ['ros']
[1.626s] Level 1:colcon.colcon_core.package_identification:_identify(Non-ROS-Scripts/Sensors/Data) by extension 'ros'
[1.626s] Level 1:colcon.colcon_core.package_identification:_identify(Non-ROS-Scripts/Sensors/Data) by extensions ['cmake', 'python']
[1.626s] Level 1:colcon.colcon_core.package_identification:_identify(Non-ROS-Scripts/Sensors/Data) by extension 'cmake'
[1.627s] Level 1:colcon.colcon_core.package_identification:_identify(Non-ROS-Scripts/Sensors/Data) by extension 'python'
[1.627s] Level 1:colcon.colcon_core.package_identification:_identify(Non-ROS-Scripts/Sensors/Data) by extensions ['python_setup_py']
[1.627s] Level 1:colcon.colcon_core.package_identification:_identify(Non-ROS-Scripts/Sensors/Data) by extension 'python_setup_py'
[1.627s] Level 1:colcon.colcon_core.package_identification:_identify(Non-ROS-Scripts/Sensors/Lidar) by extensions ['ignore', 'ignore_ament_install']
[1.628s] Level 1:colcon.colcon_core.package_identification:_identify(Non-ROS-Scripts/Sensors/Lidar) by extension 'ignore'
[1.628s] Level 1:colcon.colcon_core.package_identification:_identify(Non-ROS-Scripts/Sensors/Lidar) by extension 'ignore_ament_install'
[1.628s] Level 1:colcon.colcon_core.package_identification:_identify(Non-ROS-Scripts/Sensors/Lidar) by extensions ['colcon_pkg']
[1.628s] Level 1:colcon.colcon_core.package_identification:_identify(Non-ROS-Scripts/Sensors/Lidar) by extension 'colcon_pkg'
[1.628s] Level 1:colcon.colcon_core.package_identification:_identify(Non-ROS-Scripts/Sensors/Lidar) by extensions ['colcon_meta']
[1.628s] Level 1:colcon.colcon_core.package_identification:_identify(Non-ROS-Scripts/Sensors/Lidar) by extension 'colcon_meta'
[1.629s] Level 1:colcon.colcon_core.package_identification:_identify(Non-ROS-Scripts/Sensors/Lidar) by extensions ['ros']
[1.629s] Level 1:colcon.colcon_core.package_identification:_identify(Non-ROS-Scripts/Sensors/Lidar) by extension 'ros'
[1.629s] Level 1:colcon.colcon_core.package_identification:_identify(Non-ROS-Scripts/Sensors/Lidar) by extensions ['cmake', 'python']
[1.629s] Level 1:colcon.colcon_core.package_identification:_identify(Non-ROS-Scripts/Sensors/Lidar) by extension 'cmake'
[1.629s] Level 1:colcon.colcon_core.package_identification:_identify(Non-ROS-Scripts/Sensors/Lidar) by extension 'python'
[1.630s] Level 1:colcon.colcon_core.package_identification:_identify(Non-ROS-Scripts/Sensors/Lidar) by extensions ['python_setup_py']
[1.630s] Level 1:colcon.colcon_core.package_identification:_identify(Non-ROS-Scripts/Sensors/Lidar) by extension 'python_setup_py'
[1.630s] Level 1:colcon.colcon_core.package_identification:_identify(Non-ROS-Scripts/Sensors/__pycache__) by extensions ['ignore', 'ignore_ament_install']
[1.630s] Level 1:colcon.colcon_core.package_identification:_identify(Non-ROS-Scripts/Sensors/__pycache__) by extension 'ignore'
[1.631s] Level 1:colcon.colcon_core.package_identification:_identify(Non-ROS-Scripts/Sensors/__pycache__) by extension 'ignore_ament_install'
[1.631s] Level 1:colcon.colcon_core.package_identification:_identify(Non-ROS-Scripts/Sensors/__pycache__) by extensions ['colcon_pkg']
[1.631s] Level 1:colcon.colcon_core.package_identification:_identify(Non-ROS-Scripts/Sensors/__pycache__) by extension 'colcon_pkg'
[1.631s] Level 1:colcon.colcon_core.package_identification:_identify(Non-ROS-Scripts/Sensors/__pycache__) by extensions ['colcon_meta']
[1.631s] Level 1:colcon.colcon_core.package_identification:_identify(Non-ROS-Scripts/Sensors/__pycache__) by extension 'colcon_meta'
[1.631s] Level 1:colcon.colcon_core.package_identification:_identify(Non-ROS-Scripts/Sensors/__pycache__) by extensions ['ros']
[1.631s] Level 1:colcon.colcon_core.package_identification:_identify(Non-ROS-Scripts/Sensors/__pycache__) by extension 'ros'
[1.632s] Level 1:colcon.colcon_core.package_identification:_identify(Non-ROS-Scripts/Sensors/__pycache__) by extensions ['cmake', 'python']
[1.632s] Level 1:colcon.colcon_core.package_identification:_identify(Non-ROS-Scripts/Sensors/__pycache__) by extension 'cmake'
[1.632s] Level 1:colcon.colcon_core.package_identification:_identify(Non-ROS-Scripts/Sensors/__pycache__) by extension 'python'
[1.632s] Level 1:colcon.colcon_core.package_identification:_identify(Non-ROS-Scripts/Sensors/__pycache__) by extensions ['python_setup_py']
[1.632s] Level 1:colcon.colcon_core.package_identification:_identify(Non-ROS-Scripts/Sensors/__pycache__) by extension 'python_setup_py'
[1.633s] Level 1:colcon.colcon_core.package_identification:_identify(Non-ROS-Scripts/Simulation) by extensions ['ignore', 'ignore_ament_install']
[1.633s] Level 1:colcon.colcon_core.package_identification:_identify(Non-ROS-Scripts/Simulation) by extension 'ignore'
[1.633s] Level 1:colcon.colcon_core.package_identification:_identify(Non-ROS-Scripts/Simulation) by extension 'ignore_ament_install'
[1.633s] Level 1:colcon.colcon_core.package_identification:_identify(Non-ROS-Scripts/Simulation) by extensions ['colcon_pkg']
[1.634s] Level 1:colcon.colcon_core.package_identification:_identify(Non-ROS-Scripts/Simulation) by extension 'colcon_pkg'
[1.634s] Level 1:colcon.colcon_core.package_identification:_identify(Non-ROS-Scripts/Simulation) by extensions ['colcon_meta']
[1.634s] Level 1:colcon.colcon_core.package_identification:_identify(Non-ROS-Scripts/Simulation) by extension 'colcon_meta'
[1.634s] Level 1:colcon.colcon_core.package_identification:_identify(Non-ROS-Scripts/Simulation) by extensions ['ros']
[1.634s] Level 1:colcon.colcon_core.package_identification:_identify(Non-ROS-Scripts/Simulation) by extension 'ros'
[1.634s] Level 1:colcon.colcon_core.package_identification:_identify(Non-ROS-Scripts/Simulation) by extensions ['cmake', 'python']
[1.635s] Level 1:colcon.colcon_core.package_identification:_identify(Non-ROS-Scripts/Simulation) by extension 'cmake'
[1.635s] Level 1:colcon.colcon_core.package_identification:_identify(Non-ROS-Scripts/Simulation) by extension 'python'
[1.635s] Level 1:colcon.colcon_core.package_identification:_identify(Non-ROS-Scripts/Simulation) by extensions ['python_setup_py']
[1.635s] Level 1:colcon.colcon_core.package_identification:_identify(Non-ROS-Scripts/Simulation) by extension 'python_setup_py'
[1.636s] Level 1:colcon.colcon_core.package_identification:_identify(Non-ROS-Scripts/pi_hat_tests) by extensions ['ignore', 'ignore_ament_install']
[1.636s] Level 1:colcon.colcon_core.package_identification:_identify(Non-ROS-Scripts/pi_hat_tests) by extension 'ignore'
[1.636s] Level 1:colcon.colcon_core.package_identification:_identify(Non-ROS-Scripts/pi_hat_tests) by extension 'ignore_ament_install'
[1.636s] Level 1:colcon.colcon_core.package_identification:_identify(Non-ROS-Scripts/pi_hat_tests) by extensions ['colcon_pkg']
[1.636s] Level 1:colcon.colcon_core.package_identification:_identify(Non-ROS-Scripts/pi_hat_tests) by extension 'colcon_pkg'
[1.637s] Level 1:colcon.colcon_core.package_identification:_identify(Non-ROS-Scripts/pi_hat_tests) by extensions ['colcon_meta']
[1.637s] Level 1:colcon.colcon_core.package_identification:_identify(Non-ROS-Scripts/pi_hat_tests) by extension 'colcon_meta'
[1.637s] Level 1:colcon.colcon_core.package_identification:_identify(Non-ROS-Scripts/pi_hat_tests) by extensions ['ros']
[1.637s] Level 1:colcon.colcon_core.package_identification:_identify(Non-ROS-Scripts/pi_hat_tests) by extension 'ros'
[1.637s] Level 1:colcon.colcon_core.package_identification:_identify(Non-ROS-Scripts/pi_hat_tests) by extensions ['cmake', 'python']
[1.637s] Level 1:colcon.colcon_core.package_identification:_identify(Non-ROS-Scripts/pi_hat_tests) by extension 'cmake'
[1.637s] Level 1:colcon.colcon_core.package_identification:_identify(Non-ROS-Scripts/pi_hat_tests) by extension 'python'
[1.638s] Level 1:colcon.colcon_core.package_identification:_identify(Non-ROS-Scripts/pi_hat_tests) by extensions ['python_setup_py']
[1.638s] Level 1:colcon.colcon_core.package_identification:_identify(Non-ROS-Scripts/pi_hat_tests) by extension 'python_setup_py'
[1.638s] Level 1:colcon.colcon_core.package_identification:_identify(build) by extensions ['ignore', 'ignore_ament_install']
[1.639s] Level 1:colcon.colcon_core.package_identification:_identify(build) by extension 'ignore'
[1.639s] Level 1:colcon.colcon_core.package_identification:_identify(build) ignored
[1.639s] Level 1:colcon.colcon_core.package_identification:_identify(install) by extensions ['ignore', 'ignore_ament_install']
[1.640s] Level 1:colcon.colcon_core.package_identification:_identify(install) by extension 'ignore'
[1.640s] Level 1:colcon.colcon_core.package_identification:_identify(install) ignored
[1.640s] Level 1:colcon.colcon_core.package_identification:_identify(log) by extensions ['ignore', 'ignore_ament_install']
[1.641s] Level 1:colcon.colcon_core.package_identification:_identify(log) by extension 'ignore'
[1.641s] Level 1:colcon.colcon_core.package_identification:_identify(log) ignored
[1.641s] Level 1:colcon.colcon_core.package_identification:_identify(picar_ros2_ws) by extensions ['ignore', 'ignore_ament_install']
[1.641s] Level 1:colcon.colcon_core.package_identification:_identify(picar_ros2_ws) by extension 'ignore'
[1.642s] Level 1:colcon.colcon_core.package_identification:_identify(picar_ros2_ws) by extension 'ignore_ament_install'
[1.642s] Level 1:colcon.colcon_core.package_identification:_identify(picar_ros2_ws) by extensions ['colcon_pkg']
[1.642s] Level 1:colcon.colcon_core.package_identification:_identify(picar_ros2_ws) by extension 'colcon_pkg'
[1.642s] Level 1:colcon.colcon_core.package_identification:_identify(picar_ros2_ws) by extensions ['colcon_meta']
[1.642s] Level 1:colcon.colcon_core.package_identification:_identify(picar_ros2_ws) by extension 'colcon_meta'
[1.642s] Level 1:colcon.colcon_core.package_identification:_identify(picar_ros2_ws) by extensions ['ros']
[1.642s] Level 1:colcon.colcon_core.package_identification:_identify(picar_ros2_ws) by extension 'ros'
[1.643s] Level 1:colcon.colcon_core.package_identification:_identify(picar_ros2_ws) by extensions ['cmake', 'python']
[1.643s] Level 1:colcon.colcon_core.package_identification:_identify(picar_ros2_ws) by extension 'cmake'
[1.643s] Level 1:colcon.colcon_core.package_identification:_identify(picar_ros2_ws) by extension 'python'
[1.643s] Level 1:colcon.colcon_core.package_identification:_identify(picar_ros2_ws) by extensions ['python_setup_py']
[1.643s] Level 1:colcon.colcon_core.package_identification:_identify(picar_ros2_ws) by extension 'python_setup_py'
[1.644s] Level 1:colcon.colcon_core.package_identification:_identify(picar_ros2_ws/build) by extensions ['ignore', 'ignore_ament_install']
[1.644s] Level 1:colcon.colcon_core.package_identification:_identify(picar_ros2_ws/build) by extension 'ignore'
[1.644s] Level 1:colcon.colcon_core.package_identification:_identify(picar_ros2_ws/build) ignored
[1.645s] Level 1:colcon.colcon_core.package_identification:_identify(picar_ros2_ws/install) by extensions ['ignore', 'ignore_ament_install']
[1.645s] Level 1:colcon.colcon_core.package_identification:_identify(picar_ros2_ws/install) by extension 'ignore'
[1.645s] Level 1:colcon.colcon_core.package_identification:_identify(picar_ros2_ws/install) ignored
[1.646s] Level 1:colcon.colcon_core.package_identification:_identify(picar_ros2_ws/log) by extensions ['ignore', 'ignore_ament_install']
[1.646s] Level 1:colcon.colcon_core.package_identification:_identify(picar_ros2_ws/log) by extension 'ignore'
[1.646s] Level 1:colcon.colcon_core.package_identification:_identify(picar_ros2_ws/log) ignored
[1.646s] Level 1:colcon.colcon_core.package_identification:_identify(picar_ros2_ws/src) by extensions ['ignore', 'ignore_ament_install']
[1.647s] Level 1:colcon.colcon_core.package_identification:_identify(picar_ros2_ws/src) by extension 'ignore'
[1.647s] Level 1:colcon.colcon_core.package_identification:_identify(picar_ros2_ws/src) by extension 'ignore_ament_install'
[1.647s] Level 1:colcon.colcon_core.package_identification:_identify(picar_ros2_ws/src) by extensions ['colcon_pkg']
[1.647s] Level 1:colcon.colcon_core.package_identification:_identify(picar_ros2_ws/src) by extension 'colcon_pkg'
[1.647s] Level 1:colcon.colcon_core.package_identification:_identify(picar_ros2_ws/src) by extensions ['colcon_meta']
[1.648s] Level 1:colcon.colcon_core.package_identification:_identify(picar_ros2_ws/src) by extension 'colcon_meta'
[1.648s] Level 1:colcon.colcon_core.package_identification:_identify(picar_ros2_ws/src) by extensions ['ros']
[1.648s] Level 1:colcon.colcon_core.package_identification:_identify(picar_ros2_ws/src) by extension 'ros'
[1.648s] Level 1:colcon.colcon_core.package_identification:_identify(picar_ros2_ws/src) by extensions ['cmake', 'python']
[1.648s] Level 1:colcon.colcon_core.package_identification:_identify(picar_ros2_ws/src) by extension 'cmake'
[1.648s] Level 1:colcon.colcon_core.package_identification:_identify(picar_ros2_ws/src) by extension 'python'
[1.649s] Level 1:colcon.colcon_core.package_identification:_identify(picar_ros2_ws/src) by extensions ['python_setup_py']
[1.649s] Level 1:colcon.colcon_core.package_identification:_identify(picar_ros2_ws/src) by extension 'python_setup_py'
[1.649s] Level 1:colcon.colcon_core.package_identification:_identify(picar_ros2_ws/src/picar_sys) by extensions ['ignore', 'ignore_ament_install']
[1.650s] Level 1:colcon.colcon_core.package_identification:_identify(picar_ros2_ws/src/picar_sys) by extension 'ignore'
[1.650s] Level 1:colcon.colcon_core.package_identification:_identify(picar_ros2_ws/src/picar_sys) by extension 'ignore_ament_install'
[1.650s] Level 1:colcon.colcon_core.package_identification:_identify(picar_ros2_ws/src/picar_sys) by extensions ['colcon_pkg']
[1.650s] Level 1:colcon.colcon_core.package_identification:_identify(picar_ros2_ws/src/picar_sys) by extension 'colcon_pkg'
[1.650s] Level 1:colcon.colcon_core.package_identification:_identify(picar_ros2_ws/src/picar_sys) by extensions ['colcon_meta']
[1.650s] Level 1:colcon.colcon_core.package_identification:_identify(picar_ros2_ws/src/picar_sys) by extension 'colcon_meta'
[1.650s] Level 1:colcon.colcon_core.package_identification:_identify(picar_ros2_ws/src/picar_sys) by extensions ['ros']
[1.651s] Level 1:colcon.colcon_core.package_identification:_identify(picar_ros2_ws/src/picar_sys) by extension 'ros'
[1.659s] DEBUG:colcon.colcon_core.package_identification:Package 'picar_ros2_ws/src/picar_sys' with type 'ros.ament_python' and name 'picar_sys'
[1.659s] Level 1:colcon.colcon_core.package_discovery:discover_packages(recursive) using defaults
[1.660s] Level 1:colcon.colcon_core.package_discovery:discover_packages(ignore) discover
[1.660s] Level 1:colcon.colcon_core.package_discovery:discover_packages(ignore) using defaults
[1.660s] Level 1:colcon.colcon_core.package_discovery:discover_packages(path) discover
[1.660s] Level 1:colcon.colcon_core.package_discovery:discover_packages(path) using defaults
[1.752s] Level 1:colcon.colcon_core.package_discovery:discover_packages(prefix_path) check parameters
[1.752s] Level 1:colcon.colcon_core.package_discovery:discover_packages(prefix_path) discover
[1.764s] DEBUG:colcon.colcon_installed_package_information.package_discovery:Found 1 installed packages in /home/willwu/Capstone-2023/picar_ros2_ws/install
[1.775s] DEBUG:colcon.colcon_installed_package_information.package_discovery:Found 270 installed packages in /opt/ros/humble
[1.781s] Level 1:colcon.colcon_core.package_discovery:discover_packages(prefix_path) using defaults
[2.030s] Level 5:colcon.colcon_core.verb:set package 'picar_sys' build argument 'cmake_args' from command line to 'None'
[2.031s] Level 5:colcon.colcon_core.verb:set package 'picar_sys' build argument 'cmake_target' from command line to 'None'
[2.031s] Level 5:colcon.colcon_core.verb:set package 'picar_sys' build argument 'cmake_target_skip_unavailable' from command line to 'False'
[2.031s] Level 5:colcon.colcon_core.verb:set package 'picar_sys' build argument 'cmake_clean_cache' from command line to 'False'
[2.031s] Level 5:colcon.colcon_core.verb:set package 'picar_sys' build argument 'cmake_clean_first' from command line to 'False'
[2.031s] Level 5:colcon.colcon_core.verb:set package 'picar_sys' build argument 'cmake_force_configure' from command line to 'False'
[2.031s] Level 5:colcon.colcon_core.verb:set package 'picar_sys' build argument 'ament_cmake_args' from command line to 'None'
[2.031s] Level 5:colcon.colcon_core.verb:set package 'picar_sys' build argument 'catkin_cmake_args' from command line to 'None'
[2.031s] Level 5:colcon.colcon_core.verb:set package 'picar_sys' build argument 'catkin_skip_building_tests' from command line to 'False'
[2.032s] DEBUG:colcon.colcon_core.verb:Building package 'picar_sys' with the following arguments: {'ament_cmake_args': None, 'build_base': '/home/willwu/Capstone-2023/build/picar_sys', 'catkin_cmake_args': None, 'catkin_skip_building_tests': False, 'cmake_args': None, 'cmake_clean_cache': False, 'cmake_clean_first': False, 'cmake_force_configure': False, 'cmake_target': None, 'cmake_target_skip_unavailable': False, 'install_base': '/home/willwu/Capstone-2023/install/picar_sys', 'merge_install': False, 'path': '/home/willwu/Capstone-2023/picar_ros2_ws/src/picar_sys', 'symlink_install': False, 'test_result_base': None}
[2.034s] INFO:colcon.colcon_core.executor:Executing jobs using 'parallel' executor
[2.046s] DEBUG:colcon.colcon_parallel_executor.executor.parallel:run_until_complete
[2.047s] INFO:colcon.colcon_ros.task.ament_python.build:Building ROS package in '/home/willwu/Capstone-2023/picar_ros2_ws/src/picar_sys' with build type 'ament_python'
[2.048s] Level 1:colcon.colcon_core.shell:create_environment_hook('picar_sys', 'ament_prefix_path')
[2.066s] INFO:colcon.colcon_core.plugin_system:Skipping extension 'colcon_core.shell.bat': Not used on non-Windows systems
[2.067s] INFO:colcon.colcon_core.shell:Creating environment hook '/home/willwu/Capstone-2023/install/picar_sys/share/picar_sys/hook/ament_prefix_path.ps1'
[2.070s] INFO:colcon.colcon_core.shell:Creating environment descriptor '/home/willwu/Capstone-2023/install/picar_sys/share/picar_sys/hook/ament_prefix_path.dsv'
[2.072s] INFO:colcon.colcon_core.shell:Creating environment hook '/home/willwu/Capstone-2023/install/picar_sys/share/picar_sys/hook/ament_prefix_path.sh'
[2.079s] INFO:colcon.colcon_core.shell:Skip shell extension 'powershell' for command environment: Not usable outside of PowerShell
[2.079s] DEBUG:colcon.colcon_core.shell:Skip shell extension 'dsv' for command environment
[3.263s] INFO:colcon.colcon_core.task.python.build:Building Python package in '/home/willwu/Capstone-2023/picar_ros2_ws/src/picar_sys'
[3.268s] INFO:colcon.colcon_core.shell:Skip shell extension 'powershell' for command environment: Not usable outside of PowerShell
[3.268s] DEBUG:colcon.colcon_core.shell:Skip shell extension 'dsv' for command environment
[4.744s] DEBUG:colcon.colcon_core.event_handler.log_command:Invoking command in '/home/willwu/Capstone-2023/picar_ros2_ws/src/picar_sys': PYTHONPATH=/home/willwu/Capstone-2023/build/picar_sys/prefix_override:/home/willwu/Capstone-2023/install/picar_sys/lib/python3.10/site-packages:${PYTHONPATH} /usr/bin/python3 setup.py egg_info --egg-base ../../../build/picar_sys build --build-base /home/willwu/Capstone-2023/build/picar_sys/build install --record /home/willwu/Capstone-2023/build/picar_sys/install.log --single-version-externally-managed
[6.076s] DEBUG:colcon.colcon_core.event_handler.log_command:Invoked command in '/home/willwu/Capstone-2023/picar_ros2_ws/src/picar_sys' returned '0': PYTHONPATH=/home/willwu/Capstone-2023/build/picar_sys/prefix_override:/home/willwu/Capstone-2023/install/picar_sys/lib/python3.10/site-packages:${PYTHONPATH} /usr/bin/python3 setup.py egg_info --egg-base ../../../build/picar_sys build --build-base /home/willwu/Capstone-2023/build/picar_sys/build install --record /home/willwu/Capstone-2023/build/picar_sys/install.log --single-version-externally-managed
[6.094s] Level 1:colcon.colcon_core.environment:checking '/home/willwu/Capstone-2023/install/picar_sys' for CMake module files
[6.097s] Level 1:colcon.colcon_core.environment:checking '/home/willwu/Capstone-2023/install/picar_sys' for CMake config files
[6.101s] Level 1:colcon.colcon_core.environment:checking '/home/willwu/Capstone-2023/install/picar_sys/lib'
[6.102s] Level 1:colcon.colcon_core.environment:checking '/home/willwu/Capstone-2023/install/picar_sys/bin'
[6.102s] Level 1:colcon.colcon_core.environment:checking '/home/willwu/Capstone-2023/install/picar_sys/lib/pkgconfig/picar_sys.pc'
[6.103s] Level 1:colcon.colcon_core.environment:checking '/home/willwu/Capstone-2023/install/picar_sys/lib/python3.10/site-packages'
[6.103s] Level 1:colcon.colcon_core.shell:create_environment_hook('picar_sys', 'pythonpath')
[6.108s] INFO:colcon.colcon_core.shell:Creating environment hook '/home/willwu/Capstone-2023/install/picar_sys/share/picar_sys/hook/pythonpath.ps1'
[6.110s] INFO:colcon.colcon_core.shell:Creating environment descriptor '/home/willwu/Capstone-2023/install/picar_sys/share/picar_sys/hook/pythonpath.dsv'
[6.111s] INFO:colcon.colcon_core.shell:Creating environment hook '/home/willwu/Capstone-2023/install/picar_sys/share/picar_sys/hook/pythonpath.sh'
[6.114s] Level 1:colcon.colcon_core.environment:checking '/home/willwu/Capstone-2023/install/picar_sys/bin'
[6.114s] Level 1:colcon.colcon_core.environment:create_environment_scripts_only(picar_sys)
[6.120s] INFO:colcon.colcon_core.shell:Creating package script '/home/willwu/Capstone-2023/install/picar_sys/share/picar_sys/package.ps1'
[6.123s] INFO:colcon.colcon_core.shell:Creating package descriptor '/home/willwu/Capstone-2023/install/picar_sys/share/picar_sys/package.dsv'
[6.126s] INFO:colcon.colcon_core.shell:Creating package script '/home/willwu/Capstone-2023/install/picar_sys/share/picar_sys/package.sh'
[6.129s] INFO:colcon.colcon_core.shell:Creating package script '/home/willwu/Capstone-2023/install/picar_sys/share/picar_sys/package.bash'
[6.132s] INFO:colcon.colcon_core.shell:Creating package script '/home/willwu/Capstone-2023/install/picar_sys/share/picar_sys/package.zsh'
[6.135s] Level 1:colcon.colcon_core.environment:create_file_with_runtime_dependencies(/home/willwu/Capstone-2023/install/picar_sys/share/colcon-core/packages/picar_sys)
[6.137s] DEBUG:colcon.colcon_parallel_executor.executor.parallel:closing loop
[6.138s] DEBUG:colcon.colcon_parallel_executor.executor.parallel:loop closed
[6.138s] DEBUG:colcon.colcon_parallel_executor.executor.parallel:run_until_complete finished with '0'
[6.139s] DEBUG:colcon.colcon_core.event_reactor:joining thread
[6.160s] INFO:colcon.colcon_core.plugin_system:Skipping extension 'colcon_notification.desktop_notification.terminal_notifier': Not used on non-Darwin systems
[6.160s] INFO:colcon.colcon_core.plugin_system:Skipping extension 'colcon_notification.desktop_notification.win32': Not used on non-Windows systems
[6.160s] INFO:colcon.colcon_notification.desktop_notification:Sending desktop notification using 'notify2'
[6.200s] DEBUG:colcon.colcon_core.event_reactor:joined thread
[6.205s] INFO:colcon.colcon_core.shell:Creating prefix script '/home/willwu/Capstone-2023/install/local_setup.ps1'
[6.209s] INFO:colcon.colcon_core.shell:Creating prefix util module '/home/willwu/Capstone-2023/install/_local_setup_util_ps1.py'
[6.216s] INFO:colcon.colcon_core.shell:Creating prefix chain script '/home/willwu/Capstone-2023/install/setup.ps1'
[6.222s] INFO:colcon.colcon_core.shell:Creating prefix script '/home/willwu/Capstone-2023/install/local_setup.sh'
[6.225s] INFO:colcon.colcon_core.shell:Creating prefix util module '/home/willwu/Capstone-2023/install/_local_setup_util_sh.py'
[6.227s] INFO:colcon.colcon_core.shell:Creating prefix chain script '/home/willwu/Capstone-2023/install/setup.sh'
[6.233s] INFO:colcon.colcon_core.shell:Creating prefix script '/home/willwu/Capstone-2023/install/local_setup.bash'
[6.235s] INFO:colcon.colcon_core.shell:Creating prefix chain script '/home/willwu/Capstone-2023/install/setup.bash'
[6.241s] INFO:colcon.colcon_core.shell:Creating prefix script '/home/willwu/Capstone-2023/install/local_setup.zsh'
[6.243s] INFO:colcon.colcon_core.shell:Creating prefix chain script '/home/willwu/Capstone-2023/install/setup.zsh'
