running egg_info
writing ../build/picar_sys/picar_sys.egg-info/PKG-INFO
writing dependency_links to ../build/picar_sys/picar_sys.egg-info/dependency_links.txt
writing entry points to ../build/picar_sys/picar_sys.egg-info/entry_points.txt
writing requirements to ../build/picar_sys/picar_sys.egg-info/requires.txt
writing top-level names to ../build/picar_sys/picar_sys.egg-info/top_level.txt
reading manifest file '../build/picar_sys/picar_sys.egg-info/SOURCES.txt'
writing manifest file '../build/picar_sys/picar_sys.egg-info/SOURCES.txt'
running build
running build_py
copying drivers/gps_driver.py -> /home/willwu/Capstone-2023/picar_ros2_ws/src/build/picar_sys/build/lib/drivers
running install
running install_lib
copying /home/willwu/Capstone-2023/picar_ros2_ws/src/build/picar_sys/build/lib/drivers/gps_driver.py -> /home/willwu/Capstone-2023/picar_ros2_ws/src/install/picar_sys/lib/python3.10/site-packages/drivers
byte-compiling /home/willwu/Capstone-2023/picar_ros2_ws/src/install/picar_sys/lib/python3.10/site-packages/drivers/gps_driver.py to gps_driver.cpython-310.pyc
running install_data
running install_egg_info
removing '/home/willwu/Capstone-2023/picar_ros2_ws/src/install/picar_sys/lib/python3.10/site-packages/picar_sys-0.0.0-py3.10.egg-info' (and everything under it)
Copying ../build/picar_sys/picar_sys.egg-info to /home/willwu/Capstone-2023/picar_ros2_ws/src/install/picar_sys/lib/python3.10/site-packages/picar_sys-0.0.0-py3.10.egg-info
running install_scripts
Installing imu script to /home/willwu/Capstone-2023/picar_ros2_ws/src/install/picar_sys/lib/picar_sys
Installing rpm script to /home/willwu/Capstone-2023/picar_ros2_ws/src/install/picar_sys/lib/picar_sys
Installing server script to /home/willwu/Capstone-2023/picar_ros2_ws/src/install/picar_sys/lib/picar_sys
Installing test_sub script to /home/willwu/Capstone-2023/picar_ros2_ws/src/install/picar_sys/lib/picar_sys
writing list of installed files to '/home/willwu/Capstone-2023/picar_ros2_ws/src/build/picar_sys/install.log'
